
          /\      |‾‾| /‾‾/   /‾‾/   
     /\  /  \     |  |/  /   /  /    
    /  \/    \    |     (   /   ‾‾\  
   /          \   |  |\  \ |  (‾)  | 
  / __________ \  |__| \__\ \_____/ .io

     execution: local
        script: /scripts/medium.js
        output: Prometheus remote write (http://prometheus:9090/api/v1/write)

     scenarios: (100.00%) 1 scenario, 30 max VUs, 5m0s max duration (incl. graceful stop):
              * default: Up to 30 looping VUs for 4m30s over 3 stages (gracefulRampDown: 30s, gracefulStop: 30s)


running (0m01.0s), 01/30 VUs, 4 complete and 0 interrupted iterations
default   [   0% ] 01/30 VUs  0m01.0s/4m30.0s

running (0m02.0s), 01/30 VUs, 10 complete and 0 interrupted iterations
default   [   1% ] 01/30 VUs  0m02.0s/4m30.0s

running (0m03.0s), 02/30 VUs, 14 complete and 0 interrupted iterations
default   [   1% ] 02/30 VUs  0m03.0s/4m30.0s

running (0m04.0s), 02/30 VUs, 19 complete and 0 interrupted iterations
default   [   1% ] 02/30 VUs  0m04.0s/4m30.0s

running (0m05.0s), 03/30 VUs, 29 complete and 0 interrupted iterations
default   [   2% ] 03/30 VUs  0m05.0s/4m30.0s

running (0m06.0s), 03/30 VUs, 39 complete and 0 interrupted iterations
default   [   2% ] 03/30 VUs  0m06.0s/4m30.0s

running (0m07.0s), 04/30 VUs, 49 complete and 0 interrupted iterations
default   [   3% ] 04/30 VUs  0m07.0s/4m30.0s

running (0m08.0s), 04/30 VUs, 59 complete and 0 interrupted iterations
default   [   3% ] 04/30 VUs  0m08.0s/4m30.0s

running (0m09.0s), 05/30 VUs, 79 complete and 0 interrupted iterations
default   [   3% ] 05/30 VUs  0m09.0s/4m30.0s

running (0m10.0s), 05/30 VUs, 95 complete and 0 interrupted iterations
default   [   4% ] 05/30 VUs  0m10.0s/4m30.0s

running (0m11.0s), 06/30 VUs, 108 complete and 0 interrupted iterations
default   [   4% ] 06/30 VUs  0m11.0s/4m30.0s

running (0m12.0s), 06/30 VUs, 128 complete and 0 interrupted iterations
default   [   4% ] 06/30 VUs  0m12.0s/4m30.0s

running (0m13.0s), 07/30 VUs, 151 complete and 0 interrupted iterations
default   [   5% ] 07/30 VUs  0m13.0s/4m30.0s

running (0m14.0s), 07/30 VUs, 173 complete and 0 interrupted iterations
default   [   5% ] 07/30 VUs  0m14.0s/4m30.0s

running (0m15.0s), 08/30 VUs, 187 complete and 0 interrupted iterations
default   [   6% ] 08/30 VUs  0m15.0s/4m30.0s

running (0m16.0s), 08/30 VUs, 189 complete and 0 interrupted iterations
default   [   6% ] 08/30 VUs  0m16.0s/4m30.0s

running (0m17.0s), 09/30 VUs, 195 complete and 0 interrupted iterations
default   [   6% ] 09/30 VUs  0m17.0s/4m30.0s

running (0m18.0s), 09/30 VUs, 200 complete and 0 interrupted iterations
default   [   7% ] 09/30 VUs  0m18.0s/4m30.0s

running (0m19.0s), 10/30 VUs, 200 complete and 0 interrupted iterations
default   [   7% ] 10/30 VUs  0m19.0s/4m30.0s

running (0m20.0s), 10/30 VUs, 217 complete and 0 interrupted iterations
default   [   7% ] 10/30 VUs  0m20.0s/4m30.0s

running (0m21.0s), 11/30 VUs, 225 complete and 0 interrupted iterations
default   [   8% ] 11/30 VUs  0m21.0s/4m30.0s

running (0m22.0s), 11/30 VUs, 225 complete and 0 interrupted iterations
default   [   8% ] 11/30 VUs  0m22.0s/4m30.0s

running (0m23.0s), 12/30 VUs, 248 complete and 0 interrupted iterations
default   [   9% ] 12/30 VUs  0m23.0s/4m30.0s

running (0m24.0s), 12/30 VUs, 257 complete and 0 interrupted iterations
default   [   9% ] 12/30 VUs  0m24.0s/4m30.0s

running (0m25.0s), 13/30 VUs, 257 complete and 0 interrupted iterations
default   [   9% ] 13/30 VUs  0m25.0s/4m30.0s

running (0m26.0s), 13/30 VUs, 276 complete and 0 interrupted iterations
default   [  10% ] 13/30 VUs  0m26.0s/4m30.0s

running (0m27.0s), 14/30 VUs, 285 complete and 0 interrupted iterations
default   [  10% ] 14/30 VUs  0m27.0s/4m30.0s

running (0m28.0s), 14/30 VUs, 285 complete and 0 interrupted iterations
default   [  10% ] 14/30 VUs  0m28.0s/4m30.0s

running (0m29.0s), 15/30 VUs, 318 complete and 0 interrupted iterations
default   [  11% ] 15/30 VUs  0m29.0s/4m30.0s

running (0m30.0s), 15/30 VUs, 373 complete and 0 interrupted iterations
default   [  11% ] 15/30 VUs  0m30.0s/4m30.0s

running (0m31.0s), 15/30 VUs, 402 complete and 0 interrupted iterations
default   [  11% ] 15/30 VUs  0m31.0s/4m30.0s

running (0m32.0s), 16/30 VUs, 422 complete and 0 interrupted iterations
default   [  12% ] 16/30 VUs  0m32.0s/4m30.0s

running (0m33.0s), 16/30 VUs, 425 complete and 0 interrupted iterations
default   [  12% ] 16/30 VUs  0m33.0s/4m30.0s

running (0m34.0s), 17/30 VUs, 426 complete and 0 interrupted iterations
default   [  13% ] 17/30 VUs  0m34.0s/4m30.0s

running (0m35.0s), 17/30 VUs, 445 complete and 0 interrupted iterations
default   [  13% ] 17/30 VUs  0m35.0s/4m30.0s

running (0m36.0s), 18/30 VUs, 506 complete and 0 interrupted iterations
default   [  13% ] 18/30 VUs  0m36.0s/4m30.0s

running (0m37.0s), 18/30 VUs, 569 complete and 0 interrupted iterations
default   [  14% ] 18/30 VUs  0m37.0s/4m30.0s

running (0m38.0s), 19/30 VUs, 616 complete and 0 interrupted iterations
default   [  14% ] 19/30 VUs  0m38.0s/4m30.0s

running (0m39.0s), 19/30 VUs, 616 complete and 0 interrupted iterations
default   [  14% ] 19/30 VUs  0m39.0s/4m30.0s

running (0m40.0s), 20/30 VUs, 617 complete and 0 interrupted iterations
default   [  15% ] 20/30 VUs  0m40.0s/4m30.0s

running (0m41.0s), 20/30 VUs, 630 complete and 0 interrupted iterations
default   [  15% ] 20/30 VUs  0m41.0s/4m30.0s

running (0m42.0s), 21/30 VUs, 639 complete and 0 interrupted iterations
default   [  16% ] 21/30 VUs  0m42.0s/4m30.0s

running (0m43.0s), 21/30 VUs, 681 complete and 0 interrupted iterations
default   [  16% ] 21/30 VUs  0m43.0s/4m30.0s

running (0m44.0s), 22/30 VUs, 723 complete and 0 interrupted iterations
default   [  16% ] 22/30 VUs  0m44.0s/4m30.0s

running (0m45.0s), 22/30 VUs, 746 complete and 0 interrupted iterations
default   [  17% ] 22/30 VUs  0m45.0s/4m30.0s

running (0m46.0s), 23/30 VUs, 746 complete and 0 interrupted iterations
default   [  17% ] 23/30 VUs  0m46.0s/4m30.0s

running (0m47.0s), 23/30 VUs, 758 complete and 0 interrupted iterations
default   [  17% ] 23/30 VUs  0m47.0s/4m30.0s

running (0m48.0s), 24/30 VUs, 796 complete and 0 interrupted iterations
default   [  18% ] 24/30 VUs  0m48.0s/4m30.0s

running (0m49.0s), 24/30 VUs, 828 complete and 0 interrupted iterations
default   [  18% ] 24/30 VUs  0m49.0s/4m30.0s

running (0m50.0s), 25/30 VUs, 873 complete and 0 interrupted iterations
default   [  19% ] 25/30 VUs  0m50.0s/4m30.0s

running (0m51.0s), 25/30 VUs, 923 complete and 0 interrupted iterations
default   [  19% ] 25/30 VUs  0m51.0s/4m30.0s

running (0m52.0s), 26/30 VUs, 981 complete and 0 interrupted iterations
default   [  19% ] 26/30 VUs  0m52.0s/4m30.0s

running (0m53.0s), 26/30 VUs, 1015 complete and 0 interrupted iterations
default   [  20% ] 26/30 VUs  0m53.0s/4m30.0s

running (0m54.0s), 27/30 VUs, 1036 complete and 0 interrupted iterations
default   [  20% ] 27/30 VUs  0m54.0s/4m30.0s

running (0m55.0s), 27/30 VUs, 1052 complete and 0 interrupted iterations
default   [  20% ] 27/30 VUs  0m55.0s/4m30.0s

running (0m56.0s), 28/30 VUs, 1093 complete and 0 interrupted iterations
default   [  21% ] 28/30 VUs  0m56.0s/4m30.0s

running (0m57.0s), 28/30 VUs, 1165 complete and 0 interrupted iterations
default   [  21% ] 28/30 VUs  0m57.0s/4m30.0s

running (0m58.0s), 29/30 VUs, 1178 complete and 0 interrupted iterations
default   [  21% ] 29/30 VUs  0m58.0s/4m30.0s

running (0m59.0s), 29/30 VUs, 1178 complete and 0 interrupted iterations
default   [  22% ] 29/30 VUs  0m59.0s/4m30.0s

running (1m00.0s), 29/30 VUs, 1213 complete and 0 interrupted iterations
default   [  22% ] 29/30 VUs  1m00.0s/4m30.0s

running (1m01.0s), 30/30 VUs, 1239 complete and 0 interrupted iterations
default   [  23% ] 30/30 VUs  1m01.0s/4m30.0s

running (1m02.0s), 30/30 VUs, 1240 complete and 0 interrupted iterations
default   [  23% ] 30/30 VUs  1m02.0s/4m30.0s

running (1m03.0s), 30/30 VUs, 1261 complete and 0 interrupted iterations
default   [  23% ] 30/30 VUs  1m03.0s/4m30.0s

running (1m04.0s), 30/30 VUs, 1289 complete and 0 interrupted iterations
default   [  24% ] 30/30 VUs  1m04.0s/4m30.0s

running (1m05.0s), 30/30 VUs, 1290 complete and 0 interrupted iterations
default   [  24% ] 30/30 VUs  1m05.0s/4m30.0s

running (1m06.0s), 30/30 VUs, 1330 complete and 0 interrupted iterations
default   [  24% ] 30/30 VUs  1m06.0s/4m30.0s

running (1m07.0s), 30/30 VUs, 1405 complete and 0 interrupted iterations
default   [  25% ] 30/30 VUs  1m07.0s/4m30.0s

running (1m08.0s), 30/30 VUs, 1477 complete and 0 interrupted iterations
default   [  25% ] 30/30 VUs  1m08.0s/4m30.0s

running (1m09.0s), 30/30 VUs, 1524 complete and 0 interrupted iterations
default   [  26% ] 30/30 VUs  1m09.0s/4m30.0s

running (1m10.0s), 30/30 VUs, 1545 complete and 0 interrupted iterations
default   [  26% ] 30/30 VUs  1m10.0s/4m30.0s

running (1m11.0s), 30/30 VUs, 1585 complete and 0 interrupted iterations
default   [  26% ] 30/30 VUs  1m11.0s/4m30.0s

running (1m12.0s), 30/30 VUs, 1609 complete and 0 interrupted iterations
default   [  27% ] 30/30 VUs  1m12.0s/4m30.0s

running (1m13.0s), 30/30 VUs, 1641 complete and 0 interrupted iterations
default   [  27% ] 30/30 VUs  1m13.0s/4m30.0s

running (1m14.0s), 30/30 VUs, 1695 complete and 0 interrupted iterations
default   [  27% ] 30/30 VUs  1m14.0s/4m30.0s

running (1m15.0s), 30/30 VUs, 1730 complete and 0 interrupted iterations
default   [  28% ] 30/30 VUs  1m15.0s/4m30.0s

running (1m16.0s), 30/30 VUs, 1735 complete and 0 interrupted iterations
default   [  28% ] 30/30 VUs  1m16.0s/4m30.0s

running (1m17.0s), 30/30 VUs, 1751 complete and 0 interrupted iterations
default   [  29% ] 30/30 VUs  1m17.0s/4m30.0s

running (1m18.0s), 30/30 VUs, 1798 complete and 0 interrupted iterations
default   [  29% ] 30/30 VUs  1m18.0s/4m30.0s

running (1m19.0s), 30/30 VUs, 1804 complete and 0 interrupted iterations
default   [  29% ] 30/30 VUs  1m19.0s/4m30.0s

running (1m20.0s), 30/30 VUs, 1804 complete and 0 interrupted iterations
default   [  30% ] 30/30 VUs  1m20.0s/4m30.0s

running (1m21.0s), 30/30 VUs, 1855 complete and 0 interrupted iterations
default   [  30% ] 30/30 VUs  1m21.0s/4m30.0s

running (1m22.0s), 30/30 VUs, 1898 complete and 0 interrupted iterations
default   [  30% ] 30/30 VUs  1m22.0s/4m30.0s

running (1m23.0s), 30/30 VUs, 1915 complete and 0 interrupted iterations
default   [  31% ] 30/30 VUs  1m23.0s/4m30.0s

running (1m24.0s), 30/30 VUs, 1944 complete and 0 interrupted iterations
default   [  31% ] 30/30 VUs  1m24.0s/4m30.0s

running (1m25.0s), 30/30 VUs, 1994 complete and 0 interrupted iterations
default   [  31% ] 30/30 VUs  1m25.0s/4m30.0s

running (1m26.0s), 30/30 VUs, 2042 complete and 0 interrupted iterations
default   [  32% ] 30/30 VUs  1m26.0s/4m30.0s

running (1m27.0s), 30/30 VUs, 2066 complete and 0 interrupted iterations
default   [  32% ] 30/30 VUs  1m27.0s/4m30.0s

running (1m28.0s), 30/30 VUs, 2068 complete and 0 interrupted iterations
default   [  33% ] 30/30 VUs  1m28.0s/4m30.0s

running (1m29.0s), 30/30 VUs, 2101 complete and 0 interrupted iterations
default   [  33% ] 30/30 VUs  1m29.0s/4m30.0s

running (1m30.0s), 30/30 VUs, 2155 complete and 0 interrupted iterations
default   [  33% ] 30/30 VUs  1m30.0s/4m30.0s

running (1m31.0s), 30/30 VUs, 2159 complete and 0 interrupted iterations
default   [  34% ] 30/30 VUs  1m31.0s/4m30.0s

running (1m32.0s), 30/30 VUs, 2161 complete and 0 interrupted iterations
default   [  34% ] 30/30 VUs  1m32.0s/4m30.0s

running (1m33.0s), 30/30 VUs, 2185 complete and 0 interrupted iterations
default   [  34% ] 30/30 VUs  1m33.0s/4m30.0s

running (1m34.0s), 30/30 VUs, 2230 complete and 0 interrupted iterations
default   [  35% ] 30/30 VUs  1m34.0s/4m30.0s

running (1m35.0s), 30/30 VUs, 2273 complete and 0 interrupted iterations
default   [  35% ] 30/30 VUs  1m35.0s/4m30.0s

running (1m36.0s), 30/30 VUs, 2291 complete and 0 interrupted iterations
default   [  36% ] 30/30 VUs  1m36.0s/4m30.0s

running (1m37.0s), 30/30 VUs, 2338 complete and 0 interrupted iterations
default   [  36% ] 30/30 VUs  1m37.0s/4m30.0s

running (1m38.0s), 30/30 VUs, 2390 complete and 0 interrupted iterations
default   [  36% ] 30/30 VUs  1m38.0s/4m30.0s

running (1m39.0s), 30/30 VUs, 2436 complete and 0 interrupted iterations
default   [  37% ] 30/30 VUs  1m39.0s/4m30.0s

running (1m40.0s), 30/30 VUs, 2476 complete and 0 interrupted iterations
default   [  37% ] 30/30 VUs  1m40.0s/4m30.0s

running (1m41.0s), 30/30 VUs, 2490 complete and 0 interrupted iterations
default   [  37% ] 30/30 VUs  1m41.0s/4m30.0s

running (1m42.0s), 30/30 VUs, 2495 complete and 0 interrupted iterations
default   [  38% ] 30/30 VUs  1m42.0s/4m30.0s

running (1m43.0s), 30/30 VUs, 2529 complete and 0 interrupted iterations
default   [  38% ] 30/30 VUs  1m43.0s/4m30.0s

running (1m44.0s), 30/30 VUs, 2586 complete and 0 interrupted iterations
default   [  39% ] 30/30 VUs  1m44.0s/4m30.0s

running (1m45.0s), 30/30 VUs, 2644 complete and 0 interrupted iterations
default   [  39% ] 30/30 VUs  1m45.0s/4m30.0s

running (1m46.0s), 30/30 VUs, 2659 complete and 0 interrupted iterations
default   [  39% ] 30/30 VUs  1m46.0s/4m30.0s

running (1m47.0s), 30/30 VUs, 2667 complete and 0 interrupted iterations
default   [  40% ] 30/30 VUs  1m47.0s/4m30.0s

running (1m48.0s), 30/30 VUs, 2705 complete and 0 interrupted iterations
default   [  40% ] 30/30 VUs  1m48.0s/4m30.0s

running (1m49.0s), 30/30 VUs, 2728 complete and 0 interrupted iterations
default   [  40% ] 30/30 VUs  1m49.0s/4m30.0s

running (1m50.0s), 30/30 VUs, 2731 complete and 0 interrupted iterations
default   [  41% ] 30/30 VUs  1m50.0s/4m30.0s

running (1m51.0s), 30/30 VUs, 2744 complete and 0 interrupted iterations
default   [  41% ] 30/30 VUs  1m51.0s/4m30.0s

running (1m52.0s), 30/30 VUs, 2788 complete and 0 interrupted iterations
default   [  41% ] 30/30 VUs  1m52.0s/4m30.0s

running (1m53.0s), 30/30 VUs, 2822 complete and 0 interrupted iterations
default   [  42% ] 30/30 VUs  1m53.0s/4m30.0s

running (1m54.0s), 30/30 VUs, 2824 complete and 0 interrupted iterations
default   [  42% ] 30/30 VUs  1m54.0s/4m30.0s

running (1m55.0s), 30/30 VUs, 2832 complete and 0 interrupted iterations
default   [  43% ] 30/30 VUs  1m55.0s/4m30.0s

running (1m56.0s), 30/30 VUs, 2846 complete and 0 interrupted iterations
default   [  43% ] 30/30 VUs  1m56.0s/4m30.0s

running (1m57.0s), 30/30 VUs, 2846 complete and 0 interrupted iterations
default   [  43% ] 30/30 VUs  1m57.0s/4m30.0s

running (1m58.0s), 30/30 VUs, 2866 complete and 0 interrupted iterations
default   [  44% ] 30/30 VUs  1m58.0s/4m30.0s

running (1m59.0s), 30/30 VUs, 2891 complete and 0 interrupted iterations
default   [  44% ] 30/30 VUs  1m59.0s/4m30.0s

running (2m00.0s), 30/30 VUs, 2894 complete and 0 interrupted iterations
default   [  44% ] 30/30 VUs  2m00.0s/4m30.0s

running (2m01.0s), 30/30 VUs, 2919 complete and 0 interrupted iterations
default   [  45% ] 30/30 VUs  2m01.0s/4m30.0s

running (2m02.0s), 30/30 VUs, 2943 complete and 0 interrupted iterations
default   [  45% ] 30/30 VUs  2m02.0s/4m30.0s

running (2m03.0s), 30/30 VUs, 2964 complete and 0 interrupted iterations
default   [  46% ] 30/30 VUs  2m03.0s/4m30.0s

running (2m04.0s), 30/30 VUs, 3002 complete and 0 interrupted iterations
default   [  46% ] 30/30 VUs  2m04.0s/4m30.0s

running (2m05.0s), 30/30 VUs, 3008 complete and 0 interrupted iterations
default   [  46% ] 30/30 VUs  2m05.0s/4m30.0s

running (2m06.0s), 30/30 VUs, 3017 complete and 0 interrupted iterations
default   [  47% ] 30/30 VUs  2m06.0s/4m30.0s

running (2m07.0s), 30/30 VUs, 3056 complete and 0 interrupted iterations
default   [  47% ] 30/30 VUs  2m07.0s/4m30.0s

running (2m08.0s), 30/30 VUs, 3075 complete and 0 interrupted iterations
default   [  47% ] 30/30 VUs  2m08.0s/4m30.0s

running (2m09.0s), 30/30 VUs, 3078 complete and 0 interrupted iterations
default   [  48% ] 30/30 VUs  2m09.0s/4m30.0s

running (2m10.0s), 30/30 VUs, 3125 complete and 0 interrupted iterations
default   [  48% ] 30/30 VUs  2m10.0s/4m30.0s

running (2m11.0s), 30/30 VUs, 3151 complete and 0 interrupted iterations
default   [  49% ] 30/30 VUs  2m11.0s/4m30.0s

running (2m12.0s), 30/30 VUs, 3151 complete and 0 interrupted iterations
default   [  49% ] 30/30 VUs  2m12.0s/4m30.0s

running (2m13.0s), 30/30 VUs, 3177 complete and 0 interrupted iterations
default   [  49% ] 30/30 VUs  2m13.0s/4m30.0s

running (2m14.0s), 30/30 VUs, 3190 complete and 0 interrupted iterations
default   [  50% ] 30/30 VUs  2m14.0s/4m30.0s

running (2m15.0s), 30/30 VUs, 3190 complete and 0 interrupted iterations
default   [  50% ] 30/30 VUs  2m15.0s/4m30.0s

running (2m16.0s), 30/30 VUs, 3221 complete and 0 interrupted iterations
default   [  50% ] 30/30 VUs  2m16.0s/4m30.0s

running (2m17.0s), 30/30 VUs, 3256 complete and 0 interrupted iterations
default   [  51% ] 30/30 VUs  2m17.0s/4m30.0s

running (2m18.0s), 30/30 VUs, 3256 complete and 0 interrupted iterations
default   [  51% ] 30/30 VUs  2m18.0s/4m30.0s

running (2m19.0s), 30/30 VUs, 3287 complete and 0 interrupted iterations
default   [  51% ] 30/30 VUs  2m19.0s/4m30.0s

running (2m20.0s), 30/30 VUs, 3324 complete and 0 interrupted iterations
default   [  52% ] 30/30 VUs  2m20.0s/4m30.0s

running (2m21.0s), 30/30 VUs, 3361 complete and 0 interrupted iterations
default   [  52% ] 30/30 VUs  2m21.0s/4m30.0s

running (2m22.0s), 30/30 VUs, 3386 complete and 0 interrupted iterations
default   [  53% ] 30/30 VUs  2m22.0s/4m30.0s

running (2m23.0s), 30/30 VUs, 3388 complete and 0 interrupted iterations
default   [  53% ] 30/30 VUs  2m23.0s/4m30.0s

running (2m24.0s), 30/30 VUs, 3388 complete and 0 interrupted iterations
default   [  53% ] 30/30 VUs  2m24.0s/4m30.0s

running (2m25.0s), 30/30 VUs, 3431 complete and 0 interrupted iterations
default   [  54% ] 30/30 VUs  2m25.0s/4m30.0s

running (2m26.0s), 30/30 VUs, 3486 complete and 0 interrupted iterations
default   [  54% ] 30/30 VUs  2m26.0s/4m30.0s

running (2m27.0s), 30/30 VUs, 3488 complete and 0 interrupted iterations
default   [  54% ] 30/30 VUs  2m27.0s/4m30.0s

running (2m28.0s), 30/30 VUs, 3490 complete and 0 interrupted iterations
default   [  55% ] 30/30 VUs  2m28.0s/4m30.0s

running (2m29.0s), 30/30 VUs, 3518 complete and 0 interrupted iterations
default   [  55% ] 30/30 VUs  2m29.0s/4m30.0s

running (2m30.0s), 30/30 VUs, 3518 complete and 0 interrupted iterations
default   [  56% ] 30/30 VUs  2m30.0s/4m30.0s

running (2m31.0s), 30/30 VUs, 3527 complete and 0 interrupted iterations
default   [  56% ] 30/30 VUs  2m31.0s/4m30.0s

running (2m32.0s), 30/30 VUs, 3571 complete and 0 interrupted iterations
default   [  56% ] 30/30 VUs  2m32.0s/4m30.0s

running (2m33.0s), 30/30 VUs, 3610 complete and 0 interrupted iterations
default   [  57% ] 30/30 VUs  2m33.0s/4m30.0s

running (2m34.0s), 30/30 VUs, 3610 complete and 0 interrupted iterations
default   [  57% ] 30/30 VUs  2m34.0s/4m30.0s

running (2m35.0s), 30/30 VUs, 3633 complete and 0 interrupted iterations
default   [  57% ] 30/30 VUs  2m35.0s/4m30.0s

running (2m36.0s), 30/30 VUs, 3677 complete and 0 interrupted iterations
default   [  58% ] 30/30 VUs  2m36.0s/4m30.0s

running (2m37.0s), 30/30 VUs, 3682 complete and 0 interrupted iterations
default   [  58% ] 30/30 VUs  2m37.0s/4m30.0s

running (2m38.0s), 30/30 VUs, 3682 complete and 0 interrupted iterations
default   [  59% ] 30/30 VUs  2m38.0s/4m30.0s

running (2m39.0s), 30/30 VUs, 3731 complete and 0 interrupted iterations
default   [  59% ] 30/30 VUs  2m39.0s/4m30.0s

running (2m40.0s), 30/30 VUs, 3777 complete and 0 interrupted iterations
default   [  59% ] 30/30 VUs  2m40.0s/4m30.0s

running (2m41.0s), 30/30 VUs, 3782 complete and 0 interrupted iterations
default   [  60% ] 30/30 VUs  2m41.0s/4m30.0s

running (2m42.0s), 30/30 VUs, 3783 complete and 0 interrupted iterations
default   [  60% ] 30/30 VUs  2m42.0s/4m30.0s

running (2m43.0s), 30/30 VUs, 3795 complete and 0 interrupted iterations
default   [  60% ] 30/30 VUs  2m43.0s/4m30.0s

running (2m44.0s), 30/30 VUs, 3831 complete and 0 interrupted iterations
default   [  61% ] 30/30 VUs  2m44.0s/4m30.0s

running (2m45.0s), 30/30 VUs, 3867 complete and 0 interrupted iterations
default   [  61% ] 30/30 VUs  2m45.0s/4m30.0s

running (2m46.0s), 30/30 VUs, 3901 complete and 0 interrupted iterations
default   [  61% ] 30/30 VUs  2m46.0s/4m30.0s

running (2m47.0s), 30/30 VUs, 3920 complete and 0 interrupted iterations
default   [  62% ] 30/30 VUs  2m47.0s/4m30.0s

running (2m48.0s), 30/30 VUs, 3944 complete and 0 interrupted iterations
default   [  62% ] 30/30 VUs  2m48.0s/4m30.0s

running (2m49.0s), 30/30 VUs, 3962 complete and 0 interrupted iterations
default   [  63% ] 30/30 VUs  2m49.0s/4m30.0s

running (2m50.0s), 30/30 VUs, 4002 complete and 0 interrupted iterations
default   [  63% ] 30/30 VUs  2m50.0s/4m30.0s

running (2m51.0s), 30/30 VUs, 4057 complete and 0 interrupted iterations
default   [  63% ] 30/30 VUs  2m51.0s/4m30.0s

running (2m52.0s), 30/30 VUs, 4106 complete and 0 interrupted iterations
default   [  64% ] 30/30 VUs  2m52.0s/4m30.0s

running (2m53.0s), 30/30 VUs, 4141 complete and 0 interrupted iterations
default   [  64% ] 30/30 VUs  2m53.0s/4m30.0s

running (2m54.0s), 30/30 VUs, 4180 complete and 0 interrupted iterations
default   [  64% ] 30/30 VUs  2m54.0s/4m30.0s

running (2m55.0s), 30/30 VUs, 4227 complete and 0 interrupted iterations
default   [  65% ] 30/30 VUs  2m55.0s/4m30.0s

running (2m56.0s), 30/30 VUs, 4277 complete and 0 interrupted iterations
default   [  65% ] 30/30 VUs  2m56.0s/4m30.0s

running (2m57.0s), 30/30 VUs, 4297 complete and 0 interrupted iterations
default   [  66% ] 30/30 VUs  2m57.0s/4m30.0s

running (2m58.0s), 30/30 VUs, 4322 complete and 0 interrupted iterations
default   [  66% ] 30/30 VUs  2m58.0s/4m30.0s

running (2m59.0s), 30/30 VUs, 4364 complete and 0 interrupted iterations
default   [  66% ] 30/30 VUs  2m59.0s/4m30.0s

running (3m00.0s), 30/30 VUs, 4405 complete and 0 interrupted iterations
default   [  67% ] 30/30 VUs  3m00.0s/4m30.0s

running (3m01.0s), 30/30 VUs, 4449 complete and 0 interrupted iterations
default   [  67% ] 30/30 VUs  3m01.0s/4m30.0s

running (3m02.0s), 30/30 VUs, 4501 complete and 0 interrupted iterations
default   [  67% ] 30/30 VUs  3m02.0s/4m30.0s

running (3m03.0s), 30/30 VUs, 4540 complete and 0 interrupted iterations
default   [  68% ] 30/30 VUs  3m03.0s/4m30.0s

running (3m04.0s), 30/30 VUs, 4558 complete and 0 interrupted iterations
default   [  68% ] 30/30 VUs  3m04.0s/4m30.0s

running (3m05.0s), 30/30 VUs, 4558 complete and 0 interrupted iterations
default   [  69% ] 30/30 VUs  3m05.0s/4m30.0s

running (3m06.0s), 30/30 VUs, 4575 complete and 0 interrupted iterations
default   [  69% ] 30/30 VUs  3m06.0s/4m30.0s

running (3m07.0s), 30/30 VUs, 4604 complete and 0 interrupted iterations
default   [  69% ] 30/30 VUs  3m07.0s/4m30.0s

running (3m08.0s), 30/30 VUs, 4604 complete and 0 interrupted iterations
default   [  70% ] 30/30 VUs  3m08.0s/4m30.0s

running (3m09.0s), 30/30 VUs, 4621 complete and 0 interrupted iterations
default   [  70% ] 30/30 VUs  3m09.0s/4m30.0s

running (3m10.0s), 30/30 VUs, 4669 complete and 0 interrupted iterations
default   [  70% ] 30/30 VUs  3m10.0s/4m30.0s

running (3m11.0s), 30/30 VUs, 4674 complete and 0 interrupted iterations
default   [  71% ] 30/30 VUs  3m11.0s/4m30.0s

running (3m12.0s), 30/30 VUs, 4680 complete and 0 interrupted iterations
default   [  71% ] 30/30 VUs  3m12.0s/4m30.0s

running (3m13.0s), 30/30 VUs, 4701 complete and 0 interrupted iterations
default   [  71% ] 30/30 VUs  3m13.0s/4m30.0s

running (3m14.0s), 30/30 VUs, 4742 complete and 0 interrupted iterations
default   [  72% ] 30/30 VUs  3m14.0s/4m30.0s

running (3m15.0s), 30/30 VUs, 4800 complete and 0 interrupted iterations
default   [  72% ] 30/30 VUs  3m15.0s/4m30.0s

running (3m16.0s), 30/30 VUs, 4801 complete and 0 interrupted iterations
default   [  73% ] 30/30 VUs  3m16.0s/4m30.0s

running (3m17.0s), 30/30 VUs, 4801 complete and 0 interrupted iterations
default   [  73% ] 30/30 VUs  3m17.0s/4m30.0s

running (3m18.0s), 30/30 VUs, 4846 complete and 0 interrupted iterations
default   [  73% ] 30/30 VUs  3m18.0s/4m30.0s

running (3m19.0s), 30/30 VUs, 4891 complete and 0 interrupted iterations
default   [  74% ] 30/30 VUs  3m19.0s/4m30.0s

running (3m20.0s), 30/30 VUs, 4927 complete and 0 interrupted iterations
default   [  74% ] 30/30 VUs  3m20.0s/4m30.0s

running (3m21.0s), 30/30 VUs, 4951 complete and 0 interrupted iterations
default   [  74% ] 30/30 VUs  3m21.0s/4m30.0s

running (3m22.0s), 30/30 VUs, 4959 complete and 0 interrupted iterations
default   [  75% ] 30/30 VUs  3m22.0s/4m30.0s

running (3m23.0s), 30/30 VUs, 4978 complete and 0 interrupted iterations
default   [  75% ] 30/30 VUs  3m23.0s/4m30.0s

running (3m24.0s), 30/30 VUs, 5028 complete and 0 interrupted iterations
default   [  76% ] 30/30 VUs  3m24.0s/4m30.0s

running (3m25.0s), 30/30 VUs, 5061 complete and 0 interrupted iterations
default   [  76% ] 30/30 VUs  3m25.0s/4m30.0s

running (3m26.0s), 30/30 VUs, 5116 complete and 0 interrupted iterations
default   [  76% ] 30/30 VUs  3m26.0s/4m30.0s

running (3m27.0s), 30/30 VUs, 5149 complete and 0 interrupted iterations
default   [  77% ] 30/30 VUs  3m27.0s/4m30.0s

running (3m28.0s), 30/30 VUs, 5149 complete and 0 interrupted iterations
default   [  77% ] 30/30 VUs  3m28.0s/4m30.0s

running (3m29.0s), 30/30 VUs, 5159 complete and 0 interrupted iterations
default   [  77% ] 30/30 VUs  3m29.0s/4m30.0s

running (3m30.0s), 30/30 VUs, 5190 complete and 0 interrupted iterations
default   [  78% ] 30/30 VUs  3m30.0s/4m30.0s

running (3m31.0s), 30/30 VUs, 5191 complete and 0 interrupted iterations
default   [  78% ] 30/30 VUs  3m31.0s/4m30.0s

running (3m31.9s), 30/30 VUs, 5205 complete and 0 interrupted iterations
default   [  79% ] 30/30 VUs  3m32.0s/4m30.0s

running (3m32.9s), 30/30 VUs, 5240 complete and 0 interrupted iterations
default   [  79% ] 30/30 VUs  3m33.0s/4m30.0s

running (3m33.9s), 30/30 VUs, 5240 complete and 0 interrupted iterations
default   [  79% ] 30/30 VUs  3m34.0s/4m30.0s

running (3m34.9s), 30/30 VUs, 5248 complete and 0 interrupted iterations
default   [  80% ] 30/30 VUs  3m35.0s/4m30.0s

running (3m35.9s), 30/30 VUs, 5275 complete and 0 interrupted iterations
default   [  80% ] 30/30 VUs  3m36.0s/4m30.0s

running (3m36.9s), 30/30 VUs, 5275 complete and 0 interrupted iterations
default   [  80% ] 30/30 VUs  3m37.0s/4m30.0s

running (3m37.9s), 30/30 VUs, 5294 complete and 0 interrupted iterations
default   [  81% ] 30/30 VUs  3m38.0s/4m30.0s

running (3m38.9s), 30/30 VUs, 5364 complete and 0 interrupted iterations
default   [  81% ] 30/30 VUs  3m39.0s/4m30.0s

running (3m39.9s), 30/30 VUs, 5364 complete and 0 interrupted iterations
default   [  81% ] 30/30 VUs  3m40.0s/4m30.0s

running (3m40.9s), 30/30 VUs, 5364 complete and 0 interrupted iterations
default   [  82% ] 30/30 VUs  3m41.0s/4m30.0s

running (3m41.9s), 30/30 VUs, 5401 complete and 0 interrupted iterations
default   [  82% ] 30/30 VUs  3m42.0s/4m30.0s

running (3m42.9s), 30/30 VUs, 5448 complete and 0 interrupted iterations
default   [  83% ] 30/30 VUs  3m43.0s/4m30.0s

running (3m43.9s), 30/30 VUs, 5525 complete and 0 interrupted iterations
default   [  83% ] 30/30 VUs  3m44.0s/4m30.0s

running (3m44.9s), 30/30 VUs, 5562 complete and 0 interrupted iterations
default   [  83% ] 30/30 VUs  3m45.0s/4m30.0s

running (3m45.9s), 30/30 VUs, 5604 complete and 0 interrupted iterations
default   [  84% ] 30/30 VUs  3m46.0s/4m30.0s

running (3m46.9s), 30/30 VUs, 5652 complete and 0 interrupted iterations
default   [  84% ] 30/30 VUs  3m47.0s/4m30.0s

running (3m47.9s), 30/30 VUs, 5685 complete and 0 interrupted iterations
default   [  84% ] 30/30 VUs  3m48.0s/4m30.0s

running (3m48.9s), 30/30 VUs, 5685 complete and 0 interrupted iterations
default   [  85% ] 30/30 VUs  3m49.0s/4m30.0s

running (3m49.9s), 30/30 VUs, 5699 complete and 0 interrupted iterations
default   [  85% ] 30/30 VUs  3m50.0s/4m30.0s

running (3m50.9s), 30/30 VUs, 5731 complete and 0 interrupted iterations
default   [  86% ] 30/30 VUs  3m51.0s/4m30.0s

running (3m51.9s), 30/30 VUs, 5764 complete and 0 interrupted iterations
default   [  86% ] 30/30 VUs  3m52.0s/4m30.0s

running (3m52.9s), 30/30 VUs, 5803 complete and 0 interrupted iterations
default   [  86% ] 30/30 VUs  3m53.0s/4m30.0s

running (3m53.9s), 30/30 VUs, 5830 complete and 0 interrupted iterations
default   [  87% ] 30/30 VUs  3m54.0s/4m30.0s

running (3m54.9s), 30/30 VUs, 5868 complete and 0 interrupted iterations
default   [  87% ] 30/30 VUs  3m55.0s/4m30.0s

running (3m55.9s), 30/30 VUs, 5871 complete and 0 interrupted iterations
default   [  87% ] 30/30 VUs  3m56.0s/4m30.0s

running (3m56.9s), 30/30 VUs, 5905 complete and 0 interrupted iterations
default   [  88% ] 30/30 VUs  3m57.0s/4m30.0s

running (3m57.9s), 30/30 VUs, 5932 complete and 0 interrupted iterations
default   [  88% ] 30/30 VUs  3m58.0s/4m30.0s

running (3m58.9s), 30/30 VUs, 5932 complete and 0 interrupted iterations
default   [  89% ] 30/30 VUs  3m59.0s/4m30.0s

running (3m59.9s), 30/30 VUs, 5938 complete and 0 interrupted iterations
default   [  89% ] 30/30 VUs  4m00.0s/4m30.0s

running (4m00.9s), 30/30 VUs, 5992 complete and 0 interrupted iterations
default   [  89% ] 30/30 VUs  4m01.0s/4m30.0s

running (4m01.9s), 29/30 VUs, 6011 complete and 0 interrupted iterations
default   [  90% ] 29/30 VUs  4m02.0s/4m30.0s

running (4m02.9s), 28/30 VUs, 6024 complete and 0 interrupted iterations
default   [  90% ] 28/30 VUs  4m03.0s/4m30.0s

running (4m03.9s), 27/30 VUs, 6059 complete and 0 interrupted iterations
default   [  90% ] 27/30 VUs  4m04.0s/4m30.0s

running (4m04.9s), 26/30 VUs, 6103 complete and 0 interrupted iterations
default   [  91% ] 26/30 VUs  4m05.0s/4m30.0s

running (4m05.9s), 25/30 VUs, 6129 complete and 0 interrupted iterations
default   [  91% ] 25/30 VUs  4m06.0s/4m30.0s

running (4m06.9s), 25/30 VUs, 6136 complete and 0 interrupted iterations
default   [  91% ] 25/30 VUs  4m07.0s/4m30.0s

running (4m07.9s), 24/30 VUs, 6145 complete and 0 interrupted iterations
default   [  92% ] 24/30 VUs  4m08.0s/4m30.0s

running (4m08.9s), 22/30 VUs, 6191 complete and 0 interrupted iterations
default   [  92% ] 22/30 VUs  4m09.0s/4m30.0s

running (4m09.9s), 21/30 VUs, 6235 complete and 0 interrupted iterations
default   [  93% ] 21/30 VUs  4m10.0s/4m30.0s

running (4m10.9s), 21/30 VUs, 6262 complete and 0 interrupted iterations
default   [  93% ] 21/30 VUs  4m11.0s/4m30.0s

running (4m11.9s), 20/30 VUs, 6300 complete and 0 interrupted iterations
default   [  93% ] 20/30 VUs  4m12.0s/4m30.0s

running (4m12.9s), 19/30 VUs, 6354 complete and 0 interrupted iterations
default   [  94% ] 19/30 VUs  4m13.0s/4m30.0s

running (4m13.9s), 17/30 VUs, 6392 complete and 0 interrupted iterations
default   [  94% ] 17/30 VUs  4m14.0s/4m30.0s

running (4m14.9s), 16/30 VUs, 6419 complete and 0 interrupted iterations
default   [  94% ] 16/30 VUs  4m15.0s/4m30.0s

running (4m15.9s), 16/30 VUs, 6428 complete and 0 interrupted iterations
default   [  95% ] 16/30 VUs  4m16.0s/4m30.0s

running (4m16.9s), 14/30 VUs, 6473 complete and 0 interrupted iterations
default   [  95% ] 14/30 VUs  4m17.0s/4m30.0s

running (4m17.9s), 13/30 VUs, 6520 complete and 0 interrupted iterations
default   [  96% ] 13/30 VUs  4m18.0s/4m30.0s

running (4m18.9s), 12/30 VUs, 6566 complete and 0 interrupted iterations
default   [  96% ] 12/30 VUs  4m19.0s/4m30.0s

running (4m19.9s), 11/30 VUs, 6605 complete and 0 interrupted iterations
default   [  96% ] 11/30 VUs  4m20.0s/4m30.0s

running (4m20.9s), 10/30 VUs, 6625 complete and 0 interrupted iterations
default   [  97% ] 10/30 VUs  4m21.0s/4m30.0s

running (4m21.9s), 09/30 VUs, 6634 complete and 0 interrupted iterations
default   [  97% ] 09/30 VUs  4m22.0s/4m30.0s

running (4m22.9s), 08/30 VUs, 6649 complete and 0 interrupted iterations
default   [  97% ] 08/30 VUs  4m23.0s/4m30.0s

running (4m23.9s), 07/30 VUs, 6675 complete and 0 interrupted iterations
default   [  98% ] 07/30 VUs  4m24.0s/4m30.0s

running (4m24.9s), 06/30 VUs, 6695 complete and 0 interrupted iterations
default   [  98% ] 06/30 VUs  4m25.0s/4m30.0s

running (4m25.9s), 05/30 VUs, 6712 complete and 0 interrupted iterations
default   [  99% ] 05/30 VUs  4m26.0s/4m30.0s

running (4m26.9s), 04/30 VUs, 6722 complete and 0 interrupted iterations
default   [  99% ] 04/30 VUs  4m27.0s/4m30.0s

running (4m27.9s), 04/30 VUs, 6723 complete and 0 interrupted iterations
default   [  99% ] 04/30 VUs  4m28.0s/4m30.0s

running (4m28.9s), 03/30 VUs, 6730 complete and 0 interrupted iterations
default   [ 100% ] 03/30 VUs  4m29.0s/4m30.0s

running (4m29.9s), 01/30 VUs, 6736 complete and 0 interrupted iterations
default   [ 100% ] 01/30 VUs  4m30.0s/4m30.0s

     ✗ status 200
      ↳  93% — ✓ 6275 / ✗ 462

     checks.........................: 93.14% ✓ 6275      ✗ 462 
     data_received..................: 1.9 MB 7.1 kB/s
     data_sent......................: 1.2 MB 4.4 kB/s
     http_req_blocked...............: avg=8.67µs   min=1.67µs  med=5.15µs   max=1.54ms p(90)=8.27µs   p(95)=9.87µs  
     http_req_connecting............: avg=1.92µs   min=0s      med=0s       max=1ms    p(90)=0s       p(95)=0s      
   ✓ http_req_duration..............: avg=805.03ms min=1.46ms  med=371.29ms max=7.33s  p(90)=2.56s    p(95)=2.82s   
       { expected_response:true }...: avg=813.25ms min=21.12ms med=376.32ms max=7.33s  p(90)=2.58s    p(95)=2.83s   
   ✓ http_req_failed................: 6.85%  ✓ 462       ✗ 6275
     http_req_receiving.............: avg=132.66µs min=19.52µs med=99.06µs  max=5.35ms p(90)=150.84µs p(95)=242.03µs
     http_req_sending...............: avg=48.84µs  min=8.64µs  med=42.82µs  max=8.77ms p(90)=84.58µs  p(95)=98.57µs 
     http_req_tls_handshaking.......: avg=0s       min=0s      med=0s       max=0s     p(90)=0s       p(95)=0s      
     http_req_waiting...............: avg=804.85ms min=1.37ms  med=370.97ms max=7.33s  p(90)=2.56s    p(95)=2.82s   
     http_reqs......................: 6737   24.925928/s
     iteration_duration.............: avg=1s       min=61.11ms med=580.23ms max=7.62s  p(90)=2.77s    p(95)=3.03s   
     iterations.....................: 6737   24.925928/s
     test_errors....................: 462    1.709333/s
     test_latency_ms................: avg=805.21ms min=1ms     med=372ms    max=7.33s  p(90)=2.56s    p(95)=2.82s   
     test_slow_requests.............: 1152   4.262234/s
     vus............................: 1      min=1       max=30
     vus_max........................: 30     min=30      max=30


running (4m30.3s), 00/30 VUs, 6737 complete and 0 interrupted iterations
default ✓ [ 100% ] 00/30 VUs  4m30s
