
          /\      |‾‾| /‾‾/   /‾‾/   
     /\  /  \     |  |/  /   /  /    
    /  \/    \    |     (   /   ‾‾\  
   /          \   |  |\  \ |  (‾)  | 
  / __________ \  |__| \__\ \_____/ .io

     execution: local
        script: /scripts/stress.js
        output: Prometheus remote write (http://prometheus:9090/api/v1/write)

     scenarios: (100.00%) 1 scenario, 100 max VUs, 8m30s max duration (incl. graceful stop):
              * default: Up to 100 looping VUs for 8m0s over 4 stages (gracefulRampDown: 30s, gracefulStop: 30s)


running (0m01.0s), 001/100 VUs, 17 complete and 0 interrupted iterations
default   [   0% ] 001/100 VUs  0m01.0s/8m00.0s

running (0m02.0s), 002/100 VUs, 48 complete and 0 interrupted iterations
default   [   0% ] 002/100 VUs  0m02.0s/8m00.0s

running (0m03.0s), 003/100 VUs, 66 complete and 0 interrupted iterations
default   [   1% ] 003/100 VUs  0m03.0s/8m00.0s

running (0m04.0s), 004/100 VUs, 73 complete and 0 interrupted iterations
default   [   1% ] 004/100 VUs  0m04.0s/8m00.0s

running (0m05.0s), 005/100 VUs, 86 complete and 0 interrupted iterations
default   [   1% ] 005/100 VUs  0m05.0s/8m00.0s

running (0m06.0s), 005/100 VUs, 91 complete and 0 interrupted iterations
default   [   1% ] 005/100 VUs  0m06.0s/8m00.0s

running (0m07.0s), 006/100 VUs, 108 complete and 0 interrupted iterations
default   [   1% ] 006/100 VUs  0m07.0s/8m00.0s

running (0m08.0s), 007/100 VUs, 167 complete and 0 interrupted iterations
default   [   2% ] 007/100 VUs  0m08.0s/8m00.0s

running (0m09.0s), 008/100 VUs, 234 complete and 0 interrupted iterations
default   [   2% ] 008/100 VUs  0m09.0s/8m00.0s

running (0m10.0s), 009/100 VUs, 238 complete and 0 interrupted iterations
default   [   2% ] 009/100 VUs  0m10.0s/8m00.0s

running (0m11.0s), 009/100 VUs, 256 complete and 0 interrupted iterations
default   [   2% ] 009/100 VUs  0m11.0s/8m00.0s

running (0m12.0s), 010/100 VUs, 262 complete and 0 interrupted iterations
default   [   2% ] 010/100 VUs  0m12.0s/8m00.0s

running (0m13.0s), 011/100 VUs, 262 complete and 0 interrupted iterations
default   [   3% ] 011/100 VUs  0m13.0s/8m00.0s

running (0m14.0s), 012/100 VUs, 284 complete and 0 interrupted iterations
default   [   3% ] 012/100 VUs  0m14.0s/8m00.0s

running (0m15.0s), 013/100 VUs, 326 complete and 0 interrupted iterations
default   [   3% ] 013/100 VUs  0m15.0s/8m00.0s

running (0m16.0s), 014/100 VUs, 326 complete and 0 interrupted iterations
default   [   3% ] 014/100 VUs  0m16.0s/8m00.0s

running (0m17.0s), 014/100 VUs, 329 complete and 0 interrupted iterations
default   [   4% ] 014/100 VUs  0m17.0s/8m00.0s

running (0m18.0s), 015/100 VUs, 352 complete and 0 interrupted iterations
default   [   4% ] 015/100 VUs  0m18.0s/8m00.0s

running (0m19.0s), 016/100 VUs, 375 complete and 0 interrupted iterations
default   [   4% ] 016/100 VUs  0m19.0s/8m00.0s

running (0m20.0s), 017/100 VUs, 390 complete and 0 interrupted iterations
default   [   4% ] 017/100 VUs  0m20.0s/8m00.0s

running (0m21.0s), 018/100 VUs, 400 complete and 0 interrupted iterations
default   [   4% ] 018/100 VUs  0m21.0s/8m00.0s

running (0m22.0s), 018/100 VUs, 415 complete and 0 interrupted iterations
default   [   5% ] 018/100 VUs  0m22.0s/8m00.0s

running (0m23.0s), 019/100 VUs, 435 complete and 0 interrupted iterations
default   [   5% ] 019/100 VUs  0m23.0s/8m00.0s

running (0m24.0s), 020/100 VUs, 440 complete and 0 interrupted iterations
default   [   5% ] 020/100 VUs  0m24.0s/8m00.0s

running (0m25.0s), 021/100 VUs, 440 complete and 0 interrupted iterations
default   [   5% ] 021/100 VUs  0m25.0s/8m00.0s

running (0m26.0s), 022/100 VUs, 480 complete and 0 interrupted iterations
default   [   5% ] 022/100 VUs  0m26.0s/8m00.0s

running (0m27.0s), 023/100 VUs, 488 complete and 0 interrupted iterations
default   [   6% ] 023/100 VUs  0m27.0s/8m00.0s

running (0m28.0s), 023/100 VUs, 488 complete and 0 interrupted iterations
default   [   6% ] 023/100 VUs  0m28.0s/8m00.0s

running (0m29.0s), 024/100 VUs, 512 complete and 0 interrupted iterations
default   [   6% ] 024/100 VUs  0m29.0s/8m00.0s

running (0m30.0s), 025/100 VUs, 556 complete and 0 interrupted iterations
default   [   6% ] 025/100 VUs  0m30.0s/8m00.0s

running (0m31.0s), 026/100 VUs, 556 complete and 0 interrupted iterations
default   [   6% ] 026/100 VUs  0m31.0s/8m00.0s

running (0m32.0s), 027/100 VUs, 557 complete and 0 interrupted iterations
default   [   7% ] 027/100 VUs  0m32.0s/8m00.0s

running (0m33.0s), 027/100 VUs, 588 complete and 0 interrupted iterations
default   [   7% ] 027/100 VUs  0m33.0s/8m00.0s

running (0m34.0s), 028/100 VUs, 620 complete and 0 interrupted iterations
default   [   7% ] 028/100 VUs  0m34.0s/8m00.0s

running (0m35.0s), 029/100 VUs, 634 complete and 0 interrupted iterations
default   [   7% ] 029/100 VUs  0m35.0s/8m00.0s

running (0m36.0s), 030/100 VUs, 654 complete and 0 interrupted iterations
default   [   7% ] 030/100 VUs  0m36.0s/8m00.0s

running (0m37.0s), 031/100 VUs, 669 complete and 0 interrupted iterations
default   [   8% ] 031/100 VUs  0m37.0s/8m00.0s

running (0m38.0s), 032/100 VUs, 699 complete and 0 interrupted iterations
default   [   8% ] 032/100 VUs  0m38.0s/8m00.0s

running (0m39.0s), 032/100 VUs, 741 complete and 0 interrupted iterations
default   [   8% ] 032/100 VUs  0m39.0s/8m00.0s

running (0m40.0s), 033/100 VUs, 771 complete and 0 interrupted iterations
default   [   8% ] 033/100 VUs  0m40.0s/8m00.0s

running (0m41.0s), 034/100 VUs, 799 complete and 0 interrupted iterations
default   [   9% ] 034/100 VUs  0m41.0s/8m00.0s

running (0m42.0s), 035/100 VUs, 833 complete and 0 interrupted iterations
default   [   9% ] 035/100 VUs  0m42.0s/8m00.0s

running (0m43.0s), 036/100 VUs, 835 complete and 0 interrupted iterations
default   [   9% ] 036/100 VUs  0m43.0s/8m00.0s

running (0m44.0s), 036/100 VUs, 852 complete and 0 interrupted iterations
default   [   9% ] 036/100 VUs  0m44.0s/8m00.0s

running (0m45.0s), 037/100 VUs, 875 complete and 0 interrupted iterations
default   [   9% ] 037/100 VUs  0m45.0s/8m00.0s

running (0m46.0s), 038/100 VUs, 911 complete and 0 interrupted iterations
default   [  10% ] 038/100 VUs  0m46.0s/8m00.0s

running (0m47.0s), 039/100 VUs, 955 complete and 0 interrupted iterations
default   [  10% ] 039/100 VUs  0m47.0s/8m00.0s

running (0m48.0s), 040/100 VUs, 1027 complete and 0 interrupted iterations
default   [  10% ] 040/100 VUs  0m48.0s/8m00.0s

running (0m49.0s), 041/100 VUs, 1049 complete and 0 interrupted iterations
default   [  10% ] 041/100 VUs  0m49.0s/8m00.0s

running (0m50.0s), 041/100 VUs, 1069 complete and 0 interrupted iterations
default   [  10% ] 041/100 VUs  0m50.0s/8m00.0s

running (0m51.0s), 042/100 VUs, 1070 complete and 0 interrupted iterations
default   [  11% ] 042/100 VUs  0m51.0s/8m00.0s

running (0m52.0s), 043/100 VUs, 1088 complete and 0 interrupted iterations
default   [  11% ] 043/100 VUs  0m52.0s/8m00.0s

running (0m53.0s), 044/100 VUs, 1140 complete and 0 interrupted iterations
default   [  11% ] 044/100 VUs  0m53.0s/8m00.0s

running (0m54.0s), 045/100 VUs, 1140 complete and 0 interrupted iterations
default   [  11% ] 045/100 VUs  0m54.0s/8m00.0s

running (0m55.0s), 045/100 VUs, 1142 complete and 0 interrupted iterations
default   [  11% ] 045/100 VUs  0m55.0s/8m00.0s

running (0m56.0s), 046/100 VUs, 1188 complete and 0 interrupted iterations
default   [  12% ] 046/100 VUs  0m56.0s/8m00.0s

running (0m57.0s), 047/100 VUs, 1221 complete and 0 interrupted iterations
default   [  12% ] 047/100 VUs  0m57.0s/8m00.0s

running (0m58.0s), 048/100 VUs, 1254 complete and 0 interrupted iterations
default   [  12% ] 048/100 VUs  0m58.0s/8m00.0s

running (0m59.0s), 049/100 VUs, 1312 complete and 0 interrupted iterations
default   [  12% ] 049/100 VUs  0m59.0s/8m00.0s

running (1m00.0s), 049/100 VUs, 1332 complete and 0 interrupted iterations
default   [  12% ] 049/100 VUs  1m00.0s/8m00.0s

running (1m01.0s), 050/100 VUs, 1332 complete and 0 interrupted iterations
default   [  13% ] 050/100 VUs  1m01.0s/8m00.0s

running (1m02.0s), 051/100 VUs, 1349 complete and 0 interrupted iterations
default   [  13% ] 051/100 VUs  1m02.0s/8m00.0s

running (1m03.0s), 052/100 VUs, 1398 complete and 0 interrupted iterations
default   [  13% ] 052/100 VUs  1m03.0s/8m00.0s

running (1m04.0s), 053/100 VUs, 1398 complete and 0 interrupted iterations
default   [  13% ] 053/100 VUs  1m04.0s/8m00.0s

running (1m05.0s), 054/100 VUs, 1398 complete and 0 interrupted iterations
default   [  14% ] 054/100 VUs  1m05.0s/8m00.0s

running (1m06.0s), 054/100 VUs, 1440 complete and 0 interrupted iterations
default   [  14% ] 054/100 VUs  1m06.0s/8m00.0s

running (1m07.0s), 055/100 VUs, 1440 complete and 0 interrupted iterations
default   [  14% ] 055/100 VUs  1m07.0s/8m00.0s

running (1m08.0s), 056/100 VUs, 1441 complete and 0 interrupted iterations
default   [  14% ] 056/100 VUs  1m08.0s/8m00.0s

running (1m09.0s), 057/100 VUs, 1488 complete and 0 interrupted iterations
default   [  14% ] 057/100 VUs  1m09.0s/8m00.0s

running (1m10.0s), 058/100 VUs, 1527 complete and 0 interrupted iterations
default   [  15% ] 058/100 VUs  1m10.0s/8m00.0s

running (1m11.0s), 059/100 VUs, 1527 complete and 0 interrupted iterations
default   [  15% ] 059/100 VUs  1m11.0s/8m00.0s

running (1m12.0s), 059/100 VUs, 1538 complete and 0 interrupted iterations
default   [  15% ] 059/100 VUs  1m12.0s/8m00.0s

running (1m13.0s), 060/100 VUs, 1596 complete and 0 interrupted iterations
default   [  15% ] 060/100 VUs  1m13.0s/8m00.0s

running (1m14.0s), 061/100 VUs, 1605 complete and 0 interrupted iterations
default   [  15% ] 061/100 VUs  1m14.0s/8m00.0s

running (1m15.0s), 062/100 VUs, 1605 complete and 0 interrupted iterations
default   [  16% ] 062/100 VUs  1m15.0s/8m00.0s

running (1m16.0s), 063/100 VUs, 1653 complete and 0 interrupted iterations
default   [  16% ] 063/100 VUs  1m16.0s/8m00.0s

running (1m17.0s), 064/100 VUs, 1713 complete and 0 interrupted iterations
default   [  16% ] 064/100 VUs  1m17.0s/8m00.0s

running (1m18.0s), 064/100 VUs, 1753 complete and 0 interrupted iterations
default   [  16% ] 064/100 VUs  1m18.0s/8m00.0s

running (1m19.0s), 065/100 VUs, 1754 complete and 0 interrupted iterations
default   [  16% ] 065/100 VUs  1m19.0s/8m00.0s

running (1m20.0s), 066/100 VUs, 1797 complete and 0 interrupted iterations
default   [  17% ] 066/100 VUs  1m20.0s/8m00.0s

running (1m21.0s), 067/100 VUs, 1806 complete and 0 interrupted iterations
default   [  17% ] 067/100 VUs  1m21.0s/8m00.0s

running (1m22.0s), 068/100 VUs, 1806 complete and 0 interrupted iterations
default   [  17% ] 068/100 VUs  1m22.0s/8m00.0s

running (1m23.0s), 069/100 VUs, 1809 complete and 0 interrupted iterations
default   [  17% ] 069/100 VUs  1m23.0s/8m00.0s

running (1m24.0s), 069/100 VUs, 1818 complete and 0 interrupted iterations
default   [  17% ] 069/100 VUs  1m24.0s/8m00.0s

running (1m25.0s), 070/100 VUs, 1818 complete and 0 interrupted iterations
default   [  18% ] 070/100 VUs  1m25.0s/8m00.0s

running (1m26.0s), 071/100 VUs, 1845 complete and 0 interrupted iterations
default   [  18% ] 071/100 VUs  1m26.0s/8m00.0s

running (1m27.0s), 072/100 VUs, 1865 complete and 0 interrupted iterations
default   [  18% ] 072/100 VUs  1m27.0s/8m00.0s

running (1m28.0s), 073/100 VUs, 1865 complete and 0 interrupted iterations
default   [  18% ] 073/100 VUs  1m28.0s/8m00.0s

running (1m29.0s), 074/100 VUs, 1881 complete and 0 interrupted iterations
default   [  19% ] 074/100 VUs  1m29.0s/8m00.0s

running (1m30.0s), 074/100 VUs, 1924 complete and 0 interrupted iterations
default   [  19% ] 074/100 VUs  1m30.0s/8m00.0s

running (1m31.0s), 075/100 VUs, 1946 complete and 0 interrupted iterations
default   [  19% ] 075/100 VUs  1m31.0s/8m00.0s

running (1m32.0s), 076/100 VUs, 1997 complete and 0 interrupted iterations
default   [  19% ] 076/100 VUs  1m32.0s/8m00.0s

running (1m33.0s), 077/100 VUs, 2023 complete and 0 interrupted iterations
default   [  19% ] 077/100 VUs  1m33.0s/8m00.0s

running (1m34.0s), 078/100 VUs, 2023 complete and 0 interrupted iterations
default   [  20% ] 078/100 VUs  1m34.0s/8m00.0s

running (1m35.0s), 079/100 VUs, 2036 complete and 0 interrupted iterations
default   [  20% ] 079/100 VUs  1m35.0s/8m00.0s

running (1m36.0s), 079/100 VUs, 2036 complete and 0 interrupted iterations
default   [  20% ] 079/100 VUs  1m36.0s/8m00.0s

running (1m37.0s), 080/100 VUs, 2036 complete and 0 interrupted iterations
default   [  20% ] 080/100 VUs  1m37.0s/8m00.0s

running (1m38.0s), 081/100 VUs, 2090 complete and 0 interrupted iterations
default   [  20% ] 081/100 VUs  1m38.0s/8m00.0s

running (1m39.0s), 082/100 VUs, 2135 complete and 0 interrupted iterations
default   [  21% ] 082/100 VUs  1m39.0s/8m00.0s

running (1m40.0s), 083/100 VUs, 2135 complete and 0 interrupted iterations
default   [  21% ] 083/100 VUs  1m40.0s/8m00.0s

running (1m41.0s), 084/100 VUs, 2137 complete and 0 interrupted iterations
default   [  21% ] 084/100 VUs  1m41.0s/8m00.0s

running (1m42.0s), 084/100 VUs, 2173 complete and 0 interrupted iterations
default   [  21% ] 084/100 VUs  1m42.0s/8m00.0s

running (1m43.0s), 085/100 VUs, 2173 complete and 0 interrupted iterations
default   [  21% ] 085/100 VUs  1m43.0s/8m00.0s

running (1m44.0s), 086/100 VUs, 2176 complete and 0 interrupted iterations
default   [  22% ] 086/100 VUs  1m44.0s/8m00.0s

running (1m45.0s), 087/100 VUs, 2209 complete and 0 interrupted iterations
default   [  22% ] 087/100 VUs  1m45.0s/8m00.0s

running (1m46.0s), 088/100 VUs, 2248 complete and 0 interrupted iterations
default   [  22% ] 088/100 VUs  1m46.0s/8m00.0s

running (1m47.0s), 089/100 VUs, 2251 complete and 0 interrupted iterations
default   [  22% ] 089/100 VUs  1m47.0s/8m00.0s

running (1m48.0s), 089/100 VUs, 2279 complete and 0 interrupted iterations
default   [  22% ] 089/100 VUs  1m48.0s/8m00.0s

running (1m49.0s), 090/100 VUs, 2336 complete and 0 interrupted iterations
default   [  23% ] 090/100 VUs  1m49.0s/8m00.0s

running (1m50.0s), 091/100 VUs, 2407 complete and 0 interrupted iterations
default   [  23% ] 091/100 VUs  1m50.0s/8m00.0s

running (1m51.0s), 092/100 VUs, 2484 complete and 0 interrupted iterations
default   [  23% ] 092/100 VUs  1m51.0s/8m00.0s

running (1m52.0s), 093/100 VUs, 2534 complete and 0 interrupted iterations
default   [  23% ] 093/100 VUs  1m52.0s/8m00.0s

running (1m53.0s), 094/100 VUs, 2611 complete and 0 interrupted iterations
default   [  24% ] 094/100 VUs  1m53.0s/8m00.0s

running (1m54.0s), 094/100 VUs, 2670 complete and 0 interrupted iterations
default   [  24% ] 094/100 VUs  1m54.0s/8m00.0s

running (1m55.0s), 095/100 VUs, 2707 complete and 0 interrupted iterations
default   [  24% ] 095/100 VUs  1m55.0s/8m00.0s

running (1m56.0s), 096/100 VUs, 2735 complete and 0 interrupted iterations
default   [  24% ] 096/100 VUs  1m56.0s/8m00.0s

running (1m57.0s), 097/100 VUs, 2765 complete and 0 interrupted iterations
default   [  24% ] 097/100 VUs  1m57.0s/8m00.0s

running (1m58.0s), 098/100 VUs, 2800 complete and 0 interrupted iterations
default   [  25% ] 098/100 VUs  1m58.0s/8m00.0s

running (1m59.0s), 099/100 VUs, 2834 complete and 0 interrupted iterations
default   [  25% ] 099/100 VUs  1m59.0s/8m00.0s

running (2m00.0s), 099/100 VUs, 2868 complete and 0 interrupted iterations
default   [  25% ] 099/100 VUs  2m00.0s/8m00.0s

running (2m01.0s), 100/100 VUs, 2899 complete and 0 interrupted iterations
default   [  25% ] 100/100 VUs  2m01.0s/8m00.0s

running (2m02.0s), 100/100 VUs, 2936 complete and 0 interrupted iterations
default   [  25% ] 100/100 VUs  2m02.0s/8m00.0s

running (2m03.0s), 100/100 VUs, 2957 complete and 0 interrupted iterations
default   [  26% ] 100/100 VUs  2m03.0s/8m00.0s

running (2m04.0s), 100/100 VUs, 2976 complete and 0 interrupted iterations
default   [  26% ] 100/100 VUs  2m04.0s/8m00.0s

running (2m05.0s), 100/100 VUs, 2998 complete and 0 interrupted iterations
default   [  26% ] 100/100 VUs  2m05.0s/8m00.0s

running (2m06.0s), 100/100 VUs, 3010 complete and 0 interrupted iterations
default   [  26% ] 100/100 VUs  2m06.0s/8m00.0s

running (2m07.0s), 100/100 VUs, 3010 complete and 0 interrupted iterations
default   [  26% ] 100/100 VUs  2m07.0s/8m00.0s

running (2m08.0s), 100/100 VUs, 3017 complete and 0 interrupted iterations
default   [  27% ] 100/100 VUs  2m08.0s/8m00.0s

running (2m09.0s), 100/100 VUs, 3040 complete and 0 interrupted iterations
default   [  27% ] 100/100 VUs  2m09.0s/8m00.0s

running (2m10.0s), 100/100 VUs, 3065 complete and 0 interrupted iterations
default   [  27% ] 100/100 VUs  2m10.0s/8m00.0s

running (2m11.0s), 100/100 VUs, 3091 complete and 0 interrupted iterations
default   [  27% ] 100/100 VUs  2m11.0s/8m00.0s

running (2m12.0s), 100/100 VUs, 3091 complete and 0 interrupted iterations
default   [  27% ] 100/100 VUs  2m12.0s/8m00.0s

running (2m13.0s), 100/100 VUs, 3102 complete and 0 interrupted iterations
default   [  28% ] 100/100 VUs  2m13.0s/8m00.0s

running (2m14.0s), 100/100 VUs, 3103 complete and 0 interrupted iterations
default   [  28% ] 100/100 VUs  2m14.0s/8m00.0s

running (2m15.0s), 100/100 VUs, 3103 complete and 0 interrupted iterations
default   [  28% ] 100/100 VUs  2m15.0s/8m00.0s

running (2m16.0s), 100/100 VUs, 3120 complete and 0 interrupted iterations
default   [  28% ] 100/100 VUs  2m16.0s/8m00.0s

running (2m17.0s), 100/100 VUs, 3148 complete and 0 interrupted iterations
default   [  29% ] 100/100 VUs  2m17.0s/8m00.0s

running (2m18.0s), 100/100 VUs, 3188 complete and 0 interrupted iterations
default   [  29% ] 100/100 VUs  2m18.0s/8m00.0s

running (2m19.0s), 100/100 VUs, 3233 complete and 0 interrupted iterations
default   [  29% ] 100/100 VUs  2m19.0s/8m00.0s

running (2m20.0s), 100/100 VUs, 3302 complete and 0 interrupted iterations
default   [  29% ] 100/100 VUs  2m20.0s/8m00.0s

running (2m21.0s), 100/100 VUs, 3343 complete and 0 interrupted iterations
default   [  29% ] 100/100 VUs  2m21.0s/8m00.0s

running (2m22.0s), 100/100 VUs, 3393 complete and 0 interrupted iterations
default   [  30% ] 100/100 VUs  2m22.0s/8m00.0s

running (2m23.0s), 100/100 VUs, 3419 complete and 0 interrupted iterations
default   [  30% ] 100/100 VUs  2m23.0s/8m00.0s

running (2m24.0s), 100/100 VUs, 3478 complete and 0 interrupted iterations
default   [  30% ] 100/100 VUs  2m24.0s/8m00.0s

running (2m25.0s), 100/100 VUs, 3557 complete and 0 interrupted iterations
default   [  30% ] 100/100 VUs  2m25.0s/8m00.0s

running (2m26.0s), 100/100 VUs, 3574 complete and 0 interrupted iterations
default   [  30% ] 100/100 VUs  2m26.0s/8m00.0s

running (2m27.0s), 100/100 VUs, 3574 complete and 0 interrupted iterations
default   [  31% ] 100/100 VUs  2m27.0s/8m00.0s

running (2m28.0s), 100/100 VUs, 3590 complete and 0 interrupted iterations
default   [  31% ] 100/100 VUs  2m28.0s/8m00.0s

running (2m29.0s), 100/100 VUs, 3634 complete and 0 interrupted iterations
default   [  31% ] 100/100 VUs  2m29.0s/8m00.0s

running (2m30.0s), 100/100 VUs, 3648 complete and 0 interrupted iterations
default   [  31% ] 100/100 VUs  2m30.0s/8m00.0s

running (2m31.0s), 100/100 VUs, 3651 complete and 0 interrupted iterations
default   [  31% ] 100/100 VUs  2m31.0s/8m00.0s

running (2m32.0s), 100/100 VUs, 3663 complete and 0 interrupted iterations
default   [  32% ] 100/100 VUs  2m32.0s/8m00.0s

running (2m33.0s), 100/100 VUs, 3690 complete and 0 interrupted iterations
default   [  32% ] 100/100 VUs  2m33.0s/8m00.0s

running (2m34.0s), 100/100 VUs, 3740 complete and 0 interrupted iterations
default   [  32% ] 100/100 VUs  2m34.0s/8m00.0s

running (2m35.0s), 100/100 VUs, 3809 complete and 0 interrupted iterations
default   [  32% ] 100/100 VUs  2m35.0s/8m00.0s

running (2m36.0s), 100/100 VUs, 3817 complete and 0 interrupted iterations
default   [  32% ] 100/100 VUs  2m36.0s/8m00.0s

running (2m37.0s), 100/100 VUs, 3819 complete and 0 interrupted iterations
default   [  33% ] 100/100 VUs  2m37.0s/8m00.0s

running (2m38.0s), 100/100 VUs, 3836 complete and 0 interrupted iterations
default   [  33% ] 100/100 VUs  2m38.0s/8m00.0s

running (2m39.0s), 100/100 VUs, 3855 complete and 0 interrupted iterations
default   [  33% ] 100/100 VUs  2m39.0s/8m00.0s

running (2m40.0s), 100/100 VUs, 3855 complete and 0 interrupted iterations
default   [  33% ] 100/100 VUs  2m40.0s/8m00.0s

running (2m41.0s), 100/100 VUs, 3879 complete and 0 interrupted iterations
default   [  34% ] 100/100 VUs  2m41.0s/8m00.0s

running (2m42.0s), 100/100 VUs, 3913 complete and 0 interrupted iterations
default   [  34% ] 100/100 VUs  2m42.0s/8m00.0s

running (2m43.0s), 100/100 VUs, 3933 complete and 0 interrupted iterations
default   [  34% ] 100/100 VUs  2m43.0s/8m00.0s

running (2m44.0s), 100/100 VUs, 3949 complete and 0 interrupted iterations
default   [  34% ] 100/100 VUs  2m44.0s/8m00.0s

running (2m45.0s), 100/100 VUs, 3978 complete and 0 interrupted iterations
default   [  34% ] 100/100 VUs  2m45.0s/8m00.0s

running (2m46.0s), 100/100 VUs, 4046 complete and 0 interrupted iterations
default   [  35% ] 100/100 VUs  2m46.0s/8m00.0s

running (2m47.0s), 100/100 VUs, 4111 complete and 0 interrupted iterations
default   [  35% ] 100/100 VUs  2m47.0s/8m00.0s

running (2m48.0s), 100/100 VUs, 4144 complete and 0 interrupted iterations
default   [  35% ] 100/100 VUs  2m48.0s/8m00.0s

running (2m49.0s), 100/100 VUs, 4184 complete and 0 interrupted iterations
default   [  35% ] 100/100 VUs  2m49.0s/8m00.0s

running (2m50.0s), 100/100 VUs, 4215 complete and 0 interrupted iterations
default   [  35% ] 100/100 VUs  2m50.0s/8m00.0s

running (2m51.0s), 100/100 VUs, 4242 complete and 0 interrupted iterations
default   [  36% ] 100/100 VUs  2m51.0s/8m00.0s

running (2m52.0s), 100/100 VUs, 4282 complete and 0 interrupted iterations
default   [  36% ] 100/100 VUs  2m52.0s/8m00.0s

running (2m53.0s), 100/100 VUs, 4319 complete and 0 interrupted iterations
default   [  36% ] 100/100 VUs  2m53.0s/8m00.0s

running (2m54.0s), 100/100 VUs, 4334 complete and 0 interrupted iterations
default   [  36% ] 100/100 VUs  2m54.0s/8m00.0s

running (2m55.0s), 100/100 VUs, 4368 complete and 0 interrupted iterations
default   [  36% ] 100/100 VUs  2m55.0s/8m00.0s

running (2m56.0s), 100/100 VUs, 4403 complete and 0 interrupted iterations
default   [  37% ] 100/100 VUs  2m56.0s/8m00.0s

running (2m57.0s), 100/100 VUs, 4468 complete and 0 interrupted iterations
default   [  37% ] 100/100 VUs  2m57.0s/8m00.0s

running (2m58.0s), 100/100 VUs, 4497 complete and 0 interrupted iterations
default   [  37% ] 100/100 VUs  2m58.0s/8m00.0s

running (2m59.0s), 100/100 VUs, 4512 complete and 0 interrupted iterations
default   [  37% ] 100/100 VUs  2m59.0s/8m00.0s

running (3m00.0s), 100/100 VUs, 4523 complete and 0 interrupted iterations
default   [  37% ] 100/100 VUs  3m00.0s/8m00.0s

running (3m01.0s), 100/100 VUs, 4523 complete and 0 interrupted iterations
default   [  38% ] 100/100 VUs  3m01.0s/8m00.0s

running (3m02.0s), 100/100 VUs, 4537 complete and 0 interrupted iterations
default   [  38% ] 100/100 VUs  3m02.0s/8m00.0s

running (3m03.0s), 100/100 VUs, 4552 complete and 0 interrupted iterations
default   [  38% ] 100/100 VUs  3m03.0s/8m00.0s

running (3m04.0s), 100/100 VUs, 4554 complete and 0 interrupted iterations
default   [  38% ] 100/100 VUs  3m04.0s/8m00.0s

running (3m05.0s), 100/100 VUs, 4562 complete and 0 interrupted iterations
default   [  39% ] 100/100 VUs  3m05.0s/8m00.0s

running (3m06.0s), 100/100 VUs, 4589 complete and 0 interrupted iterations
default   [  39% ] 100/100 VUs  3m06.0s/8m00.0s

running (3m07.0s), 100/100 VUs, 4624 complete and 0 interrupted iterations
default   [  39% ] 100/100 VUs  3m07.0s/8m00.0s

running (3m08.0s), 100/100 VUs, 4673 complete and 0 interrupted iterations
default   [  39% ] 100/100 VUs  3m08.0s/8m00.0s

running (3m09.0s), 100/100 VUs, 4673 complete and 0 interrupted iterations
default   [  39% ] 100/100 VUs  3m09.0s/8m00.0s

running (3m10.0s), 100/100 VUs, 4673 complete and 0 interrupted iterations
default   [  40% ] 100/100 VUs  3m10.0s/8m00.0s

running (3m11.0s), 100/100 VUs, 4718 complete and 0 interrupted iterations
default   [  40% ] 100/100 VUs  3m11.0s/8m00.0s

running (3m12.0s), 100/100 VUs, 4741 complete and 0 interrupted iterations
default   [  40% ] 100/100 VUs  3m12.0s/8m00.0s

running (3m13.0s), 100/100 VUs, 4742 complete and 0 interrupted iterations
default   [  40% ] 100/100 VUs  3m13.0s/8m00.0s

running (3m14.0s), 100/100 VUs, 4768 complete and 0 interrupted iterations
default   [  40% ] 100/100 VUs  3m14.0s/8m00.0s

running (3m15.0s), 100/100 VUs, 4820 complete and 0 interrupted iterations
default   [  41% ] 100/100 VUs  3m15.0s/8m00.0s

running (3m16.0s), 100/100 VUs, 4833 complete and 0 interrupted iterations
default   [  41% ] 100/100 VUs  3m16.0s/8m00.0s

running (3m17.0s), 100/100 VUs, 4833 complete and 0 interrupted iterations
default   [  41% ] 100/100 VUs  3m17.0s/8m00.0s

running (3m18.0s), 100/100 VUs, 4870 complete and 0 interrupted iterations
default   [  41% ] 100/100 VUs  3m18.0s/8m00.0s

running (3m19.0s), 100/100 VUs, 4902 complete and 0 interrupted iterations
default   [  41% ] 100/100 VUs  3m19.0s/8m00.0s

running (3m20.0s), 100/100 VUs, 4939 complete and 0 interrupted iterations
default   [  42% ] 100/100 VUs  3m20.0s/8m00.0s

running (3m21.0s), 100/100 VUs, 4948 complete and 0 interrupted iterations
default   [  42% ] 100/100 VUs  3m21.0s/8m00.0s

running (3m22.0s), 100/100 VUs, 4948 complete and 0 interrupted iterations
default   [  42% ] 100/100 VUs  3m22.0s/8m00.0s

running (3m23.0s), 100/100 VUs, 4960 complete and 0 interrupted iterations
default   [  42% ] 100/100 VUs  3m23.0s/8m00.0s

running (3m24.0s), 100/100 VUs, 4990 complete and 0 interrupted iterations
default   [  42% ] 100/100 VUs  3m24.0s/8m00.0s

running (3m25.0s), 100/100 VUs, 5024 complete and 0 interrupted iterations
default   [  43% ] 100/100 VUs  3m25.0s/8m00.0s

running (3m26.0s), 100/100 VUs, 5063 complete and 0 interrupted iterations
default   [  43% ] 100/100 VUs  3m26.0s/8m00.0s

running (3m27.0s), 100/100 VUs, 5067 complete and 0 interrupted iterations
default   [  43% ] 100/100 VUs  3m27.0s/8m00.0s

running (3m28.0s), 100/100 VUs, 5067 complete and 0 interrupted iterations
default   [  43% ] 100/100 VUs  3m28.0s/8m00.0s

running (3m29.0s), 100/100 VUs, 5082 complete and 0 interrupted iterations
default   [  44% ] 100/100 VUs  3m29.0s/8m00.0s

running (3m30.0s), 100/100 VUs, 5117 complete and 0 interrupted iterations
default   [  44% ] 100/100 VUs  3m30.0s/8m00.0s

running (3m31.0s), 100/100 VUs, 5150 complete and 0 interrupted iterations
default   [  44% ] 100/100 VUs  3m31.0s/8m00.0s

running (3m32.0s), 100/100 VUs, 5215 complete and 0 interrupted iterations
default   [  44% ] 100/100 VUs  3m32.0s/8m00.0s

running (3m33.0s), 100/100 VUs, 5238 complete and 0 interrupted iterations
default   [  44% ] 100/100 VUs  3m33.0s/8m00.0s

running (3m34.0s), 100/100 VUs, 5275 complete and 0 interrupted iterations
default   [  45% ] 100/100 VUs  3m34.0s/8m00.0s

running (3m35.0s), 100/100 VUs, 5318 complete and 0 interrupted iterations
default   [  45% ] 100/100 VUs  3m35.0s/8m00.0s

running (3m36.0s), 100/100 VUs, 5318 complete and 0 interrupted iterations
default   [  45% ] 100/100 VUs  3m36.0s/8m00.0s

running (3m37.0s), 100/100 VUs, 5318 complete and 0 interrupted iterations
default   [  45% ] 100/100 VUs  3m37.0s/8m00.0s

running (3m38.0s), 100/100 VUs, 5341 complete and 0 interrupted iterations
default   [  45% ] 100/100 VUs  3m38.0s/8m00.0s

running (3m39.0s), 100/100 VUs, 5373 complete and 0 interrupted iterations
default   [  46% ] 100/100 VUs  3m39.0s/8m00.0s

running (3m40.0s), 100/100 VUs, 5395 complete and 0 interrupted iterations
default   [  46% ] 100/100 VUs  3m40.0s/8m00.0s

running (3m41.0s), 100/100 VUs, 5421 complete and 0 interrupted iterations
default   [  46% ] 100/100 VUs  3m41.0s/8m00.0s

running (3m42.0s), 100/100 VUs, 5455 complete and 0 interrupted iterations
default   [  46% ] 100/100 VUs  3m42.0s/8m00.0s

running (3m43.0s), 100/100 VUs, 5474 complete and 0 interrupted iterations
default   [  46% ] 100/100 VUs  3m43.0s/8m00.0s

running (3m44.0s), 100/100 VUs, 5474 complete and 0 interrupted iterations
default   [  47% ] 100/100 VUs  3m44.0s/8m00.0s

running (3m45.0s), 100/100 VUs, 5487 complete and 0 interrupted iterations
default   [  47% ] 100/100 VUs  3m45.0s/8m00.0s

running (3m46.0s), 100/100 VUs, 5519 complete and 0 interrupted iterations
default   [  47% ] 100/100 VUs  3m46.0s/8m00.0s

running (3m47.0s), 100/100 VUs, 5519 complete and 0 interrupted iterations
default   [  47% ] 100/100 VUs  3m47.0s/8m00.0s

running (3m48.0s), 100/100 VUs, 5535 complete and 0 interrupted iterations
default   [  47% ] 100/100 VUs  3m48.0s/8m00.0s

running (3m49.0s), 100/100 VUs, 5556 complete and 0 interrupted iterations
default   [  48% ] 100/100 VUs  3m49.0s/8m00.0s

running (3m50.0s), 100/100 VUs, 5577 complete and 0 interrupted iterations
default   [  48% ] 100/100 VUs  3m50.0s/8m00.0s

running (3m51.0s), 100/100 VUs, 5588 complete and 0 interrupted iterations
default   [  48% ] 100/100 VUs  3m51.0s/8m00.0s

running (3m52.0s), 100/100 VUs, 5596 complete and 0 interrupted iterations
default   [  48% ] 100/100 VUs  3m52.0s/8m00.0s

running (3m53.0s), 100/100 VUs, 5620 complete and 0 interrupted iterations
default   [  49% ] 100/100 VUs  3m53.0s/8m00.0s

running (3m54.0s), 100/100 VUs, 5627 complete and 0 interrupted iterations
default   [  49% ] 100/100 VUs  3m54.0s/8m00.0s

running (3m55.0s), 100/100 VUs, 5656 complete and 0 interrupted iterations
default   [  49% ] 100/100 VUs  3m55.0s/8m00.0s

running (3m56.0s), 100/100 VUs, 5706 complete and 0 interrupted iterations
default   [  49% ] 100/100 VUs  3m56.0s/8m00.0s

running (3m57.0s), 100/100 VUs, 5768 complete and 0 interrupted iterations
default   [  49% ] 100/100 VUs  3m57.0s/8m00.0s

running (3m58.0s), 100/100 VUs, 5796 complete and 0 interrupted iterations
default   [  50% ] 100/100 VUs  3m58.0s/8m00.0s

running (3m59.0s), 100/100 VUs, 5796 complete and 0 interrupted iterations
default   [  50% ] 100/100 VUs  3m59.0s/8m00.0s

running (4m00.0s), 100/100 VUs, 5815 complete and 0 interrupted iterations
default   [  50% ] 100/100 VUs  4m00.0s/8m00.0s

running (4m01.0s), 100/100 VUs, 5851 complete and 0 interrupted iterations
default   [  50% ] 100/100 VUs  4m01.0s/8m00.0s

running (4m02.0s), 100/100 VUs, 5865 complete and 0 interrupted iterations
default   [  50% ] 100/100 VUs  4m02.0s/8m00.0s

running (4m03.0s), 100/100 VUs, 5884 complete and 0 interrupted iterations
default   [  51% ] 100/100 VUs  4m03.0s/8m00.0s

running (4m04.0s), 100/100 VUs, 5913 complete and 0 interrupted iterations
default   [  51% ] 100/100 VUs  4m04.0s/8m00.0s

running (4m05.0s), 100/100 VUs, 5971 complete and 0 interrupted iterations
default   [  51% ] 100/100 VUs  4m05.0s/8m00.0s

running (4m06.0s), 100/100 VUs, 6006 complete and 0 interrupted iterations
default   [  51% ] 100/100 VUs  4m06.0s/8m00.0s

running (4m07.0s), 100/100 VUs, 6006 complete and 0 interrupted iterations
default   [  51% ] 100/100 VUs  4m07.0s/8m00.0s

running (4m08.0s), 100/100 VUs, 6035 complete and 0 interrupted iterations
default   [  52% ] 100/100 VUs  4m08.0s/8m00.0s

running (4m09.0s), 100/100 VUs, 6042 complete and 0 interrupted iterations
default   [  52% ] 100/100 VUs  4m09.0s/8m00.0s

running (4m10.0s), 100/100 VUs, 6042 complete and 0 interrupted iterations
default   [  52% ] 100/100 VUs  4m10.0s/8m00.0s

running (4m11.0s), 100/100 VUs, 6056 complete and 0 interrupted iterations
default   [  52% ] 100/100 VUs  4m11.0s/8m00.0s

running (4m12.0s), 100/100 VUs, 6056 complete and 0 interrupted iterations
default   [  52% ] 100/100 VUs  4m12.0s/8m00.0s

running (4m13.0s), 100/100 VUs, 6068 complete and 0 interrupted iterations
default   [  53% ] 100/100 VUs  4m13.0s/8m00.0s

running (4m14.0s), 100/100 VUs, 6093 complete and 0 interrupted iterations
default   [  53% ] 100/100 VUs  4m14.0s/8m00.0s

running (4m15.0s), 100/100 VUs, 6118 complete and 0 interrupted iterations
default   [  53% ] 100/100 VUs  4m15.0s/8m00.0s

running (4m16.0s), 100/100 VUs, 6131 complete and 0 interrupted iterations
default   [  53% ] 100/100 VUs  4m16.0s/8m00.0s

running (4m17.0s), 100/100 VUs, 6137 complete and 0 interrupted iterations
default   [  54% ] 100/100 VUs  4m17.0s/8m00.0s

running (4m18.0s), 100/100 VUs, 6143 complete and 0 interrupted iterations
default   [  54% ] 100/100 VUs  4m18.0s/8m00.0s

running (4m19.0s), 100/100 VUs, 6151 complete and 0 interrupted iterations
default   [  54% ] 100/100 VUs  4m19.0s/8m00.0s

running (4m20.0s), 100/100 VUs, 6170 complete and 0 interrupted iterations
default   [  54% ] 100/100 VUs  4m20.0s/8m00.0s

running (4m21.0s), 100/100 VUs, 6190 complete and 0 interrupted iterations
default   [  54% ] 100/100 VUs  4m21.0s/8m00.0s

running (4m22.0s), 100/100 VUs, 6220 complete and 0 interrupted iterations
default   [  55% ] 100/100 VUs  4m22.0s/8m00.0s

running (4m23.0s), 100/100 VUs, 6253 complete and 0 interrupted iterations
default   [  55% ] 100/100 VUs  4m23.0s/8m00.0s

running (4m24.0s), 100/100 VUs, 6279 complete and 0 interrupted iterations
default   [  55% ] 100/100 VUs  4m24.0s/8m00.0s

running (4m25.0s), 100/100 VUs, 6323 complete and 0 interrupted iterations
default   [  55% ] 100/100 VUs  4m25.0s/8m00.0s

running (4m26.0s), 100/100 VUs, 6351 complete and 0 interrupted iterations
default   [  55% ] 100/100 VUs  4m26.0s/8m00.0s

running (4m27.0s), 100/100 VUs, 6357 complete and 0 interrupted iterations
default   [  56% ] 100/100 VUs  4m27.0s/8m00.0s

running (4m28.0s), 100/100 VUs, 6368 complete and 0 interrupted iterations
default   [  56% ] 100/100 VUs  4m28.0s/8m00.0s

running (4m29.0s), 100/100 VUs, 6436 complete and 0 interrupted iterations
default   [  56% ] 100/100 VUs  4m29.0s/8m00.0s

running (4m30.0s), 100/100 VUs, 6510 complete and 0 interrupted iterations
default   [  56% ] 100/100 VUs  4m30.0s/8m00.0s

running (4m31.0s), 100/100 VUs, 6572 complete and 0 interrupted iterations
default   [  56% ] 100/100 VUs  4m31.0s/8m00.0s

running (4m32.0s), 100/100 VUs, 6630 complete and 0 interrupted iterations
default   [  57% ] 100/100 VUs  4m32.0s/8m00.0s

running (4m33.0s), 100/100 VUs, 6686 complete and 0 interrupted iterations
default   [  57% ] 100/100 VUs  4m33.0s/8m00.0s

running (4m34.0s), 100/100 VUs, 6753 complete and 0 interrupted iterations
default   [  57% ] 100/100 VUs  4m34.0s/8m00.0s

running (4m35.0s), 100/100 VUs, 6761 complete and 0 interrupted iterations
default   [  57% ] 100/100 VUs  4m35.0s/8m00.0s

running (4m36.0s), 100/100 VUs, 6761 complete and 0 interrupted iterations
default   [  57% ] 100/100 VUs  4m36.0s/8m00.0s

running (4m37.0s), 100/100 VUs, 6808 complete and 0 interrupted iterations
default   [  58% ] 100/100 VUs  4m37.0s/8m00.0s

running (4m38.0s), 100/100 VUs, 6859 complete and 0 interrupted iterations
default   [  58% ] 100/100 VUs  4m38.0s/8m00.0s

running (4m39.0s), 100/100 VUs, 6883 complete and 0 interrupted iterations
default   [  58% ] 100/100 VUs  4m39.0s/8m00.0s

running (4m40.0s), 100/100 VUs, 6895 complete and 0 interrupted iterations
default   [  58% ] 100/100 VUs  4m40.0s/8m00.0s

running (4m41.0s), 100/100 VUs, 6904 complete and 0 interrupted iterations
default   [  59% ] 100/100 VUs  4m41.0s/8m00.0s

running (4m42.0s), 100/100 VUs, 6910 complete and 0 interrupted iterations
default   [  59% ] 100/100 VUs  4m42.0s/8m00.0s

running (4m43.0s), 100/100 VUs, 6920 complete and 0 interrupted iterations
default   [  59% ] 100/100 VUs  4m43.0s/8m00.0s

running (4m44.0s), 100/100 VUs, 6921 complete and 0 interrupted iterations
default   [  59% ] 100/100 VUs  4m44.0s/8m00.0s

running (4m45.0s), 100/100 VUs, 6928 complete and 0 interrupted iterations
default   [  59% ] 100/100 VUs  4m45.0s/8m00.0s

running (4m46.0s), 100/100 VUs, 6943 complete and 0 interrupted iterations
default   [  60% ] 100/100 VUs  4m46.0s/8m00.0s

running (4m47.0s), 100/100 VUs, 6965 complete and 0 interrupted iterations
default   [  60% ] 100/100 VUs  4m47.0s/8m00.0s

running (4m48.0s), 100/100 VUs, 6983 complete and 0 interrupted iterations
default   [  60% ] 100/100 VUs  4m48.0s/8m00.0s

running (4m49.0s), 100/100 VUs, 7012 complete and 0 interrupted iterations
default   [  60% ] 100/100 VUs  4m49.0s/8m00.0s

running (4m50.0s), 100/100 VUs, 7039 complete and 0 interrupted iterations
default   [  60% ] 100/100 VUs  4m50.0s/8m00.0s

running (4m51.0s), 100/100 VUs, 7076 complete and 0 interrupted iterations
default   [  61% ] 100/100 VUs  4m51.0s/8m00.0s

running (4m52.0s), 100/100 VUs, 7099 complete and 0 interrupted iterations
default   [  61% ] 100/100 VUs  4m52.0s/8m00.0s

running (4m53.0s), 100/100 VUs, 7105 complete and 0 interrupted iterations
default   [  61% ] 100/100 VUs  4m53.0s/8m00.0s

running (4m54.0s), 100/100 VUs, 7109 complete and 0 interrupted iterations
default   [  61% ] 100/100 VUs  4m54.0s/8m00.0s

running (4m55.0s), 100/100 VUs, 7139 complete and 0 interrupted iterations
default   [  61% ] 100/100 VUs  4m55.0s/8m00.0s

running (4m56.0s), 100/100 VUs, 7152 complete and 0 interrupted iterations
default   [  62% ] 100/100 VUs  4m56.0s/8m00.0s

running (4m57.0s), 100/100 VUs, 7155 complete and 0 interrupted iterations
default   [  62% ] 100/100 VUs  4m57.0s/8m00.0s

running (4m58.0s), 100/100 VUs, 7196 complete and 0 interrupted iterations
default   [  62% ] 100/100 VUs  4m58.0s/8m00.0s

running (4m59.0s), 100/100 VUs, 7269 complete and 0 interrupted iterations
default   [  62% ] 100/100 VUs  4m59.0s/8m00.0s

running (5m00.0s), 100/100 VUs, 7307 complete and 0 interrupted iterations
default   [  62% ] 100/100 VUs  5m00.0s/8m00.0s

running (5m01.0s), 100/100 VUs, 7308 complete and 0 interrupted iterations
default   [  63% ] 100/100 VUs  5m01.0s/8m00.0s

running (5m02.0s), 100/100 VUs, 7308 complete and 0 interrupted iterations
default   [  63% ] 100/100 VUs  5m02.0s/8m00.0s

running (5m03.0s), 100/100 VUs, 7361 complete and 0 interrupted iterations
default   [  63% ] 100/100 VUs  5m03.0s/8m00.0s

running (5m04.0s), 100/100 VUs, 7386 complete and 0 interrupted iterations
default   [  63% ] 100/100 VUs  5m04.0s/8m00.0s

running (5m05.0s), 100/100 VUs, 7416 complete and 0 interrupted iterations
default   [  64% ] 100/100 VUs  5m05.0s/8m00.0s

running (5m06.0s), 100/100 VUs, 7423 complete and 0 interrupted iterations
default   [  64% ] 100/100 VUs  5m06.0s/8m00.0s

running (5m07.0s), 100/100 VUs, 7423 complete and 0 interrupted iterations
default   [  64% ] 100/100 VUs  5m07.0s/8m00.0s

running (5m08.0s), 100/100 VUs, 7436 complete and 0 interrupted iterations
default   [  64% ] 100/100 VUs  5m08.0s/8m00.0s

running (5m09.0s), 100/100 VUs, 7448 complete and 0 interrupted iterations
default   [  64% ] 100/100 VUs  5m09.0s/8m00.0s

running (5m10.0s), 100/100 VUs, 7448 complete and 0 interrupted iterations
default   [  65% ] 100/100 VUs  5m10.0s/8m00.0s

running (5m11.0s), 100/100 VUs, 7461 complete and 0 interrupted iterations
default   [  65% ] 100/100 VUs  5m11.0s/8m00.0s

running (5m12.0s), 100/100 VUs, 7474 complete and 0 interrupted iterations
default   [  65% ] 100/100 VUs  5m12.0s/8m00.0s

running (5m13.0s), 100/100 VUs, 7474 complete and 0 interrupted iterations
default   [  65% ] 100/100 VUs  5m13.0s/8m00.0s

running (5m14.0s), 100/100 VUs, 7491 complete and 0 interrupted iterations
default   [  65% ] 100/100 VUs  5m14.0s/8m00.0s

running (5m15.0s), 100/100 VUs, 7507 complete and 0 interrupted iterations
default   [  66% ] 100/100 VUs  5m15.0s/8m00.0s

running (5m16.0s), 100/100 VUs, 7507 complete and 0 interrupted iterations
default   [  66% ] 100/100 VUs  5m16.0s/8m00.0s

running (5m17.0s), 100/100 VUs, 7529 complete and 0 interrupted iterations
default   [  66% ] 100/100 VUs  5m17.0s/8m00.0s

running (5m18.0s), 100/100 VUs, 7535 complete and 0 interrupted iterations
default   [  66% ] 100/100 VUs  5m18.0s/8m00.0s

running (5m19.0s), 100/100 VUs, 7535 complete and 0 interrupted iterations
default   [  66% ] 100/100 VUs  5m19.0s/8m00.0s

running (5m20.0s), 100/100 VUs, 7565 complete and 0 interrupted iterations
default   [  67% ] 100/100 VUs  5m20.0s/8m00.0s

running (5m21.0s), 100/100 VUs, 7609 complete and 0 interrupted iterations
default   [  67% ] 100/100 VUs  5m21.0s/8m00.0s

running (5m22.0s), 100/100 VUs, 7609 complete and 0 interrupted iterations
default   [  67% ] 100/100 VUs  5m22.0s/8m00.0s

running (5m23.0s), 100/100 VUs, 7633 complete and 0 interrupted iterations
default   [  67% ] 100/100 VUs  5m23.0s/8m00.0s

running (5m24.0s), 100/100 VUs, 7678 complete and 0 interrupted iterations
default   [  67% ] 100/100 VUs  5m24.0s/8m00.0s

running (5m25.0s), 100/100 VUs, 7703 complete and 0 interrupted iterations
default   [  68% ] 100/100 VUs  5m25.0s/8m00.0s

running (5m26.0s), 100/100 VUs, 7712 complete and 0 interrupted iterations
default   [  68% ] 100/100 VUs  5m26.0s/8m00.0s

running (5m27.0s), 100/100 VUs, 7721 complete and 0 interrupted iterations
default   [  68% ] 100/100 VUs  5m27.0s/8m00.0s

running (5m28.0s), 100/100 VUs, 7740 complete and 0 interrupted iterations
default   [  68% ] 100/100 VUs  5m28.0s/8m00.0s

running (5m29.0s), 100/100 VUs, 7778 complete and 0 interrupted iterations
default   [  69% ] 100/100 VUs  5m29.0s/8m00.0s

running (5m30.0s), 100/100 VUs, 7828 complete and 0 interrupted iterations
default   [  69% ] 100/100 VUs  5m30.0s/8m00.0s

running (5m31.0s), 100/100 VUs, 7865 complete and 0 interrupted iterations
default   [  69% ] 100/100 VUs  5m31.0s/8m00.0s

running (5m32.0s), 100/100 VUs, 7903 complete and 0 interrupted iterations
default   [  69% ] 100/100 VUs  5m32.0s/8m00.0s

running (5m33.0s), 100/100 VUs, 7976 complete and 0 interrupted iterations
default   [  69% ] 100/100 VUs  5m33.0s/8m00.0s

running (5m34.0s), 100/100 VUs, 7990 complete and 0 interrupted iterations
default   [  70% ] 100/100 VUs  5m34.0s/8m00.0s

running (5m35.0s), 100/100 VUs, 7990 complete and 0 interrupted iterations
default   [  70% ] 100/100 VUs  5m35.0s/8m00.0s

running (5m36.0s), 100/100 VUs, 8003 complete and 0 interrupted iterations
default   [  70% ] 100/100 VUs  5m36.0s/8m00.0s

running (5m37.0s), 100/100 VUs, 8057 complete and 0 interrupted iterations
default   [  70% ] 100/100 VUs  5m37.0s/8m00.0s

running (5m38.0s), 100/100 VUs, 8087 complete and 0 interrupted iterations
default   [  70% ] 100/100 VUs  5m38.0s/8m00.0s

running (5m39.0s), 100/100 VUs, 8094 complete and 0 interrupted iterations
default   [  71% ] 100/100 VUs  5m39.0s/8m00.0s

running (5m40.0s), 100/100 VUs, 8123 complete and 0 interrupted iterations
default   [  71% ] 100/100 VUs  5m40.0s/8m00.0s

running (5m41.0s), 100/100 VUs, 8134 complete and 0 interrupted iterations
default   [  71% ] 100/100 VUs  5m41.0s/8m00.0s

running (5m42.0s), 100/100 VUs, 8134 complete and 0 interrupted iterations
default   [  71% ] 100/100 VUs  5m42.0s/8m00.0s

running (5m43.0s), 100/100 VUs, 8145 complete and 0 interrupted iterations
default   [  71% ] 100/100 VUs  5m43.0s/8m00.0s

running (5m44.0s), 100/100 VUs, 8167 complete and 0 interrupted iterations
default   [  72% ] 100/100 VUs  5m44.0s/8m00.0s

running (5m45.0s), 100/100 VUs, 8195 complete and 0 interrupted iterations
default   [  72% ] 100/100 VUs  5m45.0s/8m00.0s

running (5m46.0s), 100/100 VUs, 8205 complete and 0 interrupted iterations
default   [  72% ] 100/100 VUs  5m46.0s/8m00.0s

running (5m47.0s), 100/100 VUs, 8209 complete and 0 interrupted iterations
default   [  72% ] 100/100 VUs  5m47.0s/8m00.0s

running (5m47.9s), 100/100 VUs, 8219 complete and 0 interrupted iterations
default   [  72% ] 100/100 VUs  5m48.0s/8m00.0s

running (5m48.9s), 100/100 VUs, 8257 complete and 0 interrupted iterations
default   [  73% ] 100/100 VUs  5m49.0s/8m00.0s

running (5m49.9s), 100/100 VUs, 8281 complete and 0 interrupted iterations
default   [  73% ] 100/100 VUs  5m50.0s/8m00.0s

running (5m50.9s), 100/100 VUs, 8281 complete and 0 interrupted iterations
default   [  73% ] 100/100 VUs  5m51.0s/8m00.0s

running (5m51.9s), 100/100 VUs, 8307 complete and 0 interrupted iterations
default   [  73% ] 100/100 VUs  5m52.0s/8m00.0s

running (5m52.9s), 100/100 VUs, 8350 complete and 0 interrupted iterations
default   [  74% ] 100/100 VUs  5m53.0s/8m00.0s

running (5m53.9s), 100/100 VUs, 8359 complete and 0 interrupted iterations
default   [  74% ] 100/100 VUs  5m54.0s/8m00.0s

running (5m54.9s), 100/100 VUs, 8360 complete and 0 interrupted iterations
default   [  74% ] 100/100 VUs  5m55.0s/8m00.0s

running (5m55.9s), 100/100 VUs, 8367 complete and 0 interrupted iterations
default   [  74% ] 100/100 VUs  5m56.0s/8m00.0s

running (5m56.9s), 100/100 VUs, 8391 complete and 0 interrupted iterations
default   [  74% ] 100/100 VUs  5m57.0s/8m00.0s

running (5m57.9s), 100/100 VUs, 8404 complete and 0 interrupted iterations
default   [  75% ] 100/100 VUs  5m58.0s/8m00.0s

running (5m58.9s), 100/100 VUs, 8431 complete and 0 interrupted iterations
default   [  75% ] 100/100 VUs  5m59.0s/8m00.0s

running (5m59.9s), 100/100 VUs, 8473 complete and 0 interrupted iterations
default   [  75% ] 100/100 VUs  6m00.0s/8m00.0s

running (6m00.9s), 100/100 VUs, 8527 complete and 0 interrupted iterations
default   [  75% ] 100/100 VUs  6m01.0s/8m00.0s

running (6m01.9s), 100/100 VUs, 8535 complete and 0 interrupted iterations
default   [  75% ] 100/100 VUs  6m02.0s/8m00.0s

running (6m02.9s), 100/100 VUs, 8535 complete and 0 interrupted iterations
default   [  76% ] 100/100 VUs  6m03.0s/8m00.0s

running (6m03.9s), 100/100 VUs, 8550 complete and 0 interrupted iterations
default   [  76% ] 100/100 VUs  6m04.0s/8m00.0s

running (6m04.9s), 100/100 VUs, 8552 complete and 0 interrupted iterations
default   [  76% ] 100/100 VUs  6m05.0s/8m00.0s

running (6m05.9s), 100/100 VUs, 8564 complete and 0 interrupted iterations
default   [  76% ] 100/100 VUs  6m06.0s/8m00.0s

running (6m06.9s), 100/100 VUs, 8591 complete and 0 interrupted iterations
default   [  76% ] 100/100 VUs  6m07.0s/8m00.0s

running (6m07.9s), 100/100 VUs, 8620 complete and 0 interrupted iterations
default   [  77% ] 100/100 VUs  6m08.0s/8m00.0s

running (6m08.9s), 100/100 VUs, 8639 complete and 0 interrupted iterations
default   [  77% ] 100/100 VUs  6m09.0s/8m00.0s

running (6m09.9s), 100/100 VUs, 8664 complete and 0 interrupted iterations
default   [  77% ] 100/100 VUs  6m10.0s/8m00.0s

running (6m10.9s), 100/100 VUs, 8690 complete and 0 interrupted iterations
default   [  77% ] 100/100 VUs  6m11.0s/8m00.0s

running (6m11.9s), 100/100 VUs, 8722 complete and 0 interrupted iterations
default   [  77% ] 100/100 VUs  6m12.0s/8m00.0s

running (6m12.9s), 100/100 VUs, 8760 complete and 0 interrupted iterations
default   [  78% ] 100/100 VUs  6m13.0s/8m00.0s

running (6m13.9s), 100/100 VUs, 8775 complete and 0 interrupted iterations
default   [  78% ] 100/100 VUs  6m14.0s/8m00.0s

running (6m14.9s), 100/100 VUs, 8805 complete and 0 interrupted iterations
default   [  78% ] 100/100 VUs  6m15.0s/8m00.0s

running (6m15.9s), 100/100 VUs, 8857 complete and 0 interrupted iterations
default   [  78% ] 100/100 VUs  6m16.0s/8m00.0s

running (6m16.9s), 100/100 VUs, 8885 complete and 0 interrupted iterations
default   [  79% ] 100/100 VUs  6m17.0s/8m00.0s

running (6m17.9s), 100/100 VUs, 8911 complete and 0 interrupted iterations
default   [  79% ] 100/100 VUs  6m18.0s/8m00.0s

running (6m18.9s), 100/100 VUs, 8947 complete and 0 interrupted iterations
default   [  79% ] 100/100 VUs  6m19.0s/8m00.0s

running (6m19.9s), 100/100 VUs, 8948 complete and 0 interrupted iterations
default   [  79% ] 100/100 VUs  6m20.0s/8m00.0s

running (6m20.9s), 100/100 VUs, 8949 complete and 0 interrupted iterations
default   [  79% ] 100/100 VUs  6m21.0s/8m00.0s

running (6m21.9s), 100/100 VUs, 8989 complete and 0 interrupted iterations
default   [  80% ] 100/100 VUs  6m22.0s/8m00.0s

running (6m22.9s), 100/100 VUs, 9019 complete and 0 interrupted iterations
default   [  80% ] 100/100 VUs  6m23.0s/8m00.0s

running (6m23.9s), 100/100 VUs, 9019 complete and 0 interrupted iterations
default   [  80% ] 100/100 VUs  6m24.0s/8m00.0s

running (6m24.9s), 100/100 VUs, 9047 complete and 0 interrupted iterations
default   [  80% ] 100/100 VUs  6m25.0s/8m00.0s

running (6m25.9s), 100/100 VUs, 9082 complete and 0 interrupted iterations
default   [  80% ] 100/100 VUs  6m26.0s/8m00.0s

running (6m26.9s), 100/100 VUs, 9113 complete and 0 interrupted iterations
default   [  81% ] 100/100 VUs  6m27.0s/8m00.0s

running (6m27.9s), 100/100 VUs, 9145 complete and 0 interrupted iterations
default   [  81% ] 100/100 VUs  6m28.0s/8m00.0s

running (6m28.9s), 100/100 VUs, 9191 complete and 0 interrupted iterations
default   [  81% ] 100/100 VUs  6m29.0s/8m00.0s

running (6m29.9s), 100/100 VUs, 9216 complete and 0 interrupted iterations
default   [  81% ] 100/100 VUs  6m30.0s/8m00.0s

running (6m30.9s), 100/100 VUs, 9230 complete and 0 interrupted iterations
default   [  81% ] 100/100 VUs  6m31.0s/8m00.0s

running (6m31.9s), 100/100 VUs, 9258 complete and 0 interrupted iterations
default   [  82% ] 100/100 VUs  6m32.0s/8m00.0s

running (6m32.9s), 100/100 VUs, 9266 complete and 0 interrupted iterations
default   [  82% ] 100/100 VUs  6m33.0s/8m00.0s

running (6m33.9s), 100/100 VUs, 9292 complete and 0 interrupted iterations
default   [  82% ] 100/100 VUs  6m34.0s/8m00.0s

running (6m34.9s), 100/100 VUs, 9295 complete and 0 interrupted iterations
default   [  82% ] 100/100 VUs  6m35.0s/8m00.0s

running (6m35.9s), 100/100 VUs, 9318 complete and 0 interrupted iterations
default   [  82% ] 100/100 VUs  6m36.0s/8m00.0s

running (6m36.9s), 100/100 VUs, 9369 complete and 0 interrupted iterations
default   [  83% ] 100/100 VUs  6m37.0s/8m00.0s

running (6m37.9s), 100/100 VUs, 9434 complete and 0 interrupted iterations
default   [  83% ] 100/100 VUs  6m38.0s/8m00.0s

running (6m38.9s), 100/100 VUs, 9492 complete and 0 interrupted iterations
default   [  83% ] 100/100 VUs  6m39.0s/8m00.0s

running (6m39.9s), 100/100 VUs, 9522 complete and 0 interrupted iterations
default   [  83% ] 100/100 VUs  6m40.0s/8m00.0s

running (6m40.9s), 100/100 VUs, 9523 complete and 0 interrupted iterations
default   [  84% ] 100/100 VUs  6m41.0s/8m00.0s

running (6m41.9s), 100/100 VUs, 9526 complete and 0 interrupted iterations
default   [  84% ] 100/100 VUs  6m42.0s/8m00.0s

running (6m42.9s), 100/100 VUs, 9534 complete and 0 interrupted iterations
default   [  84% ] 100/100 VUs  6m43.0s/8m00.0s

running (6m43.9s), 100/100 VUs, 9538 complete and 0 interrupted iterations
default   [  84% ] 100/100 VUs  6m44.0s/8m00.0s

running (6m44.9s), 100/100 VUs, 9576 complete and 0 interrupted iterations
default   [  84% ] 100/100 VUs  6m45.0s/8m00.0s

running (6m45.9s), 100/100 VUs, 9609 complete and 0 interrupted iterations
default   [  85% ] 100/100 VUs  6m46.0s/8m00.0s

running (6m46.9s), 100/100 VUs, 9642 complete and 0 interrupted iterations
default   [  85% ] 100/100 VUs  6m47.0s/8m00.0s

running (6m47.9s), 100/100 VUs, 9651 complete and 0 interrupted iterations
default   [  85% ] 100/100 VUs  6m48.0s/8m00.0s

running (6m48.9s), 100/100 VUs, 9651 complete and 0 interrupted iterations
default   [  85% ] 100/100 VUs  6m49.0s/8m00.0s

running (6m49.9s), 100/100 VUs, 9663 complete and 0 interrupted iterations
default   [  85% ] 100/100 VUs  6m50.0s/8m00.0s

running (6m50.9s), 100/100 VUs, 9714 complete and 0 interrupted iterations
default   [  86% ] 100/100 VUs  6m51.0s/8m00.0s

running (6m51.9s), 100/100 VUs, 9714 complete and 0 interrupted iterations
default   [  86% ] 100/100 VUs  6m52.0s/8m00.0s

running (6m52.9s), 100/100 VUs, 9714 complete and 0 interrupted iterations
default   [  86% ] 100/100 VUs  6m53.0s/8m00.0s

running (6m53.9s), 100/100 VUs, 9769 complete and 0 interrupted iterations
default   [  86% ] 100/100 VUs  6m54.0s/8m00.0s

running (6m54.9s), 100/100 VUs, 9846 complete and 0 interrupted iterations
default   [  86% ] 100/100 VUs  6m55.0s/8m00.0s

running (6m55.9s), 100/100 VUs, 9863 complete and 0 interrupted iterations
default   [  87% ] 100/100 VUs  6m56.0s/8m00.0s

running (6m56.9s), 100/100 VUs, 9863 complete and 0 interrupted iterations
default   [  87% ] 100/100 VUs  6m57.0s/8m00.0s

running (6m57.9s), 100/100 VUs, 9877 complete and 0 interrupted iterations
default   [  87% ] 100/100 VUs  6m58.0s/8m00.0s

running (6m58.9s), 100/100 VUs, 9898 complete and 0 interrupted iterations
default   [  87% ] 100/100 VUs  6m59.0s/8m00.0s

running (6m59.9s), 100/100 VUs, 9904 complete and 0 interrupted iterations
default   [  87% ] 100/100 VUs  7m00.0s/8m00.0s

running (7m00.9s), 100/100 VUs, 9912 complete and 0 interrupted iterations
default   [  88% ] 100/100 VUs  7m01.0s/8m00.0s

running (7m01.9s), 100/100 VUs, 9913 complete and 0 interrupted iterations
default   [  88% ] 100/100 VUs  7m02.0s/8m00.0s

running (7m02.9s), 100/100 VUs, 9913 complete and 0 interrupted iterations
default   [  88% ] 100/100 VUs  7m03.0s/8m00.0s

running (7m03.9s), 099/100 VUs, 9915 complete and 0 interrupted iterations
default   [  88% ] 099/100 VUs  7m04.0s/8m00.0s

running (7m04.9s), 097/100 VUs, 9939 complete and 0 interrupted iterations
default   [  89% ] 097/100 VUs  7m05.0s/8m00.0s

running (7m05.9s), 096/100 VUs, 9957 complete and 0 interrupted iterations
default   [  89% ] 096/100 VUs  7m06.0s/8m00.0s

running (7m06.9s), 092/100 VUs, 9985 complete and 0 interrupted iterations
default   [  89% ] 092/100 VUs  7m07.0s/8m00.0s

running (7m07.9s), 088/100 VUs, 10019 complete and 0 interrupted iterations
default   [  89% ] 088/100 VUs  7m08.0s/8m00.0s

running (7m08.9s), 088/100 VUs, 10039 complete and 0 interrupted iterations
default   [  89% ] 088/100 VUs  7m09.0s/8m00.0s

running (7m09.9s), 088/100 VUs, 10039 complete and 0 interrupted iterations
default   [  90% ] 088/100 VUs  7m10.0s/8m00.0s

running (7m10.9s), 087/100 VUs, 10061 complete and 0 interrupted iterations
default   [  90% ] 087/100 VUs  7m11.0s/8m00.0s

running (7m11.9s), 083/100 VUs, 10102 complete and 0 interrupted iterations
default   [  90% ] 083/100 VUs  7m12.0s/8m00.0s

running (7m12.9s), 083/100 VUs, 10121 complete and 0 interrupted iterations
default   [  90% ] 083/100 VUs  7m13.0s/8m00.0s

running (7m13.9s), 082/100 VUs, 10124 complete and 0 interrupted iterations
default   [  90% ] 082/100 VUs  7m14.0s/8m00.0s

running (7m14.9s), 082/100 VUs, 10137 complete and 0 interrupted iterations
default   [  91% ] 082/100 VUs  7m15.0s/8m00.0s

running (7m15.9s), 080/100 VUs, 10159 complete and 0 interrupted iterations
default   [  91% ] 080/100 VUs  7m16.0s/8m00.0s

running (7m16.9s), 078/100 VUs, 10190 complete and 0 interrupted iterations
default   [  91% ] 078/100 VUs  7m17.0s/8m00.0s

running (7m17.9s), 075/100 VUs, 10250 complete and 0 interrupted iterations
default   [  91% ] 075/100 VUs  7m18.0s/8m00.0s

running (7m18.9s), 073/100 VUs, 10279 complete and 0 interrupted iterations
default   [  91% ] 073/100 VUs  7m19.0s/8m00.0s

running (7m19.9s), 072/100 VUs, 10312 complete and 0 interrupted iterations
default   [  92% ] 072/100 VUs  7m20.0s/8m00.0s

running (7m20.9s), 068/100 VUs, 10332 complete and 0 interrupted iterations
default   [  92% ] 068/100 VUs  7m21.0s/8m00.0s

running (7m21.9s), 068/100 VUs, 10332 complete and 0 interrupted iterations
default   [  92% ] 068/100 VUs  7m22.0s/8m00.0s

running (7m22.9s), 067/100 VUs, 10344 complete and 0 interrupted iterations
default   [  92% ] 067/100 VUs  7m23.0s/8m00.0s

running (7m23.9s), 063/100 VUs, 10370 complete and 0 interrupted iterations
default   [  92% ] 063/100 VUs  7m24.0s/8m00.0s

running (7m24.9s), 063/100 VUs, 10370 complete and 0 interrupted iterations
default   [  93% ] 063/100 VUs  7m25.0s/8m00.0s

running (7m25.9s), 063/100 VUs, 10377 complete and 0 interrupted iterations
default   [  93% ] 063/100 VUs  7m26.0s/8m00.0s

running (7m26.9s), 059/100 VUs, 10402 complete and 0 interrupted iterations
default   [  93% ] 059/100 VUs  7m27.0s/8m00.0s

running (7m27.9s), 058/100 VUs, 10431 complete and 0 interrupted iterations
default   [  93% ] 058/100 VUs  7m28.0s/8m00.0s

running (7m28.9s), 057/100 VUs, 10468 complete and 0 interrupted iterations
default   [  94% ] 057/100 VUs  7m29.0s/8m00.0s

running (7m29.9s), 057/100 VUs, 10468 complete and 0 interrupted iterations
default   [  94% ] 057/100 VUs  7m30.0s/8m00.0s

running (7m30.9s), 057/100 VUs, 10468 complete and 0 interrupted iterations
default   [  94% ] 057/100 VUs  7m31.0s/8m00.0s

running (7m31.9s), 047/100 VUs, 10524 complete and 0 interrupted iterations
default   [  94% ] 047/100 VUs  7m32.0s/8m00.0s

running (7m32.9s), 047/100 VUs, 10528 complete and 0 interrupted iterations
default   [  94% ] 047/100 VUs  7m33.0s/8m00.0s

running (7m33.9s), 047/100 VUs, 10528 complete and 0 interrupted iterations
default   [  95% ] 047/100 VUs  7m34.0s/8m00.0s

running (7m34.9s), 046/100 VUs, 10554 complete and 0 interrupted iterations
default   [  95% ] 046/100 VUs  7m35.0s/8m00.0s

running (7m35.9s), 046/100 VUs, 10554 complete and 0 interrupted iterations
default   [  95% ] 046/100 VUs  7m36.0s/8m00.0s

running (7m36.9s), 046/100 VUs, 10554 complete and 0 interrupted iterations
default   [  95% ] 046/100 VUs  7m37.0s/8m00.0s

running (7m37.9s), 039/100 VUs, 10597 complete and 0 interrupted iterations
default   [  95% ] 039/100 VUs  7m38.0s/8m00.0s

running (7m38.9s), 038/100 VUs, 10616 complete and 0 interrupted iterations
default   [  96% ] 038/100 VUs  7m39.0s/8m00.0s

running (7m39.9s), 038/100 VUs, 10616 complete and 0 interrupted iterations
default   [  96% ] 038/100 VUs  7m40.0s/8m00.0s

running (7m40.9s), 037/100 VUs, 10626 complete and 0 interrupted iterations
default   [  96% ] 037/100 VUs  7m41.0s/8m00.0s

running (7m41.9s), 034/100 VUs, 10657 complete and 0 interrupted iterations
default   [  96% ] 034/100 VUs  7m42.0s/8m00.0s

running (7m42.9s), 033/100 VUs, 10663 complete and 0 interrupted iterations
default   [  96% ] 033/100 VUs  7m43.0s/8m00.0s

running (7m43.9s), 032/100 VUs, 10679 complete and 0 interrupted iterations
default   [  97% ] 032/100 VUs  7m44.0s/8m00.0s

running (7m44.9s), 028/100 VUs, 10714 complete and 0 interrupted iterations
default   [  97% ] 028/100 VUs  7m45.0s/8m00.0s

running (7m45.9s), 024/100 VUs, 10794 complete and 0 interrupted iterations
default   [  97% ] 024/100 VUs  7m46.0s/8m00.0s

running (7m46.9s), 024/100 VUs, 10819 complete and 0 interrupted iterations
default   [  97% ] 024/100 VUs  7m47.0s/8m00.0s

running (7m47.9s), 024/100 VUs, 10819 complete and 0 interrupted iterations
default   [  97% ] 024/100 VUs  7m48.0s/8m00.0s

running (7m48.9s), 022/100 VUs, 10825 complete and 0 interrupted iterations
default   [  98% ] 022/100 VUs  7m49.0s/8m00.0s

running (7m49.9s), 021/100 VUs, 10841 complete and 0 interrupted iterations
default   [  98% ] 021/100 VUs  7m50.0s/8m00.0s

running (7m50.9s), 021/100 VUs, 10843 complete and 0 interrupted iterations
default   [  98% ] 021/100 VUs  7m51.0s/8m00.0s

running (7m51.9s), 020/100 VUs, 10846 complete and 0 interrupted iterations
default   [  98% ] 020/100 VUs  7m52.0s/8m00.0s

running (7m52.9s), 018/100 VUs, 10848 complete and 0 interrupted iterations
default   [  99% ] 018/100 VUs  7m53.0s/8m00.0s

running (7m53.9s), 015/100 VUs, 10856 complete and 0 interrupted iterations
default   [  99% ] 015/100 VUs  7m54.0s/8m00.0s

running (7m54.9s), 015/100 VUs, 10861 complete and 0 interrupted iterations
default   [  99% ] 015/100 VUs  7m55.0s/8m00.0s

running (7m55.9s), 009/100 VUs, 10882 complete and 0 interrupted iterations
default   [  99% ] 009/100 VUs  7m56.0s/8m00.0s

running (7m56.9s), 006/100 VUs, 10925 complete and 0 interrupted iterations
default   [  99% ] 006/100 VUs  7m57.0s/8m00.0s

running (7m57.9s), 005/100 VUs, 10995 complete and 0 interrupted iterations
default   [ 100% ] 005/100 VUs  7m58.0s/8m00.0s

running (7m58.9s), 003/100 VUs, 11055 complete and 0 interrupted iterations
default   [ 100% ] 003/100 VUs  7m59.0s/8m00.0s

running (7m59.9s), 001/100 VUs, 11085 complete and 0 interrupted iterations
default   [ 100% ] 001/100 VUs  8m00.0s/8m00.0s

     ✗ status not 5xx
      ↳  94% — ✓ 10519 / ✗ 568

     checks.........................: 94.87% ✓ 10519     ✗ 568  
     data_received..................: 3.2 MB 6.6 kB/s
     data_sent......................: 2.0 MB 4.1 kB/s
     http_req_blocked...............: avg=13.31µs  min=961ns   med=2.8µs   max=67.15ms  p(90)=4.27µs   p(95)=5.61µs  
     http_req_connecting............: avg=9.1µs    min=0s      med=0s      max=67.08ms  p(90)=0s       p(95)=0s      
   ✓ http_req_duration..............: avg=3.53s    min=1.07ms  med=3.1s    max=15.71s   p(90)=7.48s    p(95)=8.66s   
       { expected_response:true }...: avg=3.55s    min=16.38ms med=3.12s   max=15.71s   p(90)=7.48s    p(95)=8.69s   
   ✓ http_req_failed................: 7.35%  ✓ 816       ✗ 10271
     http_req_receiving.............: avg=102.49µs min=20.69µs med=88.81µs max=5.38ms   p(90)=117.55µs p(95)=138.63µs
     http_req_sending...............: avg=31.77µs  min=6.36µs  med=31.43µs max=617.08µs p(90)=49.3µs   p(95)=55.09µs 
     http_req_tls_handshaking.......: avg=0s       min=0s      med=0s      max=0s       p(90)=0s       p(95)=0s      
     http_req_waiting...............: avg=3.53s    min=1.01ms  med=3.1s    max=15.71s   p(90)=7.48s    p(95)=8.66s   
     http_reqs......................: 11087  23.098483/s
     iteration_duration.............: avg=3.53s    min=1.18ms  med=3.1s    max=15.71s   p(90)=7.48s    p(95)=8.66s   
     iterations.....................: 11087  23.098483/s
     test_errors....................: 568    1.183362/s
     test_latency_ms................: avg=3.53s    min=1ms     med=3.1s    max=15.71s   p(90)=7.48s    p(95)=8.66s   
     vus............................: 1      min=1       max=100
     vus_max........................: 100    min=100     max=100


running (8m00.0s), 000/100 VUs, 11087 complete and 0 interrupted iterations
default ✓ [ 100% ] 000/100 VUs  8m0s
