
          /\      |‾‾| /‾‾/   /‾‾/   
     /\  /  \     |  |/  /   /  /    
    /  \/    \    |     (   /   ‾‾\  
   /          \   |  |\  \ |  (‾)  | 
  / __________ \  |__| \__\ \_____/ .io

     execution: local
        script: /scripts/medium.js
        output: Prometheus remote write (http://prometheus:9090/api/v1/write)

     scenarios: (100.00%) 1 scenario, 30 max VUs, 5m0s max duration (incl. graceful stop):
              * default: Up to 30 looping VUs for 4m30s over 3 stages (gracefulRampDown: 30s, gracefulStop: 30s)


running (0m01.0s), 01/30 VUs, 3 complete and 0 interrupted iterations
default   [   0% ] 01/30 VUs  0m01.0s/4m30.0s

running (0m02.0s), 01/30 VUs, 6 complete and 0 interrupted iterations
default   [   1% ] 01/30 VUs  0m02.0s/4m30.0s

running (0m03.0s), 02/30 VUs, 12 complete and 0 interrupted iterations
default   [   1% ] 02/30 VUs  0m03.0s/4m30.0s

running (0m04.0s), 02/30 VUs, 17 complete and 0 interrupted iterations
default   [   1% ] 02/30 VUs  0m04.0s/4m30.0s

running (0m05.0s), 03/30 VUs, 25 complete and 0 interrupted iterations
default   [   2% ] 03/30 VUs  0m05.0s/4m30.0s

running (0m06.0s), 03/30 VUs, 30 complete and 0 interrupted iterations
default   [   2% ] 03/30 VUs  0m06.0s/4m30.0s

running (0m07.0s), 04/30 VUs, 30 complete and 0 interrupted iterations
default   [   3% ] 04/30 VUs  0m07.0s/4m30.0s

running (0m08.0s), 04/30 VUs, 32 complete and 0 interrupted iterations
default   [   3% ] 04/30 VUs  0m08.0s/4m30.0s

running (0m09.0s), 05/30 VUs, 49 complete and 0 interrupted iterations
default   [   3% ] 05/30 VUs  0m09.0s/4m30.0s

running (0m10.0s), 05/30 VUs, 52 complete and 0 interrupted iterations
default   [   4% ] 05/30 VUs  0m10.0s/4m30.0s

running (0m11.0s), 06/30 VUs, 52 complete and 0 interrupted iterations
default   [   4% ] 06/30 VUs  0m11.0s/4m30.0s

running (0m12.0s), 06/30 VUs, 64 complete and 0 interrupted iterations
default   [   4% ] 06/30 VUs  0m12.0s/4m30.0s

running (0m13.0s), 07/30 VUs, 85 complete and 0 interrupted iterations
default   [   5% ] 07/30 VUs  0m13.0s/4m30.0s

running (0m14.0s), 07/30 VUs, 93 complete and 0 interrupted iterations
default   [   5% ] 07/30 VUs  0m14.0s/4m30.0s

running (0m15.0s), 08/30 VUs, 111 complete and 0 interrupted iterations
default   [   6% ] 08/30 VUs  0m15.0s/4m30.0s

running (0m16.0s), 08/30 VUs, 140 complete and 0 interrupted iterations
default   [   6% ] 08/30 VUs  0m16.0s/4m30.0s

running (0m17.0s), 09/30 VUs, 165 complete and 0 interrupted iterations
default   [   6% ] 09/30 VUs  0m17.0s/4m30.0s

running (0m18.0s), 09/30 VUs, 166 complete and 0 interrupted iterations
default   [   7% ] 09/30 VUs  0m18.0s/4m30.0s

running (0m19.0s), 10/30 VUs, 186 complete and 0 interrupted iterations
default   [   7% ] 10/30 VUs  0m19.0s/4m30.0s

running (0m20.0s), 10/30 VUs, 206 complete and 0 interrupted iterations
default   [   7% ] 10/30 VUs  0m20.0s/4m30.0s

running (0m21.0s), 11/30 VUs, 237 complete and 0 interrupted iterations
default   [   8% ] 11/30 VUs  0m21.0s/4m30.0s

running (0m22.0s), 11/30 VUs, 251 complete and 0 interrupted iterations
default   [   8% ] 11/30 VUs  0m22.0s/4m30.0s

running (0m23.0s), 12/30 VUs, 289 complete and 0 interrupted iterations
default   [   9% ] 12/30 VUs  0m23.0s/4m30.0s

running (0m24.0s), 12/30 VUs, 313 complete and 0 interrupted iterations
default   [   9% ] 12/30 VUs  0m24.0s/4m30.0s

running (0m25.0s), 13/30 VUs, 313 complete and 0 interrupted iterations
default   [   9% ] 13/30 VUs  0m25.0s/4m30.0s

running (0m26.0s), 13/30 VUs, 318 complete and 0 interrupted iterations
default   [  10% ] 13/30 VUs  0m26.0s/4m30.0s

running (0m27.0s), 14/30 VUs, 365 complete and 0 interrupted iterations
default   [  10% ] 14/30 VUs  0m27.0s/4m30.0s

running (0m28.0s), 14/30 VUs, 365 complete and 0 interrupted iterations
default   [  10% ] 14/30 VUs  0m28.0s/4m30.0s

running (0m29.0s), 15/30 VUs, 365 complete and 0 interrupted iterations
default   [  11% ] 15/30 VUs  0m29.0s/4m30.0s

running (0m30.0s), 15/30 VUs, 399 complete and 0 interrupted iterations
default   [  11% ] 15/30 VUs  0m30.0s/4m30.0s

running (0m31.0s), 15/30 VUs, 434 complete and 0 interrupted iterations
default   [  11% ] 15/30 VUs  0m31.0s/4m30.0s

running (0m32.0s), 16/30 VUs, 460 complete and 0 interrupted iterations
default   [  12% ] 16/30 VUs  0m32.0s/4m30.0s

running (0m33.0s), 16/30 VUs, 500 complete and 0 interrupted iterations
default   [  12% ] 16/30 VUs  0m33.0s/4m30.0s

running (0m34.0s), 17/30 VUs, 512 complete and 0 interrupted iterations
default   [  13% ] 17/30 VUs  0m34.0s/4m30.0s

running (0m35.0s), 17/30 VUs, 523 complete and 0 interrupted iterations
default   [  13% ] 17/30 VUs  0m35.0s/4m30.0s

running (0m36.0s), 18/30 VUs, 528 complete and 0 interrupted iterations
default   [  13% ] 18/30 VUs  0m36.0s/4m30.0s

running (0m37.0s), 18/30 VUs, 549 complete and 0 interrupted iterations
default   [  14% ] 18/30 VUs  0m37.0s/4m30.0s

running (0m38.0s), 19/30 VUs, 583 complete and 0 interrupted iterations
default   [  14% ] 19/30 VUs  0m38.0s/4m30.0s

running (0m39.0s), 19/30 VUs, 624 complete and 0 interrupted iterations
default   [  14% ] 19/30 VUs  0m39.0s/4m30.0s

running (0m40.0s), 20/30 VUs, 686 complete and 0 interrupted iterations
default   [  15% ] 20/30 VUs  0m40.0s/4m30.0s

running (0m41.0s), 20/30 VUs, 714 complete and 0 interrupted iterations
default   [  15% ] 20/30 VUs  0m41.0s/4m30.0s

running (0m42.0s), 21/30 VUs, 744 complete and 0 interrupted iterations
default   [  16% ] 21/30 VUs  0m42.0s/4m30.0s

running (0m43.0s), 21/30 VUs, 801 complete and 0 interrupted iterations
default   [  16% ] 21/30 VUs  0m43.0s/4m30.0s

running (0m44.0s), 22/30 VUs, 871 complete and 0 interrupted iterations
default   [  16% ] 22/30 VUs  0m44.0s/4m30.0s

running (0m45.0s), 22/30 VUs, 917 complete and 0 interrupted iterations
default   [  17% ] 22/30 VUs  0m45.0s/4m30.0s

running (0m46.0s), 23/30 VUs, 951 complete and 0 interrupted iterations
default   [  17% ] 23/30 VUs  0m46.0s/4m30.0s

running (0m47.0s), 23/30 VUs, 996 complete and 0 interrupted iterations
default   [  17% ] 23/30 VUs  0m47.0s/4m30.0s

running (0m48.0s), 24/30 VUs, 1038 complete and 0 interrupted iterations
default   [  18% ] 24/30 VUs  0m48.0s/4m30.0s

running (0m49.0s), 24/30 VUs, 1041 complete and 0 interrupted iterations
default   [  18% ] 24/30 VUs  0m49.0s/4m30.0s

running (0m50.0s), 25/30 VUs, 1063 complete and 0 interrupted iterations
default   [  19% ] 25/30 VUs  0m50.0s/4m30.0s

running (0m51.0s), 25/30 VUs, 1065 complete and 0 interrupted iterations
default   [  19% ] 25/30 VUs  0m51.0s/4m30.0s

running (0m52.0s), 26/30 VUs, 1072 complete and 0 interrupted iterations
default   [  19% ] 26/30 VUs  0m52.0s/4m30.0s

running (0m53.0s), 26/30 VUs, 1146 complete and 0 interrupted iterations
default   [  20% ] 26/30 VUs  0m53.0s/4m30.0s

running (0m54.0s), 27/30 VUs, 1181 complete and 0 interrupted iterations
default   [  20% ] 27/30 VUs  0m54.0s/4m30.0s

running (0m55.0s), 27/30 VUs, 1181 complete and 0 interrupted iterations
default   [  20% ] 27/30 VUs  0m55.0s/4m30.0s

running (0m56.0s), 28/30 VUs, 1187 complete and 0 interrupted iterations
default   [  21% ] 28/30 VUs  0m56.0s/4m30.0s

running (0m57.0s), 28/30 VUs, 1228 complete and 0 interrupted iterations
default   [  21% ] 28/30 VUs  0m57.0s/4m30.0s

running (0m58.0s), 29/30 VUs, 1251 complete and 0 interrupted iterations
default   [  21% ] 29/30 VUs  0m58.0s/4m30.0s

running (0m59.0s), 29/30 VUs, 1251 complete and 0 interrupted iterations
default   [  22% ] 29/30 VUs  0m59.0s/4m30.0s

running (1m00.0s), 29/30 VUs, 1277 complete and 0 interrupted iterations
default   [  22% ] 29/30 VUs  1m00.0s/4m30.0s

running (1m01.0s), 30/30 VUs, 1289 complete and 0 interrupted iterations
default   [  23% ] 30/30 VUs  1m01.0s/4m30.0s

running (1m02.0s), 30/30 VUs, 1289 complete and 0 interrupted iterations
default   [  23% ] 30/30 VUs  1m02.0s/4m30.0s

running (1m03.0s), 30/30 VUs, 1310 complete and 0 interrupted iterations
default   [  23% ] 30/30 VUs  1m03.0s/4m30.0s

running (1m04.0s), 30/30 VUs, 1368 complete and 0 interrupted iterations
default   [  24% ] 30/30 VUs  1m04.0s/4m30.0s

running (1m05.0s), 30/30 VUs, 1395 complete and 0 interrupted iterations
default   [  24% ] 30/30 VUs  1m05.0s/4m30.0s

running (1m06.0s), 30/30 VUs, 1427 complete and 0 interrupted iterations
default   [  24% ] 30/30 VUs  1m06.0s/4m30.0s

running (1m07.0s), 30/30 VUs, 1446 complete and 0 interrupted iterations
default   [  25% ] 30/30 VUs  1m07.0s/4m30.0s

running (1m08.0s), 30/30 VUs, 1446 complete and 0 interrupted iterations
default   [  25% ] 30/30 VUs  1m08.0s/4m30.0s

running (1m09.0s), 30/30 VUs, 1447 complete and 0 interrupted iterations
default   [  26% ] 30/30 VUs  1m09.0s/4m30.0s

running (1m10.0s), 30/30 VUs, 1450 complete and 0 interrupted iterations
default   [  26% ] 30/30 VUs  1m10.0s/4m30.0s

running (1m11.0s), 30/30 VUs, 1457 complete and 0 interrupted iterations
default   [  26% ] 30/30 VUs  1m11.0s/4m30.0s

running (1m12.0s), 30/30 VUs, 1472 complete and 0 interrupted iterations
default   [  27% ] 30/30 VUs  1m12.0s/4m30.0s

running (1m13.0s), 30/30 VUs, 1507 complete and 0 interrupted iterations
default   [  27% ] 30/30 VUs  1m13.0s/4m30.0s

running (1m14.0s), 30/30 VUs, 1519 complete and 0 interrupted iterations
default   [  27% ] 30/30 VUs  1m14.0s/4m30.0s

running (1m15.0s), 30/30 VUs, 1546 complete and 0 interrupted iterations
default   [  28% ] 30/30 VUs  1m15.0s/4m30.0s

running (1m16.0s), 30/30 VUs, 1558 complete and 0 interrupted iterations
default   [  28% ] 30/30 VUs  1m16.0s/4m30.0s

running (1m17.0s), 30/30 VUs, 1572 complete and 0 interrupted iterations
default   [  29% ] 30/30 VUs  1m17.0s/4m30.0s

running (1m18.0s), 30/30 VUs, 1587 complete and 0 interrupted iterations
default   [  29% ] 30/30 VUs  1m18.0s/4m30.0s

running (1m19.0s), 30/30 VUs, 1616 complete and 0 interrupted iterations
default   [  29% ] 30/30 VUs  1m19.0s/4m30.0s

running (1m20.0s), 30/30 VUs, 1661 complete and 0 interrupted iterations
default   [  30% ] 30/30 VUs  1m20.0s/4m30.0s

running (1m21.0s), 30/30 VUs, 1661 complete and 0 interrupted iterations
default   [  30% ] 30/30 VUs  1m21.0s/4m30.0s

running (1m22.0s), 30/30 VUs, 1663 complete and 0 interrupted iterations
default   [  30% ] 30/30 VUs  1m22.0s/4m30.0s

running (1m23.0s), 30/30 VUs, 1691 complete and 0 interrupted iterations
default   [  31% ] 30/30 VUs  1m23.0s/4m30.0s

running (1m24.0s), 30/30 VUs, 1719 complete and 0 interrupted iterations
default   [  31% ] 30/30 VUs  1m24.0s/4m30.0s

running (1m25.0s), 30/30 VUs, 1744 complete and 0 interrupted iterations
default   [  31% ] 30/30 VUs  1m25.0s/4m30.0s

running (1m26.0s), 30/30 VUs, 1771 complete and 0 interrupted iterations
default   [  32% ] 30/30 VUs  1m26.0s/4m30.0s

running (1m27.0s), 30/30 VUs, 1810 complete and 0 interrupted iterations
default   [  32% ] 30/30 VUs  1m27.0s/4m30.0s

running (1m28.0s), 30/30 VUs, 1810 complete and 0 interrupted iterations
default   [  33% ] 30/30 VUs  1m28.0s/4m30.0s

running (1m29.0s), 30/30 VUs, 1833 complete and 0 interrupted iterations
default   [  33% ] 30/30 VUs  1m29.0s/4m30.0s

running (1m30.0s), 30/30 VUs, 1844 complete and 0 interrupted iterations
default   [  33% ] 30/30 VUs  1m30.0s/4m30.0s

running (1m31.0s), 30/30 VUs, 1846 complete and 0 interrupted iterations
default   [  34% ] 30/30 VUs  1m31.0s/4m30.0s

running (1m32.0s), 30/30 VUs, 1904 complete and 0 interrupted iterations
default   [  34% ] 30/30 VUs  1m32.0s/4m30.0s

running (1m33.0s), 30/30 VUs, 1917 complete and 0 interrupted iterations
default   [  34% ] 30/30 VUs  1m33.0s/4m30.0s

running (1m34.0s), 30/30 VUs, 1917 complete and 0 interrupted iterations
default   [  35% ] 30/30 VUs  1m34.0s/4m30.0s

running (1m35.0s), 30/30 VUs, 1981 complete and 0 interrupted iterations
default   [  35% ] 30/30 VUs  1m35.0s/4m30.0s

running (1m36.0s), 30/30 VUs, 2038 complete and 0 interrupted iterations
default   [  36% ] 30/30 VUs  1m36.0s/4m30.0s

running (1m37.0s), 30/30 VUs, 2079 complete and 0 interrupted iterations
default   [  36% ] 30/30 VUs  1m37.0s/4m30.0s

running (1m38.0s), 30/30 VUs, 2099 complete and 0 interrupted iterations
default   [  36% ] 30/30 VUs  1m38.0s/4m30.0s

running (1m39.0s), 30/30 VUs, 2110 complete and 0 interrupted iterations
default   [  37% ] 30/30 VUs  1m39.0s/4m30.0s

running (1m40.0s), 30/30 VUs, 2115 complete and 0 interrupted iterations
default   [  37% ] 30/30 VUs  1m40.0s/4m30.0s

running (1m41.0s), 30/30 VUs, 2121 complete and 0 interrupted iterations
default   [  37% ] 30/30 VUs  1m41.0s/4m30.0s

running (1m42.0s), 30/30 VUs, 2128 complete and 0 interrupted iterations
default   [  38% ] 30/30 VUs  1m42.0s/4m30.0s

running (1m43.0s), 30/30 VUs, 2138 complete and 0 interrupted iterations
default   [  38% ] 30/30 VUs  1m43.0s/4m30.0s

running (1m44.0s), 30/30 VUs, 2143 complete and 0 interrupted iterations
default   [  39% ] 30/30 VUs  1m44.0s/4m30.0s

running (1m45.0s), 30/30 VUs, 2175 complete and 0 interrupted iterations
default   [  39% ] 30/30 VUs  1m45.0s/4m30.0s

running (1m46.0s), 30/30 VUs, 2190 complete and 0 interrupted iterations
default   [  39% ] 30/30 VUs  1m46.0s/4m30.0s

running (1m47.0s), 30/30 VUs, 2195 complete and 0 interrupted iterations
default   [  40% ] 30/30 VUs  1m47.0s/4m30.0s

running (1m48.0s), 30/30 VUs, 2206 complete and 0 interrupted iterations
default   [  40% ] 30/30 VUs  1m48.0s/4m30.0s

running (1m49.0s), 30/30 VUs, 2238 complete and 0 interrupted iterations
default   [  40% ] 30/30 VUs  1m49.0s/4m30.0s

running (1m50.0s), 30/30 VUs, 2274 complete and 0 interrupted iterations
default   [  41% ] 30/30 VUs  1m50.0s/4m30.0s

running (1m51.0s), 30/30 VUs, 2314 complete and 0 interrupted iterations
default   [  41% ] 30/30 VUs  1m51.0s/4m30.0s

running (1m52.0s), 30/30 VUs, 2396 complete and 0 interrupted iterations
default   [  41% ] 30/30 VUs  1m52.0s/4m30.0s

running (1m53.0s), 30/30 VUs, 2449 complete and 0 interrupted iterations
default   [  42% ] 30/30 VUs  1m53.0s/4m30.0s

running (1m54.0s), 30/30 VUs, 2449 complete and 0 interrupted iterations
default   [  42% ] 30/30 VUs  1m54.0s/4m30.0s

running (1m55.0s), 30/30 VUs, 2452 complete and 0 interrupted iterations
default   [  43% ] 30/30 VUs  1m55.0s/4m30.0s

running (1m56.0s), 30/30 VUs, 2471 complete and 0 interrupted iterations
default   [  43% ] 30/30 VUs  1m56.0s/4m30.0s

running (1m57.0s), 30/30 VUs, 2509 complete and 0 interrupted iterations
default   [  43% ] 30/30 VUs  1m57.0s/4m30.0s

running (1m58.0s), 30/30 VUs, 2547 complete and 0 interrupted iterations
default   [  44% ] 30/30 VUs  1m58.0s/4m30.0s

running (1m59.0s), 30/30 VUs, 2577 complete and 0 interrupted iterations
default   [  44% ] 30/30 VUs  1m59.0s/4m30.0s

running (2m00.0s), 30/30 VUs, 2587 complete and 0 interrupted iterations
default   [  44% ] 30/30 VUs  2m00.0s/4m30.0s

running (2m01.0s), 30/30 VUs, 2598 complete and 0 interrupted iterations
default   [  45% ] 30/30 VUs  2m01.0s/4m30.0s

running (2m02.0s), 30/30 VUs, 2604 complete and 0 interrupted iterations
default   [  45% ] 30/30 VUs  2m02.0s/4m30.0s

running (2m03.0s), 30/30 VUs, 2641 complete and 0 interrupted iterations
default   [  46% ] 30/30 VUs  2m03.0s/4m30.0s

running (2m04.0s), 30/30 VUs, 2654 complete and 0 interrupted iterations
default   [  46% ] 30/30 VUs  2m04.0s/4m30.0s

running (2m05.0s), 30/30 VUs, 2654 complete and 0 interrupted iterations
default   [  46% ] 30/30 VUs  2m05.0s/4m30.0s

running (2m06.0s), 30/30 VUs, 2678 complete and 0 interrupted iterations
default   [  47% ] 30/30 VUs  2m06.0s/4m30.0s

running (2m07.0s), 30/30 VUs, 2706 complete and 0 interrupted iterations
default   [  47% ] 30/30 VUs  2m07.0s/4m30.0s

running (2m08.0s), 30/30 VUs, 2706 complete and 0 interrupted iterations
default   [  47% ] 30/30 VUs  2m08.0s/4m30.0s

running (2m09.0s), 30/30 VUs, 2718 complete and 0 interrupted iterations
default   [  48% ] 30/30 VUs  2m09.0s/4m30.0s

running (2m10.0s), 30/30 VUs, 2779 complete and 0 interrupted iterations
default   [  48% ] 30/30 VUs  2m10.0s/4m30.0s

running (2m11.0s), 30/30 VUs, 2806 complete and 0 interrupted iterations
default   [  49% ] 30/30 VUs  2m11.0s/4m30.0s

running (2m12.0s), 30/30 VUs, 2827 complete and 0 interrupted iterations
default   [  49% ] 30/30 VUs  2m12.0s/4m30.0s

running (2m13.0s), 30/30 VUs, 2895 complete and 0 interrupted iterations
default   [  49% ] 30/30 VUs  2m13.0s/4m30.0s

running (2m14.0s), 30/30 VUs, 2936 complete and 0 interrupted iterations
default   [  50% ] 30/30 VUs  2m14.0s/4m30.0s

running (2m15.0s), 30/30 VUs, 2967 complete and 0 interrupted iterations
default   [  50% ] 30/30 VUs  2m15.0s/4m30.0s

running (2m16.0s), 30/30 VUs, 3010 complete and 0 interrupted iterations
default   [  50% ] 30/30 VUs  2m16.0s/4m30.0s

running (2m17.0s), 30/30 VUs, 3071 complete and 0 interrupted iterations
default   [  51% ] 30/30 VUs  2m17.0s/4m30.0s

running (2m18.0s), 30/30 VUs, 3099 complete and 0 interrupted iterations
default   [  51% ] 30/30 VUs  2m18.0s/4m30.0s

running (2m19.0s), 30/30 VUs, 3129 complete and 0 interrupted iterations
default   [  51% ] 30/30 VUs  2m19.0s/4m30.0s

running (2m20.0s), 30/30 VUs, 3173 complete and 0 interrupted iterations
default   [  52% ] 30/30 VUs  2m20.0s/4m30.0s

running (2m21.0s), 30/30 VUs, 3177 complete and 0 interrupted iterations
default   [  52% ] 30/30 VUs  2m21.0s/4m30.0s

running (2m22.0s), 30/30 VUs, 3178 complete and 0 interrupted iterations
default   [  53% ] 30/30 VUs  2m22.0s/4m30.0s

running (2m23.0s), 30/30 VUs, 3196 complete and 0 interrupted iterations
default   [  53% ] 30/30 VUs  2m23.0s/4m30.0s

running (2m24.0s), 30/30 VUs, 3215 complete and 0 interrupted iterations
default   [  53% ] 30/30 VUs  2m24.0s/4m30.0s

running (2m25.0s), 30/30 VUs, 3231 complete and 0 interrupted iterations
default   [  54% ] 30/30 VUs  2m25.0s/4m30.0s

running (2m26.0s), 30/30 VUs, 3276 complete and 0 interrupted iterations
default   [  54% ] 30/30 VUs  2m26.0s/4m30.0s

running (2m27.0s), 30/30 VUs, 3290 complete and 0 interrupted iterations
default   [  54% ] 30/30 VUs  2m27.0s/4m30.0s

running (2m28.0s), 30/30 VUs, 3298 complete and 0 interrupted iterations
default   [  55% ] 30/30 VUs  2m28.0s/4m30.0s

running (2m29.0s), 30/30 VUs, 3316 complete and 0 interrupted iterations
default   [  55% ] 30/30 VUs  2m29.0s/4m30.0s

running (2m30.0s), 30/30 VUs, 3316 complete and 0 interrupted iterations
default   [  56% ] 30/30 VUs  2m30.0s/4m30.0s

running (2m31.0s), 30/30 VUs, 3332 complete and 0 interrupted iterations
default   [  56% ] 30/30 VUs  2m31.0s/4m30.0s

running (2m32.0s), 30/30 VUs, 3358 complete and 0 interrupted iterations
default   [  56% ] 30/30 VUs  2m32.0s/4m30.0s

running (2m33.0s), 30/30 VUs, 3367 complete and 0 interrupted iterations
default   [  57% ] 30/30 VUs  2m33.0s/4m30.0s

running (2m34.0s), 30/30 VUs, 3378 complete and 0 interrupted iterations
default   [  57% ] 30/30 VUs  2m34.0s/4m30.0s

running (2m35.0s), 30/30 VUs, 3416 complete and 0 interrupted iterations
default   [  57% ] 30/30 VUs  2m35.0s/4m30.0s

running (2m36.0s), 30/30 VUs, 3421 complete and 0 interrupted iterations
default   [  58% ] 30/30 VUs  2m36.0s/4m30.0s

running (2m37.0s), 30/30 VUs, 3451 complete and 0 interrupted iterations
default   [  58% ] 30/30 VUs  2m37.0s/4m30.0s

running (2m38.0s), 30/30 VUs, 3512 complete and 0 interrupted iterations
default   [  59% ] 30/30 VUs  2m38.0s/4m30.0s

running (2m39.0s), 30/30 VUs, 3533 complete and 0 interrupted iterations
default   [  59% ] 30/30 VUs  2m39.0s/4m30.0s

running (2m40.0s), 30/30 VUs, 3534 complete and 0 interrupted iterations
default   [  59% ] 30/30 VUs  2m40.0s/4m30.0s

running (2m41.0s), 30/30 VUs, 3546 complete and 0 interrupted iterations
default   [  60% ] 30/30 VUs  2m41.0s/4m30.0s

running (2m42.0s), 30/30 VUs, 3573 complete and 0 interrupted iterations
default   [  60% ] 30/30 VUs  2m42.0s/4m30.0s

running (2m43.0s), 30/30 VUs, 3601 complete and 0 interrupted iterations
default   [  60% ] 30/30 VUs  2m43.0s/4m30.0s

running (2m44.0s), 30/30 VUs, 3608 complete and 0 interrupted iterations
default   [  61% ] 30/30 VUs  2m44.0s/4m30.0s

running (2m45.0s), 30/30 VUs, 3608 complete and 0 interrupted iterations
default   [  61% ] 30/30 VUs  2m45.0s/4m30.0s

running (2m46.0s), 30/30 VUs, 3628 complete and 0 interrupted iterations
default   [  61% ] 30/30 VUs  2m46.0s/4m30.0s

running (2m47.0s), 30/30 VUs, 3657 complete and 0 interrupted iterations
default   [  62% ] 30/30 VUs  2m47.0s/4m30.0s

running (2m48.0s), 30/30 VUs, 3698 complete and 0 interrupted iterations
default   [  62% ] 30/30 VUs  2m48.0s/4m30.0s

running (2m49.0s), 30/30 VUs, 3775 complete and 0 interrupted iterations
default   [  63% ] 30/30 VUs  2m49.0s/4m30.0s

running (2m50.0s), 30/30 VUs, 3808 complete and 0 interrupted iterations
default   [  63% ] 30/30 VUs  2m50.0s/4m30.0s

running (2m51.0s), 30/30 VUs, 3808 complete and 0 interrupted iterations
default   [  63% ] 30/30 VUs  2m51.0s/4m30.0s

running (2m52.0s), 30/30 VUs, 3820 complete and 0 interrupted iterations
default   [  64% ] 30/30 VUs  2m52.0s/4m30.0s

running (2m53.0s), 30/30 VUs, 3887 complete and 0 interrupted iterations
default   [  64% ] 30/30 VUs  2m53.0s/4m30.0s

running (2m54.0s), 30/30 VUs, 3915 complete and 0 interrupted iterations
default   [  64% ] 30/30 VUs  2m54.0s/4m30.0s

running (2m55.0s), 30/30 VUs, 3944 complete and 0 interrupted iterations
default   [  65% ] 30/30 VUs  2m55.0s/4m30.0s

running (2m56.0s), 30/30 VUs, 3964 complete and 0 interrupted iterations
default   [  65% ] 30/30 VUs  2m56.0s/4m30.0s

running (2m57.0s), 30/30 VUs, 3983 complete and 0 interrupted iterations
default   [  66% ] 30/30 VUs  2m57.0s/4m30.0s

running (2m58.0s), 30/30 VUs, 4017 complete and 0 interrupted iterations
default   [  66% ] 30/30 VUs  2m58.0s/4m30.0s

running (2m59.0s), 30/30 VUs, 4056 complete and 0 interrupted iterations
default   [  66% ] 30/30 VUs  2m59.0s/4m30.0s

running (3m00.0s), 30/30 VUs, 4057 complete and 0 interrupted iterations
default   [  67% ] 30/30 VUs  3m00.0s/4m30.0s

running (3m01.0s), 30/30 VUs, 4057 complete and 0 interrupted iterations
default   [  67% ] 30/30 VUs  3m01.0s/4m30.0s

running (3m02.0s), 30/30 VUs, 4104 complete and 0 interrupted iterations
default   [  67% ] 30/30 VUs  3m02.0s/4m30.0s

running (3m03.0s), 30/30 VUs, 4130 complete and 0 interrupted iterations
default   [  68% ] 30/30 VUs  3m03.0s/4m30.0s

running (3m04.0s), 30/30 VUs, 4163 complete and 0 interrupted iterations
default   [  68% ] 30/30 VUs  3m04.0s/4m30.0s

running (3m05.0s), 30/30 VUs, 4215 complete and 0 interrupted iterations
default   [  69% ] 30/30 VUs  3m05.0s/4m30.0s

running (3m06.0s), 30/30 VUs, 4236 complete and 0 interrupted iterations
default   [  69% ] 30/30 VUs  3m06.0s/4m30.0s

running (3m07.0s), 30/30 VUs, 4236 complete and 0 interrupted iterations
default   [  69% ] 30/30 VUs  3m07.0s/4m30.0s

running (3m08.0s), 30/30 VUs, 4255 complete and 0 interrupted iterations
default   [  70% ] 30/30 VUs  3m08.0s/4m30.0s

running (3m09.0s), 30/30 VUs, 4303 complete and 0 interrupted iterations
default   [  70% ] 30/30 VUs  3m09.0s/4m30.0s

running (3m10.0s), 30/30 VUs, 4333 complete and 0 interrupted iterations
default   [  70% ] 30/30 VUs  3m10.0s/4m30.0s

running (3m11.0s), 30/30 VUs, 4381 complete and 0 interrupted iterations
default   [  71% ] 30/30 VUs  3m11.0s/4m30.0s

running (3m12.0s), 30/30 VUs, 4414 complete and 0 interrupted iterations
default   [  71% ] 30/30 VUs  3m12.0s/4m30.0s

running (3m13.0s), 30/30 VUs, 4452 complete and 0 interrupted iterations
default   [  71% ] 30/30 VUs  3m13.0s/4m30.0s

running (3m14.0s), 30/30 VUs, 4491 complete and 0 interrupted iterations
default   [  72% ] 30/30 VUs  3m14.0s/4m30.0s

running (3m15.0s), 30/30 VUs, 4491 complete and 0 interrupted iterations
default   [  72% ] 30/30 VUs  3m15.0s/4m30.0s

running (3m16.0s), 30/30 VUs, 4491 complete and 0 interrupted iterations
default   [  73% ] 30/30 VUs  3m16.0s/4m30.0s

running (3m17.0s), 30/30 VUs, 4512 complete and 0 interrupted iterations
default   [  73% ] 30/30 VUs  3m17.0s/4m30.0s

running (3m18.0s), 30/30 VUs, 4512 complete and 0 interrupted iterations
default   [  73% ] 30/30 VUs  3m18.0s/4m30.0s

running (3m19.0s), 30/30 VUs, 4512 complete and 0 interrupted iterations
default   [  74% ] 30/30 VUs  3m19.0s/4m30.0s

running (3m20.0s), 30/30 VUs, 4569 complete and 0 interrupted iterations
default   [  74% ] 30/30 VUs  3m20.0s/4m30.0s

running (3m21.0s), 30/30 VUs, 4570 complete and 0 interrupted iterations
default   [  74% ] 30/30 VUs  3m21.0s/4m30.0s

running (3m22.0s), 30/30 VUs, 4570 complete and 0 interrupted iterations
default   [  75% ] 30/30 VUs  3m22.0s/4m30.0s

running (3m23.0s), 30/30 VUs, 4604 complete and 0 interrupted iterations
default   [  75% ] 30/30 VUs  3m23.0s/4m30.0s

running (3m24.0s), 30/30 VUs, 4626 complete and 0 interrupted iterations
default   [  76% ] 30/30 VUs  3m24.0s/4m30.0s

running (3m25.0s), 30/30 VUs, 4626 complete and 0 interrupted iterations
default   [  76% ] 30/30 VUs  3m25.0s/4m30.0s

running (3m26.0s), 30/30 VUs, 4637 complete and 0 interrupted iterations
default   [  76% ] 30/30 VUs  3m26.0s/4m30.0s

running (3m27.0s), 30/30 VUs, 4643 complete and 0 interrupted iterations
default   [  77% ] 30/30 VUs  3m27.0s/4m30.0s

running (3m28.0s), 30/30 VUs, 4643 complete and 0 interrupted iterations
default   [  77% ] 30/30 VUs  3m28.0s/4m30.0s

running (3m29.0s), 30/30 VUs, 4675 complete and 0 interrupted iterations
default   [  77% ] 30/30 VUs  3m29.0s/4m30.0s

running (3m30.0s), 30/30 VUs, 4736 complete and 0 interrupted iterations
default   [  78% ] 30/30 VUs  3m30.0s/4m30.0s

running (3m31.0s), 30/30 VUs, 4740 complete and 0 interrupted iterations
default   [  78% ] 30/30 VUs  3m31.0s/4m30.0s

running (3m32.0s), 30/30 VUs, 4745 complete and 0 interrupted iterations
default   [  79% ] 30/30 VUs  3m32.0s/4m30.0s

running (3m33.0s), 30/30 VUs, 4773 complete and 0 interrupted iterations
default   [  79% ] 30/30 VUs  3m33.0s/4m30.0s

running (3m34.0s), 30/30 VUs, 4773 complete and 0 interrupted iterations
default   [  79% ] 30/30 VUs  3m34.0s/4m30.0s

running (3m35.0s), 30/30 VUs, 4773 complete and 0 interrupted iterations
default   [  80% ] 30/30 VUs  3m35.0s/4m30.0s

running (3m36.0s), 30/30 VUs, 4806 complete and 0 interrupted iterations
default   [  80% ] 30/30 VUs  3m36.0s/4m30.0s

running (3m37.0s), 30/30 VUs, 4825 complete and 0 interrupted iterations
default   [  80% ] 30/30 VUs  3m37.0s/4m30.0s

running (3m38.0s), 30/30 VUs, 4825 complete and 0 interrupted iterations
default   [  81% ] 30/30 VUs  3m38.0s/4m30.0s

running (3m39.0s), 30/30 VUs, 4840 complete and 0 interrupted iterations
default   [  81% ] 30/30 VUs  3m39.0s/4m30.0s

running (3m40.0s), 30/30 VUs, 4875 complete and 0 interrupted iterations
default   [  81% ] 30/30 VUs  3m40.0s/4m30.0s

running (3m41.0s), 30/30 VUs, 4889 complete and 0 interrupted iterations
default   [  82% ] 30/30 VUs  3m41.0s/4m30.0s

running (3m42.0s), 30/30 VUs, 4928 complete and 0 interrupted iterations
default   [  82% ] 30/30 VUs  3m42.0s/4m30.0s

running (3m43.0s), 30/30 VUs, 4939 complete and 0 interrupted iterations
default   [  83% ] 30/30 VUs  3m43.0s/4m30.0s

running (3m44.0s), 30/30 VUs, 4959 complete and 0 interrupted iterations
default   [  83% ] 30/30 VUs  3m44.0s/4m30.0s

running (3m45.0s), 30/30 VUs, 4966 complete and 0 interrupted iterations
default   [  83% ] 30/30 VUs  3m45.0s/4m30.0s

running (3m46.0s), 30/30 VUs, 5004 complete and 0 interrupted iterations
default   [  84% ] 30/30 VUs  3m46.0s/4m30.0s

running (3m47.0s), 30/30 VUs, 5017 complete and 0 interrupted iterations
default   [  84% ] 30/30 VUs  3m47.0s/4m30.0s

running (3m48.0s), 30/30 VUs, 5017 complete and 0 interrupted iterations
default   [  84% ] 30/30 VUs  3m48.0s/4m30.0s

running (3m49.0s), 30/30 VUs, 5032 complete and 0 interrupted iterations
default   [  85% ] 30/30 VUs  3m49.0s/4m30.0s

running (3m50.0s), 30/30 VUs, 5095 complete and 0 interrupted iterations
default   [  85% ] 30/30 VUs  3m50.0s/4m30.0s

running (3m51.0s), 30/30 VUs, 5101 complete and 0 interrupted iterations
default   [  86% ] 30/30 VUs  3m51.0s/4m30.0s

running (3m52.0s), 30/30 VUs, 5101 complete and 0 interrupted iterations
default   [  86% ] 30/30 VUs  3m52.0s/4m30.0s

running (3m53.0s), 30/30 VUs, 5131 complete and 0 interrupted iterations
default   [  86% ] 30/30 VUs  3m53.0s/4m30.0s

running (3m54.0s), 30/30 VUs, 5180 complete and 0 interrupted iterations
default   [  87% ] 30/30 VUs  3m54.0s/4m30.0s

running (3m55.0s), 30/30 VUs, 5180 complete and 0 interrupted iterations
default   [  87% ] 30/30 VUs  3m55.0s/4m30.0s

running (3m56.0s), 30/30 VUs, 5196 complete and 0 interrupted iterations
default   [  87% ] 30/30 VUs  3m56.0s/4m30.0s

running (3m57.0s), 30/30 VUs, 5261 complete and 0 interrupted iterations
default   [  88% ] 30/30 VUs  3m57.0s/4m30.0s

running (3m58.0s), 30/30 VUs, 5334 complete and 0 interrupted iterations
default   [  88% ] 30/30 VUs  3m58.0s/4m30.0s

running (3m59.0s), 30/30 VUs, 5381 complete and 0 interrupted iterations
default   [  89% ] 30/30 VUs  3m59.0s/4m30.0s

running (4m00.0s), 30/30 VUs, 5381 complete and 0 interrupted iterations
default   [  89% ] 30/30 VUs  4m00.0s/4m30.0s

running (4m01.0s), 30/30 VUs, 5388 complete and 0 interrupted iterations
default   [  89% ] 30/30 VUs  4m01.0s/4m30.0s

running (4m02.0s), 29/30 VUs, 5450 complete and 0 interrupted iterations
default   [  90% ] 29/30 VUs  4m02.0s/4m30.0s

running (4m03.0s), 29/30 VUs, 5453 complete and 0 interrupted iterations
default   [  90% ] 29/30 VUs  4m03.0s/4m30.0s

running (4m04.0s), 27/30 VUs, 5466 complete and 0 interrupted iterations
default   [  90% ] 27/30 VUs  4m04.0s/4m30.0s

running (4m05.0s), 26/30 VUs, 5503 complete and 0 interrupted iterations
default   [  91% ] 26/30 VUs  4m05.0s/4m30.0s

running (4m06.0s), 25/30 VUs, 5540 complete and 0 interrupted iterations
default   [  91% ] 25/30 VUs  4m06.0s/4m30.0s

running (4m07.0s), 24/30 VUs, 5559 complete and 0 interrupted iterations
default   [  91% ] 24/30 VUs  4m07.0s/4m30.0s

running (4m08.0s), 24/30 VUs, 5564 complete and 0 interrupted iterations
default   [  92% ] 24/30 VUs  4m08.0s/4m30.0s

running (4m09.0s), 23/30 VUs, 5575 complete and 0 interrupted iterations
default   [  92% ] 23/30 VUs  4m09.0s/4m30.0s

running (4m10.0s), 21/30 VUs, 5599 complete and 0 interrupted iterations
default   [  93% ] 21/30 VUs  4m10.0s/4m30.0s

running (4m11.0s), 20/30 VUs, 5626 complete and 0 interrupted iterations
default   [  93% ] 20/30 VUs  4m11.0s/4m30.0s

running (4m12.0s), 19/30 VUs, 5670 complete and 0 interrupted iterations
default   [  93% ] 19/30 VUs  4m12.0s/4m30.0s

running (4m13.0s), 18/30 VUs, 5704 complete and 0 interrupted iterations
default   [  94% ] 18/30 VUs  4m13.0s/4m30.0s

running (4m14.0s), 18/30 VUs, 5713 complete and 0 interrupted iterations
default   [  94% ] 18/30 VUs  4m14.0s/4m30.0s

running (4m15.0s), 16/30 VUs, 5750 complete and 0 interrupted iterations
default   [  94% ] 16/30 VUs  4m15.0s/4m30.0s

running (4m16.0s), 15/30 VUs, 5793 complete and 0 interrupted iterations
default   [  95% ] 15/30 VUs  4m16.0s/4m30.0s

running (4m17.0s), 14/30 VUs, 5831 complete and 0 interrupted iterations
default   [  95% ] 14/30 VUs  4m17.0s/4m30.0s

running (4m18.0s), 14/30 VUs, 5831 complete and 0 interrupted iterations
default   [  96% ] 14/30 VUs  4m18.0s/4m30.0s

running (4m19.0s), 12/30 VUs, 5838 complete and 0 interrupted iterations
default   [  96% ] 12/30 VUs  4m19.0s/4m30.0s

running (4m20.0s), 12/30 VUs, 5871 complete and 0 interrupted iterations
default   [  96% ] 12/30 VUs  4m20.0s/4m30.0s

running (4m21.0s), 12/30 VUs, 5885 complete and 0 interrupted iterations
default   [  97% ] 12/30 VUs  4m21.0s/4m30.0s

running (4m22.0s), 09/30 VUs, 5899 complete and 0 interrupted iterations
default   [  97% ] 09/30 VUs  4m22.0s/4m30.0s

running (4m23.0s), 08/30 VUs, 5903 complete and 0 interrupted iterations
default   [  97% ] 08/30 VUs  4m23.0s/4m30.0s

running (4m24.0s), 08/30 VUs, 5903 complete and 0 interrupted iterations
default   [  98% ] 08/30 VUs  4m24.0s/4m30.0s

running (4m25.0s), 06/30 VUs, 5920 complete and 0 interrupted iterations
default   [  98% ] 06/30 VUs  4m25.0s/4m30.0s

running (4m26.0s), 06/30 VUs, 5937 complete and 0 interrupted iterations
default   [  99% ] 06/30 VUs  4m26.0s/4m30.0s

running (4m27.0s), 05/30 VUs, 5940 complete and 0 interrupted iterations
default   [  99% ] 05/30 VUs  4m27.0s/4m30.0s

running (4m28.0s), 04/30 VUs, 5946 complete and 0 interrupted iterations
default   [  99% ] 04/30 VUs  4m28.0s/4m30.0s

running (4m29.0s), 02/30 VUs, 5954 complete and 0 interrupted iterations
default   [ 100% ] 02/30 VUs  4m29.0s/4m30.0s

running (4m30.0s), 01/30 VUs, 5959 complete and 0 interrupted iterations
default   [ 100% ] 01/30 VUs  4m30.0s/4m30.0s

     ✗ status 200
      ↳  92% — ✓ 5524 / ✗ 436

     checks.........................: 92.68% ✓ 5524      ✗ 436 
     data_received..................: 1.7 MB 6.3 kB/s
     data_sent......................: 1.1 MB 3.9 kB/s
     http_req_blocked...............: avg=7.92µs   min=1.3µs   med=4.21µs   max=1.61ms   p(90)=7.06µs   p(95)=8.47µs  
     http_req_connecting............: avg=1.81µs   min=0s      med=0s       max=692.68µs p(90)=0s       p(95)=0s      
   ✓ http_req_duration..............: avg=938.05ms min=1.42ms  med=355.27ms max=7.91s    p(90)=2.7s     p(95)=3.09s   
       { expected_response:true }...: avg=948.76ms min=18.93ms med=359.29ms max=7.91s    p(90)=2.71s    p(95)=3.1s    
   ✓ http_req_failed................: 7.31%  ✓ 436       ✗ 5524
     http_req_receiving.............: avg=104.1µs  min=17.35µs med=85.97µs  max=3.33ms   p(90)=121.22µs p(95)=148.35µs
     http_req_sending...............: avg=36.67µs  min=5.59µs  med=33.31µs  max=561.16µs p(90)=61.79µs  p(95)=79.52µs 
     http_req_tls_handshaking.......: avg=0s       min=0s      med=0s       max=0s       p(90)=0s       p(95)=0s      
     http_req_waiting...............: avg=937.91ms min=1.34ms  med=355.16ms max=7.91s    p(90)=2.7s     p(95)=3.09s   
     http_reqs......................: 5960   22.071062/s
     iteration_duration.............: avg=1.13s    min=56.09ms med=578.81ms max=8.19s    p(90)=2.9s     p(95)=3.27s   
     iterations.....................: 5960   22.071062/s
     test_errors....................: 436    1.614594/s
     test_latency_ms................: avg=938.19ms min=1ms     med=356ms    max=7.91s    p(90)=2.7s     p(95)=3.09s   
     test_slow_requests.............: 1192   4.414212/s
     vus............................: 1      min=1       max=30
     vus_max........................: 30     min=30      max=30


running (4m30.0s), 00/30 VUs, 5960 complete and 0 interrupted iterations
default ✓ [ 100% ] 00/30 VUs  4m30s
