
          /\      |‾‾| /‾‾/   /‾‾/   
     /\  /  \     |  |/  /   /  /    
    /  \/    \    |     (   /   ‾‾\  
   /          \   |  |\  \ |  (‾)  | 
  / __________ \  |__| \__\ \_____/ .io

     execution: local
        script: /scripts/stress.js
        output: Prometheus remote write (http://prometheus:9090/api/v1/write)

     scenarios: (100.00%) 1 scenario, 100 max VUs, 8m30s max duration (incl. graceful stop):
              * default: Up to 100 looping VUs for 8m0s over 4 stages (gracefulRampDown: 30s, gracefulStop: 30s)


running (0m01.0s), 001/100 VUs, 21 complete and 0 interrupted iterations
default   [   0% ] 001/100 VUs  0m01.0s/8m00.0s

running (0m02.0s), 002/100 VUs, 60 complete and 0 interrupted iterations
default   [   0% ] 002/100 VUs  0m02.0s/8m00.0s

running (0m03.0s), 003/100 VUs, 99 complete and 0 interrupted iterations
default   [   1% ] 003/100 VUs  0m03.0s/8m00.0s

running (0m04.0s), 004/100 VUs, 137 complete and 0 interrupted iterations
default   [   1% ] 004/100 VUs  0m04.0s/8m00.0s

running (0m05.0s), 005/100 VUs, 170 complete and 0 interrupted iterations
default   [   1% ] 005/100 VUs  0m05.0s/8m00.0s

running (0m06.0s), 005/100 VUs, 217 complete and 0 interrupted iterations
default   [   1% ] 005/100 VUs  0m06.0s/8m00.0s

running (0m07.0s), 006/100 VUs, 240 complete and 0 interrupted iterations
default   [   1% ] 006/100 VUs  0m07.0s/8m00.0s

running (0m08.0s), 007/100 VUs, 241 complete and 0 interrupted iterations
default   [   2% ] 007/100 VUs  0m08.0s/8m00.0s

running (0m09.0s), 008/100 VUs, 269 complete and 0 interrupted iterations
default   [   2% ] 008/100 VUs  0m09.0s/8m00.0s

running (0m10.0s), 009/100 VUs, 305 complete and 0 interrupted iterations
default   [   2% ] 009/100 VUs  0m10.0s/8m00.0s

running (0m11.0s), 009/100 VUs, 341 complete and 0 interrupted iterations
default   [   2% ] 009/100 VUs  0m11.0s/8m00.0s

running (0m12.0s), 010/100 VUs, 380 complete and 0 interrupted iterations
default   [   2% ] 010/100 VUs  0m12.0s/8m00.0s

running (0m13.0s), 011/100 VUs, 420 complete and 0 interrupted iterations
default   [   3% ] 011/100 VUs  0m13.0s/8m00.0s

running (0m14.0s), 012/100 VUs, 455 complete and 0 interrupted iterations
default   [   3% ] 012/100 VUs  0m14.0s/8m00.0s

running (0m15.0s), 013/100 VUs, 488 complete and 0 interrupted iterations
default   [   3% ] 013/100 VUs  0m15.0s/8m00.0s

running (0m16.0s), 014/100 VUs, 493 complete and 0 interrupted iterations
default   [   3% ] 014/100 VUs  0m16.0s/8m00.0s

running (0m17.0s), 014/100 VUs, 504 complete and 0 interrupted iterations
default   [   4% ] 014/100 VUs  0m17.0s/8m00.0s

running (0m18.0s), 015/100 VUs, 518 complete and 0 interrupted iterations
default   [   4% ] 015/100 VUs  0m18.0s/8m00.0s

running (0m19.0s), 016/100 VUs, 526 complete and 0 interrupted iterations
default   [   4% ] 016/100 VUs  0m19.0s/8m00.0s

running (0m20.0s), 017/100 VUs, 548 complete and 0 interrupted iterations
default   [   4% ] 017/100 VUs  0m20.0s/8m00.0s

running (0m21.0s), 018/100 VUs, 590 complete and 0 interrupted iterations
default   [   4% ] 018/100 VUs  0m21.0s/8m00.0s

running (0m22.0s), 018/100 VUs, 610 complete and 0 interrupted iterations
default   [   5% ] 018/100 VUs  0m22.0s/8m00.0s

running (0m23.0s), 019/100 VUs, 610 complete and 0 interrupted iterations
default   [   5% ] 019/100 VUs  0m23.0s/8m00.0s

running (0m24.0s), 020/100 VUs, 632 complete and 0 interrupted iterations
default   [   5% ] 020/100 VUs  0m24.0s/8m00.0s

running (0m25.0s), 021/100 VUs, 662 complete and 0 interrupted iterations
default   [   5% ] 021/100 VUs  0m25.0s/8m00.0s

running (0m26.0s), 022/100 VUs, 704 complete and 0 interrupted iterations
default   [   5% ] 022/100 VUs  0m26.0s/8m00.0s

running (0m27.0s), 023/100 VUs, 755 complete and 0 interrupted iterations
default   [   6% ] 023/100 VUs  0m27.0s/8m00.0s

running (0m28.0s), 023/100 VUs, 820 complete and 0 interrupted iterations
default   [   6% ] 023/100 VUs  0m28.0s/8m00.0s

running (0m29.0s), 024/100 VUs, 850 complete and 0 interrupted iterations
default   [   6% ] 024/100 VUs  0m29.0s/8m00.0s

running (0m30.0s), 025/100 VUs, 878 complete and 0 interrupted iterations
default   [   6% ] 025/100 VUs  0m30.0s/8m00.0s

running (0m31.0s), 026/100 VUs, 934 complete and 0 interrupted iterations
default   [   6% ] 026/100 VUs  0m31.0s/8m00.0s

running (0m32.0s), 027/100 VUs, 953 complete and 0 interrupted iterations
default   [   7% ] 027/100 VUs  0m32.0s/8m00.0s

running (0m33.0s), 027/100 VUs, 954 complete and 0 interrupted iterations
default   [   7% ] 027/100 VUs  0m33.0s/8m00.0s

running (0m34.0s), 028/100 VUs, 973 complete and 0 interrupted iterations
default   [   7% ] 028/100 VUs  0m34.0s/8m00.0s

running (0m35.0s), 029/100 VUs, 1044 complete and 0 interrupted iterations
default   [   7% ] 029/100 VUs  0m35.0s/8m00.0s

running (0m36.0s), 030/100 VUs, 1115 complete and 0 interrupted iterations
default   [   7% ] 030/100 VUs  0m36.0s/8m00.0s

running (0m37.0s), 031/100 VUs, 1162 complete and 0 interrupted iterations
default   [   8% ] 031/100 VUs  0m37.0s/8m00.0s

running (0m38.0s), 032/100 VUs, 1192 complete and 0 interrupted iterations
default   [   8% ] 032/100 VUs  0m38.0s/8m00.0s

running (0m39.0s), 032/100 VUs, 1195 complete and 0 interrupted iterations
default   [   8% ] 032/100 VUs  0m39.0s/8m00.0s

running (0m40.0s), 033/100 VUs, 1230 complete and 0 interrupted iterations
default   [   8% ] 033/100 VUs  0m40.0s/8m00.0s

running (0m41.0s), 034/100 VUs, 1291 complete and 0 interrupted iterations
default   [   9% ] 034/100 VUs  0m41.0s/8m00.0s

running (0m42.0s), 035/100 VUs, 1366 complete and 0 interrupted iterations
default   [   9% ] 035/100 VUs  0m42.0s/8m00.0s

running (0m43.0s), 036/100 VUs, 1429 complete and 0 interrupted iterations
default   [   9% ] 036/100 VUs  0m43.0s/8m00.0s

running (0m44.0s), 036/100 VUs, 1432 complete and 0 interrupted iterations
default   [   9% ] 036/100 VUs  0m44.0s/8m00.0s

running (0m45.0s), 037/100 VUs, 1432 complete and 0 interrupted iterations
default   [   9% ] 037/100 VUs  0m45.0s/8m00.0s

running (0m46.0s), 038/100 VUs, 1459 complete and 0 interrupted iterations
default   [  10% ] 038/100 VUs  0m46.0s/8m00.0s

running (0m47.0s), 039/100 VUs, 1459 complete and 0 interrupted iterations
default   [  10% ] 039/100 VUs  0m47.0s/8m00.0s

running (0m48.0s), 040/100 VUs, 1459 complete and 0 interrupted iterations
default   [  10% ] 040/100 VUs  0m48.0s/8m00.0s

running (0m49.0s), 041/100 VUs, 1508 complete and 0 interrupted iterations
default   [  10% ] 041/100 VUs  0m49.0s/8m00.0s

running (0m50.0s), 041/100 VUs, 1508 complete and 0 interrupted iterations
default   [  10% ] 041/100 VUs  0m50.0s/8m00.0s

running (0m51.0s), 042/100 VUs, 1508 complete and 0 interrupted iterations
default   [  11% ] 042/100 VUs  0m51.0s/8m00.0s

running (0m52.0s), 043/100 VUs, 1524 complete and 0 interrupted iterations
default   [  11% ] 043/100 VUs  0m52.0s/8m00.0s

running (0m53.0s), 044/100 VUs, 1539 complete and 0 interrupted iterations
default   [  11% ] 044/100 VUs  0m53.0s/8m00.0s

running (0m54.0s), 045/100 VUs, 1542 complete and 0 interrupted iterations
default   [  11% ] 045/100 VUs  0m54.0s/8m00.0s

running (0m55.0s), 045/100 VUs, 1542 complete and 0 interrupted iterations
default   [  11% ] 045/100 VUs  0m55.0s/8m00.0s

running (0m56.0s), 046/100 VUs, 1552 complete and 0 interrupted iterations
default   [  12% ] 046/100 VUs  0m56.0s/8m00.0s

running (0m57.0s), 047/100 VUs, 1569 complete and 0 interrupted iterations
default   [  12% ] 047/100 VUs  0m57.0s/8m00.0s

running (0m58.0s), 048/100 VUs, 1583 complete and 0 interrupted iterations
default   [  12% ] 048/100 VUs  0m58.0s/8m00.0s

running (0m59.0s), 049/100 VUs, 1614 complete and 0 interrupted iterations
default   [  12% ] 049/100 VUs  0m59.0s/8m00.0s

running (1m00.0s), 049/100 VUs, 1652 complete and 0 interrupted iterations
default   [  12% ] 049/100 VUs  1m00.0s/8m00.0s

running (1m01.0s), 050/100 VUs, 1673 complete and 0 interrupted iterations
default   [  13% ] 050/100 VUs  1m01.0s/8m00.0s

running (1m02.0s), 051/100 VUs, 1683 complete and 0 interrupted iterations
default   [  13% ] 051/100 VUs  1m02.0s/8m00.0s

running (1m03.0s), 052/100 VUs, 1708 complete and 0 interrupted iterations
default   [  13% ] 052/100 VUs  1m03.0s/8m00.0s

running (1m04.0s), 053/100 VUs, 1734 complete and 0 interrupted iterations
default   [  13% ] 053/100 VUs  1m04.0s/8m00.0s

running (1m05.0s), 054/100 VUs, 1740 complete and 0 interrupted iterations
default   [  14% ] 054/100 VUs  1m05.0s/8m00.0s

running (1m06.0s), 054/100 VUs, 1763 complete and 0 interrupted iterations
default   [  14% ] 054/100 VUs  1m06.0s/8m00.0s

running (1m07.0s), 055/100 VUs, 1779 complete and 0 interrupted iterations
default   [  14% ] 055/100 VUs  1m07.0s/8m00.0s

running (1m08.0s), 056/100 VUs, 1796 complete and 0 interrupted iterations
default   [  14% ] 056/100 VUs  1m08.0s/8m00.0s

running (1m09.0s), 057/100 VUs, 1818 complete and 0 interrupted iterations
default   [  14% ] 057/100 VUs  1m09.0s/8m00.0s

running (1m10.0s), 058/100 VUs, 1818 complete and 0 interrupted iterations
default   [  15% ] 058/100 VUs  1m10.0s/8m00.0s

running (1m11.0s), 059/100 VUs, 1836 complete and 0 interrupted iterations
default   [  15% ] 059/100 VUs  1m11.0s/8m00.0s

running (1m12.0s), 059/100 VUs, 1850 complete and 0 interrupted iterations
default   [  15% ] 059/100 VUs  1m12.0s/8m00.0s

running (1m13.0s), 060/100 VUs, 1883 complete and 0 interrupted iterations
default   [  15% ] 060/100 VUs  1m13.0s/8m00.0s

running (1m14.0s), 061/100 VUs, 1949 complete and 0 interrupted iterations
default   [  15% ] 061/100 VUs  1m14.0s/8m00.0s

running (1m15.0s), 062/100 VUs, 1973 complete and 0 interrupted iterations
default   [  16% ] 062/100 VUs  1m15.0s/8m00.0s

running (1m16.0s), 063/100 VUs, 1974 complete and 0 interrupted iterations
default   [  16% ] 063/100 VUs  1m16.0s/8m00.0s

running (1m17.0s), 064/100 VUs, 1993 complete and 0 interrupted iterations
default   [  16% ] 064/100 VUs  1m17.0s/8m00.0s

running (1m18.0s), 064/100 VUs, 2015 complete and 0 interrupted iterations
default   [  16% ] 064/100 VUs  1m18.0s/8m00.0s

running (1m19.0s), 065/100 VUs, 2051 complete and 0 interrupted iterations
default   [  16% ] 065/100 VUs  1m19.0s/8m00.0s

running (1m20.0s), 066/100 VUs, 2102 complete and 0 interrupted iterations
default   [  17% ] 066/100 VUs  1m20.0s/8m00.0s

running (1m21.0s), 067/100 VUs, 2157 complete and 0 interrupted iterations
default   [  17% ] 067/100 VUs  1m21.0s/8m00.0s

running (1m22.0s), 068/100 VUs, 2172 complete and 0 interrupted iterations
default   [  17% ] 068/100 VUs  1m22.0s/8m00.0s

running (1m23.0s), 069/100 VUs, 2173 complete and 0 interrupted iterations
default   [  17% ] 069/100 VUs  1m23.0s/8m00.0s

running (1m24.0s), 069/100 VUs, 2220 complete and 0 interrupted iterations
default   [  17% ] 069/100 VUs  1m24.0s/8m00.0s

running (1m25.0s), 070/100 VUs, 2246 complete and 0 interrupted iterations
default   [  18% ] 070/100 VUs  1m25.0s/8m00.0s

running (1m26.0s), 071/100 VUs, 2266 complete and 0 interrupted iterations
default   [  18% ] 071/100 VUs  1m26.0s/8m00.0s

running (1m27.0s), 072/100 VUs, 2271 complete and 0 interrupted iterations
default   [  18% ] 072/100 VUs  1m27.0s/8m00.0s

running (1m28.0s), 073/100 VUs, 2271 complete and 0 interrupted iterations
default   [  18% ] 073/100 VUs  1m28.0s/8m00.0s

running (1m29.0s), 074/100 VUs, 2283 complete and 0 interrupted iterations
default   [  19% ] 074/100 VUs  1m29.0s/8m00.0s

running (1m30.0s), 074/100 VUs, 2303 complete and 0 interrupted iterations
default   [  19% ] 074/100 VUs  1m30.0s/8m00.0s

running (1m31.0s), 075/100 VUs, 2335 complete and 0 interrupted iterations
default   [  19% ] 075/100 VUs  1m31.0s/8m00.0s

running (1m32.0s), 076/100 VUs, 2405 complete and 0 interrupted iterations
default   [  19% ] 076/100 VUs  1m32.0s/8m00.0s

running (1m33.0s), 077/100 VUs, 2450 complete and 0 interrupted iterations
default   [  19% ] 077/100 VUs  1m33.0s/8m00.0s

running (1m34.0s), 078/100 VUs, 2451 complete and 0 interrupted iterations
default   [  20% ] 078/100 VUs  1m34.0s/8m00.0s

running (1m35.0s), 079/100 VUs, 2453 complete and 0 interrupted iterations
default   [  20% ] 079/100 VUs  1m35.0s/8m00.0s

running (1m36.0s), 079/100 VUs, 2462 complete and 0 interrupted iterations
default   [  20% ] 079/100 VUs  1m36.0s/8m00.0s

running (1m37.0s), 080/100 VUs, 2462 complete and 0 interrupted iterations
default   [  20% ] 080/100 VUs  1m37.0s/8m00.0s

running (1m38.0s), 081/100 VUs, 2483 complete and 0 interrupted iterations
default   [  20% ] 081/100 VUs  1m38.0s/8m00.0s

running (1m39.0s), 082/100 VUs, 2529 complete and 0 interrupted iterations
default   [  21% ] 082/100 VUs  1m39.0s/8m00.0s

running (1m40.0s), 083/100 VUs, 2529 complete and 0 interrupted iterations
default   [  21% ] 083/100 VUs  1m40.0s/8m00.0s

running (1m41.0s), 084/100 VUs, 2543 complete and 0 interrupted iterations
default   [  21% ] 084/100 VUs  1m41.0s/8m00.0s

running (1m42.0s), 084/100 VUs, 2563 complete and 0 interrupted iterations
default   [  21% ] 084/100 VUs  1m42.0s/8m00.0s

running (1m43.0s), 085/100 VUs, 2563 complete and 0 interrupted iterations
default   [  21% ] 085/100 VUs  1m43.0s/8m00.0s

running (1m44.0s), 086/100 VUs, 2588 complete and 0 interrupted iterations
default   [  22% ] 086/100 VUs  1m44.0s/8m00.0s

running (1m45.0s), 087/100 VUs, 2662 complete and 0 interrupted iterations
default   [  22% ] 087/100 VUs  1m45.0s/8m00.0s

running (1m46.0s), 088/100 VUs, 2692 complete and 0 interrupted iterations
default   [  22% ] 088/100 VUs  1m46.0s/8m00.0s

running (1m47.0s), 089/100 VUs, 2692 complete and 0 interrupted iterations
default   [  22% ] 089/100 VUs  1m47.0s/8m00.0s

running (1m48.0s), 089/100 VUs, 2707 complete and 0 interrupted iterations
default   [  22% ] 089/100 VUs  1m48.0s/8m00.0s

running (1m49.0s), 090/100 VUs, 2759 complete and 0 interrupted iterations
default   [  23% ] 090/100 VUs  1m49.0s/8m00.0s

running (1m50.0s), 091/100 VUs, 2839 complete and 0 interrupted iterations
default   [  23% ] 091/100 VUs  1m50.0s/8m00.0s

running (1m51.0s), 092/100 VUs, 2854 complete and 0 interrupted iterations
default   [  23% ] 092/100 VUs  1m51.0s/8m00.0s

running (1m52.0s), 093/100 VUs, 2854 complete and 0 interrupted iterations
default   [  23% ] 093/100 VUs  1m52.0s/8m00.0s

running (1m53.0s), 094/100 VUs, 2863 complete and 0 interrupted iterations
default   [  24% ] 094/100 VUs  1m53.0s/8m00.0s

running (1m54.0s), 094/100 VUs, 2895 complete and 0 interrupted iterations
default   [  24% ] 094/100 VUs  1m54.0s/8m00.0s

running (1m55.0s), 095/100 VUs, 2927 complete and 0 interrupted iterations
default   [  24% ] 095/100 VUs  1m55.0s/8m00.0s

running (1m56.0s), 096/100 VUs, 2983 complete and 0 interrupted iterations
default   [  24% ] 096/100 VUs  1m56.0s/8m00.0s

running (1m57.0s), 097/100 VUs, 2984 complete and 0 interrupted iterations
default   [  24% ] 097/100 VUs  1m57.0s/8m00.0s

running (1m58.0s), 098/100 VUs, 2984 complete and 0 interrupted iterations
default   [  25% ] 098/100 VUs  1m58.0s/8m00.0s

running (1m59.0s), 099/100 VUs, 3027 complete and 0 interrupted iterations
default   [  25% ] 099/100 VUs  1m59.0s/8m00.0s

running (2m00.0s), 099/100 VUs, 3072 complete and 0 interrupted iterations
default   [  25% ] 099/100 VUs  2m00.0s/8m00.0s

running (2m01.0s), 100/100 VUs, 3072 complete and 0 interrupted iterations
default   [  25% ] 100/100 VUs  2m01.0s/8m00.0s

running (2m02.0s), 100/100 VUs, 3075 complete and 0 interrupted iterations
default   [  25% ] 100/100 VUs  2m02.0s/8m00.0s

running (2m03.0s), 100/100 VUs, 3138 complete and 0 interrupted iterations
default   [  26% ] 100/100 VUs  2m03.0s/8m00.0s

running (2m04.0s), 100/100 VUs, 3179 complete and 0 interrupted iterations
default   [  26% ] 100/100 VUs  2m04.0s/8m00.0s

running (2m05.0s), 100/100 VUs, 3191 complete and 0 interrupted iterations
default   [  26% ] 100/100 VUs  2m05.0s/8m00.0s

running (2m06.0s), 100/100 VUs, 3199 complete and 0 interrupted iterations
default   [  26% ] 100/100 VUs  2m06.0s/8m00.0s

running (2m07.0s), 100/100 VUs, 3239 complete and 0 interrupted iterations
default   [  26% ] 100/100 VUs  2m07.0s/8m00.0s

running (2m08.0s), 100/100 VUs, 3298 complete and 0 interrupted iterations
default   [  27% ] 100/100 VUs  2m08.0s/8m00.0s

running (2m09.0s), 100/100 VUs, 3309 complete and 0 interrupted iterations
default   [  27% ] 100/100 VUs  2m09.0s/8m00.0s

running (2m10.0s), 100/100 VUs, 3314 complete and 0 interrupted iterations
default   [  27% ] 100/100 VUs  2m10.0s/8m00.0s

running (2m11.0s), 100/100 VUs, 3344 complete and 0 interrupted iterations
default   [  27% ] 100/100 VUs  2m11.0s/8m00.0s

running (2m12.0s), 100/100 VUs, 3344 complete and 0 interrupted iterations
default   [  27% ] 100/100 VUs  2m12.0s/8m00.0s

running (2m13.0s), 100/100 VUs, 3344 complete and 0 interrupted iterations
default   [  28% ] 100/100 VUs  2m13.0s/8m00.0s

running (2m14.0s), 100/100 VUs, 3380 complete and 0 interrupted iterations
default   [  28% ] 100/100 VUs  2m14.0s/8m00.0s

running (2m15.0s), 100/100 VUs, 3408 complete and 0 interrupted iterations
default   [  28% ] 100/100 VUs  2m15.0s/8m00.0s

running (2m16.0s), 100/100 VUs, 3408 complete and 0 interrupted iterations
default   [  28% ] 100/100 VUs  2m16.0s/8m00.0s

running (2m17.0s), 100/100 VUs, 3422 complete and 0 interrupted iterations
default   [  29% ] 100/100 VUs  2m17.0s/8m00.0s

running (2m18.0s), 100/100 VUs, 3489 complete and 0 interrupted iterations
default   [  29% ] 100/100 VUs  2m18.0s/8m00.0s

running (2m19.0s), 100/100 VUs, 3522 complete and 0 interrupted iterations
default   [  29% ] 100/100 VUs  2m19.0s/8m00.0s

running (2m20.0s), 100/100 VUs, 3537 complete and 0 interrupted iterations
default   [  29% ] 100/100 VUs  2m20.0s/8m00.0s

running (2m21.0s), 100/100 VUs, 3550 complete and 0 interrupted iterations
default   [  29% ] 100/100 VUs  2m21.0s/8m00.0s

running (2m22.0s), 100/100 VUs, 3550 complete and 0 interrupted iterations
default   [  30% ] 100/100 VUs  2m22.0s/8m00.0s

running (2m23.0s), 100/100 VUs, 3581 complete and 0 interrupted iterations
default   [  30% ] 100/100 VUs  2m23.0s/8m00.0s

running (2m24.0s), 100/100 VUs, 3625 complete and 0 interrupted iterations
default   [  30% ] 100/100 VUs  2m24.0s/8m00.0s

running (2m25.0s), 100/100 VUs, 3660 complete and 0 interrupted iterations
default   [  30% ] 100/100 VUs  2m25.0s/8m00.0s

running (2m26.0s), 100/100 VUs, 3665 complete and 0 interrupted iterations
default   [  30% ] 100/100 VUs  2m26.0s/8m00.0s

running (2m27.0s), 100/100 VUs, 3694 complete and 0 interrupted iterations
default   [  31% ] 100/100 VUs  2m27.0s/8m00.0s

running (2m28.0s), 100/100 VUs, 3730 complete and 0 interrupted iterations
default   [  31% ] 100/100 VUs  2m28.0s/8m00.0s

running (2m29.0s), 100/100 VUs, 3766 complete and 0 interrupted iterations
default   [  31% ] 100/100 VUs  2m29.0s/8m00.0s

running (2m30.0s), 100/100 VUs, 3768 complete and 0 interrupted iterations
default   [  31% ] 100/100 VUs  2m30.0s/8m00.0s

running (2m31.0s), 100/100 VUs, 3794 complete and 0 interrupted iterations
default   [  31% ] 100/100 VUs  2m31.0s/8m00.0s

running (2m32.0s), 100/100 VUs, 3839 complete and 0 interrupted iterations
default   [  32% ] 100/100 VUs  2m32.0s/8m00.0s

running (2m33.0s), 100/100 VUs, 3880 complete and 0 interrupted iterations
default   [  32% ] 100/100 VUs  2m33.0s/8m00.0s

running (2m34.0s), 100/100 VUs, 3880 complete and 0 interrupted iterations
default   [  32% ] 100/100 VUs  2m34.0s/8m00.0s

running (2m35.0s), 100/100 VUs, 3882 complete and 0 interrupted iterations
default   [  32% ] 100/100 VUs  2m35.0s/8m00.0s

running (2m36.0s), 100/100 VUs, 3940 complete and 0 interrupted iterations
default   [  32% ] 100/100 VUs  2m36.0s/8m00.0s

running (2m37.0s), 100/100 VUs, 3971 complete and 0 interrupted iterations
default   [  33% ] 100/100 VUs  2m37.0s/8m00.0s

running (2m38.0s), 100/100 VUs, 3997 complete and 0 interrupted iterations
default   [  33% ] 100/100 VUs  2m38.0s/8m00.0s

running (2m39.0s), 100/100 VUs, 4050 complete and 0 interrupted iterations
default   [  33% ] 100/100 VUs  2m39.0s/8m00.0s

running (2m40.0s), 100/100 VUs, 4067 complete and 0 interrupted iterations
default   [  33% ] 100/100 VUs  2m40.0s/8m00.0s

running (2m41.0s), 100/100 VUs, 4067 complete and 0 interrupted iterations
default   [  34% ] 100/100 VUs  2m41.0s/8m00.0s

running (2m42.0s), 100/100 VUs, 4114 complete and 0 interrupted iterations
default   [  34% ] 100/100 VUs  2m42.0s/8m00.0s

running (2m43.0s), 100/100 VUs, 4153 complete and 0 interrupted iterations
default   [  34% ] 100/100 VUs  2m43.0s/8m00.0s

running (2m44.0s), 100/100 VUs, 4153 complete and 0 interrupted iterations
default   [  34% ] 100/100 VUs  2m44.0s/8m00.0s

running (2m45.0s), 100/100 VUs, 4203 complete and 0 interrupted iterations
default   [  34% ] 100/100 VUs  2m45.0s/8m00.0s

running (2m46.0s), 100/100 VUs, 4250 complete and 0 interrupted iterations
default   [  35% ] 100/100 VUs  2m46.0s/8m00.0s

running (2m47.0s), 100/100 VUs, 4250 complete and 0 interrupted iterations
default   [  35% ] 100/100 VUs  2m47.0s/8m00.0s

running (2m48.0s), 100/100 VUs, 4264 complete and 0 interrupted iterations
default   [  35% ] 100/100 VUs  2m48.0s/8m00.0s

running (2m49.0s), 100/100 VUs, 4276 complete and 0 interrupted iterations
default   [  35% ] 100/100 VUs  2m49.0s/8m00.0s

running (2m50.0s), 100/100 VUs, 4276 complete and 0 interrupted iterations
default   [  35% ] 100/100 VUs  2m50.0s/8m00.0s

running (2m51.0s), 100/100 VUs, 4283 complete and 0 interrupted iterations
default   [  36% ] 100/100 VUs  2m51.0s/8m00.0s

running (2m52.0s), 100/100 VUs, 4318 complete and 0 interrupted iterations
default   [  36% ] 100/100 VUs  2m52.0s/8m00.0s

running (2m53.0s), 100/100 VUs, 4334 complete and 0 interrupted iterations
default   [  36% ] 100/100 VUs  2m53.0s/8m00.0s

running (2m54.0s), 100/100 VUs, 4346 complete and 0 interrupted iterations
default   [  36% ] 100/100 VUs  2m54.0s/8m00.0s

running (2m55.0s), 100/100 VUs, 4384 complete and 0 interrupted iterations
default   [  36% ] 100/100 VUs  2m55.0s/8m00.0s

running (2m56.0s), 100/100 VUs, 4404 complete and 0 interrupted iterations
default   [  37% ] 100/100 VUs  2m56.0s/8m00.0s

running (2m57.0s), 100/100 VUs, 4404 complete and 0 interrupted iterations
default   [  37% ] 100/100 VUs  2m57.0s/8m00.0s

running (2m58.0s), 100/100 VUs, 4418 complete and 0 interrupted iterations
default   [  37% ] 100/100 VUs  2m58.0s/8m00.0s

running (2m59.0s), 100/100 VUs, 4449 complete and 0 interrupted iterations
default   [  37% ] 100/100 VUs  2m59.0s/8m00.0s

running (3m00.0s), 100/100 VUs, 4449 complete and 0 interrupted iterations
default   [  37% ] 100/100 VUs  3m00.0s/8m00.0s

running (3m01.0s), 100/100 VUs, 4463 complete and 0 interrupted iterations
default   [  38% ] 100/100 VUs  3m01.0s/8m00.0s

running (3m02.0s), 100/100 VUs, 4494 complete and 0 interrupted iterations
default   [  38% ] 100/100 VUs  3m02.0s/8m00.0s

running (3m03.0s), 100/100 VUs, 4522 complete and 0 interrupted iterations
default   [  38% ] 100/100 VUs  3m03.0s/8m00.0s

running (3m04.0s), 100/100 VUs, 4537 complete and 0 interrupted iterations
default   [  38% ] 100/100 VUs  3m04.0s/8m00.0s

running (3m05.0s), 100/100 VUs, 4552 complete and 0 interrupted iterations
default   [  39% ] 100/100 VUs  3m05.0s/8m00.0s

running (3m06.0s), 100/100 VUs, 4552 complete and 0 interrupted iterations
default   [  39% ] 100/100 VUs  3m06.0s/8m00.0s

running (3m07.0s), 100/100 VUs, 4582 complete and 0 interrupted iterations
default   [  39% ] 100/100 VUs  3m07.0s/8m00.0s

running (3m08.0s), 100/100 VUs, 4625 complete and 0 interrupted iterations
default   [  39% ] 100/100 VUs  3m08.0s/8m00.0s

running (3m09.0s), 100/100 VUs, 4625 complete and 0 interrupted iterations
default   [  39% ] 100/100 VUs  3m09.0s/8m00.0s

running (3m10.0s), 100/100 VUs, 4625 complete and 0 interrupted iterations
default   [  40% ] 100/100 VUs  3m10.0s/8m00.0s

running (3m11.0s), 100/100 VUs, 4650 complete and 0 interrupted iterations
default   [  40% ] 100/100 VUs  3m11.0s/8m00.0s

running (3m12.0s), 100/100 VUs, 4668 complete and 0 interrupted iterations
default   [  40% ] 100/100 VUs  3m12.0s/8m00.0s

running (3m13.0s), 100/100 VUs, 4682 complete and 0 interrupted iterations
default   [  40% ] 100/100 VUs  3m13.0s/8m00.0s

running (3m14.0s), 100/100 VUs, 4727 complete and 0 interrupted iterations
default   [  40% ] 100/100 VUs  3m14.0s/8m00.0s

running (3m15.0s), 100/100 VUs, 4736 complete and 0 interrupted iterations
default   [  41% ] 100/100 VUs  3m15.0s/8m00.0s

running (3m16.0s), 100/100 VUs, 4736 complete and 0 interrupted iterations
default   [  41% ] 100/100 VUs  3m16.0s/8m00.0s

running (3m17.0s), 100/100 VUs, 4752 complete and 0 interrupted iterations
default   [  41% ] 100/100 VUs  3m17.0s/8m00.0s

running (3m18.0s), 100/100 VUs, 4790 complete and 0 interrupted iterations
default   [  41% ] 100/100 VUs  3m18.0s/8m00.0s

running (3m19.0s), 100/100 VUs, 4790 complete and 0 interrupted iterations
default   [  41% ] 100/100 VUs  3m19.0s/8m00.0s

running (3m20.0s), 100/100 VUs, 4807 complete and 0 interrupted iterations
default   [  42% ] 100/100 VUs  3m20.0s/8m00.0s

running (3m21.0s), 100/100 VUs, 4827 complete and 0 interrupted iterations
default   [  42% ] 100/100 VUs  3m21.0s/8m00.0s

running (3m22.0s), 100/100 VUs, 4827 complete and 0 interrupted iterations
default   [  42% ] 100/100 VUs  3m22.0s/8m00.0s

running (3m23.0s), 100/100 VUs, 4845 complete and 0 interrupted iterations
default   [  42% ] 100/100 VUs  3m23.0s/8m00.0s

running (3m24.0s), 100/100 VUs, 4904 complete and 0 interrupted iterations
default   [  42% ] 100/100 VUs  3m24.0s/8m00.0s

running (3m25.0s), 100/100 VUs, 4930 complete and 0 interrupted iterations
default   [  43% ] 100/100 VUs  3m25.0s/8m00.0s

running (3m26.0s), 100/100 VUs, 4930 complete and 0 interrupted iterations
default   [  43% ] 100/100 VUs  3m26.0s/8m00.0s

running (3m27.0s), 100/100 VUs, 4935 complete and 0 interrupted iterations
default   [  43% ] 100/100 VUs  3m27.0s/8m00.0s

running (3m28.0s), 100/100 VUs, 4973 complete and 0 interrupted iterations
default   [  43% ] 100/100 VUs  3m28.0s/8m00.0s

running (3m29.0s), 100/100 VUs, 4990 complete and 0 interrupted iterations
default   [  44% ] 100/100 VUs  3m29.0s/8m00.0s

running (3m30.0s), 100/100 VUs, 5017 complete and 0 interrupted iterations
default   [  44% ] 100/100 VUs  3m30.0s/8m00.0s

running (3m31.0s), 100/100 VUs, 5022 complete and 0 interrupted iterations
default   [  44% ] 100/100 VUs  3m31.0s/8m00.0s

running (3m32.0s), 100/100 VUs, 5051 complete and 0 interrupted iterations
default   [  44% ] 100/100 VUs  3m32.0s/8m00.0s

running (3m33.0s), 100/100 VUs, 5075 complete and 0 interrupted iterations
default   [  44% ] 100/100 VUs  3m33.0s/8m00.0s

running (3m34.0s), 100/100 VUs, 5080 complete and 0 interrupted iterations
default   [  45% ] 100/100 VUs  3m34.0s/8m00.0s

running (3m35.0s), 100/100 VUs, 5084 complete and 0 interrupted iterations
default   [  45% ] 100/100 VUs  3m35.0s/8m00.0s

running (3m36.0s), 100/100 VUs, 5092 complete and 0 interrupted iterations
default   [  45% ] 100/100 VUs  3m36.0s/8m00.0s

running (3m37.0s), 100/100 VUs, 5126 complete and 0 interrupted iterations
default   [  45% ] 100/100 VUs  3m37.0s/8m00.0s

running (3m38.0s), 100/100 VUs, 5153 complete and 0 interrupted iterations
default   [  45% ] 100/100 VUs  3m38.0s/8m00.0s

running (3m39.0s), 100/100 VUs, 5177 complete and 0 interrupted iterations
default   [  46% ] 100/100 VUs  3m39.0s/8m00.0s

running (3m40.0s), 100/100 VUs, 5187 complete and 0 interrupted iterations
default   [  46% ] 100/100 VUs  3m40.0s/8m00.0s

running (3m41.0s), 100/100 VUs, 5214 complete and 0 interrupted iterations
default   [  46% ] 100/100 VUs  3m41.0s/8m00.0s

running (3m42.0s), 100/100 VUs, 5284 complete and 0 interrupted iterations
default   [  46% ] 100/100 VUs  3m42.0s/8m00.0s

running (3m43.0s), 100/100 VUs, 5341 complete and 0 interrupted iterations
default   [  46% ] 100/100 VUs  3m43.0s/8m00.0s

running (3m44.0s), 100/100 VUs, 5346 complete and 0 interrupted iterations
default   [  47% ] 100/100 VUs  3m44.0s/8m00.0s

running (3m45.0s), 100/100 VUs, 5346 complete and 0 interrupted iterations
default   [  47% ] 100/100 VUs  3m45.0s/8m00.0s

running (3m46.0s), 100/100 VUs, 5375 complete and 0 interrupted iterations
default   [  47% ] 100/100 VUs  3m46.0s/8m00.0s

running (3m47.0s), 100/100 VUs, 5389 complete and 0 interrupted iterations
default   [  47% ] 100/100 VUs  3m47.0s/8m00.0s

running (3m48.0s), 100/100 VUs, 5389 complete and 0 interrupted iterations
default   [  47% ] 100/100 VUs  3m48.0s/8m00.0s

running (3m49.0s), 100/100 VUs, 5403 complete and 0 interrupted iterations
default   [  48% ] 100/100 VUs  3m49.0s/8m00.0s

running (3m50.0s), 100/100 VUs, 5468 complete and 0 interrupted iterations
default   [  48% ] 100/100 VUs  3m50.0s/8m00.0s

running (3m51.0s), 100/100 VUs, 5505 complete and 0 interrupted iterations
default   [  48% ] 100/100 VUs  3m51.0s/8m00.0s

running (3m52.0s), 100/100 VUs, 5524 complete and 0 interrupted iterations
default   [  48% ] 100/100 VUs  3m52.0s/8m00.0s

running (3m53.0s), 100/100 VUs, 5552 complete and 0 interrupted iterations
default   [  49% ] 100/100 VUs  3m53.0s/8m00.0s

running (3m54.0s), 100/100 VUs, 5556 complete and 0 interrupted iterations
default   [  49% ] 100/100 VUs  3m54.0s/8m00.0s

running (3m55.0s), 100/100 VUs, 5590 complete and 0 interrupted iterations
default   [  49% ] 100/100 VUs  3m55.0s/8m00.0s

running (3m56.0s), 100/100 VUs, 5605 complete and 0 interrupted iterations
default   [  49% ] 100/100 VUs  3m56.0s/8m00.0s

running (3m57.0s), 100/100 VUs, 5636 complete and 0 interrupted iterations
default   [  49% ] 100/100 VUs  3m57.0s/8m00.0s

running (3m58.0s), 100/100 VUs, 5650 complete and 0 interrupted iterations
default   [  50% ] 100/100 VUs  3m58.0s/8m00.0s

running (3m59.0s), 100/100 VUs, 5694 complete and 0 interrupted iterations
default   [  50% ] 100/100 VUs  3m59.0s/8m00.0s

running (4m00.0s), 100/100 VUs, 5730 complete and 0 interrupted iterations
default   [  50% ] 100/100 VUs  4m00.0s/8m00.0s

running (4m01.0s), 100/100 VUs, 5730 complete and 0 interrupted iterations
default   [  50% ] 100/100 VUs  4m01.0s/8m00.0s

running (4m02.0s), 100/100 VUs, 5801 complete and 0 interrupted iterations
default   [  50% ] 100/100 VUs  4m02.0s/8m00.0s

running (4m03.0s), 100/100 VUs, 5848 complete and 0 interrupted iterations
default   [  51% ] 100/100 VUs  4m03.0s/8m00.0s

running (4m04.0s), 100/100 VUs, 5880 complete and 0 interrupted iterations
default   [  51% ] 100/100 VUs  4m04.0s/8m00.0s

running (4m05.0s), 100/100 VUs, 5930 complete and 0 interrupted iterations
default   [  51% ] 100/100 VUs  4m05.0s/8m00.0s

running (4m06.0s), 100/100 VUs, 5961 complete and 0 interrupted iterations
default   [  51% ] 100/100 VUs  4m06.0s/8m00.0s

running (4m07.0s), 100/100 VUs, 5993 complete and 0 interrupted iterations
default   [  51% ] 100/100 VUs  4m07.0s/8m00.0s

running (4m08.0s), 100/100 VUs, 6055 complete and 0 interrupted iterations
default   [  52% ] 100/100 VUs  4m08.0s/8m00.0s

running (4m09.0s), 100/100 VUs, 6123 complete and 0 interrupted iterations
default   [  52% ] 100/100 VUs  4m09.0s/8m00.0s

running (4m10.0s), 100/100 VUs, 6155 complete and 0 interrupted iterations
default   [  52% ] 100/100 VUs  4m10.0s/8m00.0s

running (4m11.0s), 100/100 VUs, 6162 complete and 0 interrupted iterations
default   [  52% ] 100/100 VUs  4m11.0s/8m00.0s

running (4m12.0s), 100/100 VUs, 6176 complete and 0 interrupted iterations
default   [  52% ] 100/100 VUs  4m12.0s/8m00.0s

running (4m13.0s), 100/100 VUs, 6211 complete and 0 interrupted iterations
default   [  53% ] 100/100 VUs  4m13.0s/8m00.0s

running (4m14.0s), 100/100 VUs, 6244 complete and 0 interrupted iterations
default   [  53% ] 100/100 VUs  4m14.0s/8m00.0s

running (4m15.0s), 100/100 VUs, 6258 complete and 0 interrupted iterations
default   [  53% ] 100/100 VUs  4m15.0s/8m00.0s

running (4m16.0s), 100/100 VUs, 6270 complete and 0 interrupted iterations
default   [  53% ] 100/100 VUs  4m16.0s/8m00.0s

running (4m17.0s), 100/100 VUs, 6274 complete and 0 interrupted iterations
default   [  54% ] 100/100 VUs  4m17.0s/8m00.0s

running (4m18.0s), 100/100 VUs, 6284 complete and 0 interrupted iterations
default   [  54% ] 100/100 VUs  4m18.0s/8m00.0s

running (4m19.0s), 100/100 VUs, 6310 complete and 0 interrupted iterations
default   [  54% ] 100/100 VUs  4m19.0s/8m00.0s

running (4m20.0s), 100/100 VUs, 6320 complete and 0 interrupted iterations
default   [  54% ] 100/100 VUs  4m20.0s/8m00.0s

running (4m21.0s), 100/100 VUs, 6365 complete and 0 interrupted iterations
default   [  54% ] 100/100 VUs  4m21.0s/8m00.0s

running (4m22.0s), 100/100 VUs, 6410 complete and 0 interrupted iterations
default   [  55% ] 100/100 VUs  4m22.0s/8m00.0s

running (4m23.0s), 100/100 VUs, 6410 complete and 0 interrupted iterations
default   [  55% ] 100/100 VUs  4m23.0s/8m00.0s

running (4m24.0s), 100/100 VUs, 6423 complete and 0 interrupted iterations
default   [  55% ] 100/100 VUs  4m24.0s/8m00.0s

running (4m25.0s), 100/100 VUs, 6478 complete and 0 interrupted iterations
default   [  55% ] 100/100 VUs  4m25.0s/8m00.0s

running (4m26.0s), 100/100 VUs, 6513 complete and 0 interrupted iterations
default   [  55% ] 100/100 VUs  4m26.0s/8m00.0s

running (4m27.0s), 100/100 VUs, 6513 complete and 0 interrupted iterations
default   [  56% ] 100/100 VUs  4m27.0s/8m00.0s

running (4m28.0s), 100/100 VUs, 6528 complete and 0 interrupted iterations
default   [  56% ] 100/100 VUs  4m28.0s/8m00.0s

running (4m29.0s), 100/100 VUs, 6589 complete and 0 interrupted iterations
default   [  56% ] 100/100 VUs  4m29.0s/8m00.0s

running (4m30.0s), 100/100 VUs, 6629 complete and 0 interrupted iterations
default   [  56% ] 100/100 VUs  4m30.0s/8m00.0s

running (4m31.0s), 100/100 VUs, 6653 complete and 0 interrupted iterations
default   [  56% ] 100/100 VUs  4m31.0s/8m00.0s

running (4m32.0s), 100/100 VUs, 6716 complete and 0 interrupted iterations
default   [  57% ] 100/100 VUs  4m32.0s/8m00.0s

running (4m33.0s), 100/100 VUs, 6775 complete and 0 interrupted iterations
default   [  57% ] 100/100 VUs  4m33.0s/8m00.0s

running (4m34.0s), 100/100 VUs, 6811 complete and 0 interrupted iterations
default   [  57% ] 100/100 VUs  4m34.0s/8m00.0s

running (4m35.0s), 100/100 VUs, 6848 complete and 0 interrupted iterations
default   [  57% ] 100/100 VUs  4m35.0s/8m00.0s

running (4m36.0s), 100/100 VUs, 6882 complete and 0 interrupted iterations
default   [  57% ] 100/100 VUs  4m36.0s/8m00.0s

running (4m37.0s), 100/100 VUs, 6922 complete and 0 interrupted iterations
default   [  58% ] 100/100 VUs  4m37.0s/8m00.0s

running (4m38.0s), 100/100 VUs, 6945 complete and 0 interrupted iterations
default   [  58% ] 100/100 VUs  4m38.0s/8m00.0s

running (4m39.0s), 100/100 VUs, 6945 complete and 0 interrupted iterations
default   [  58% ] 100/100 VUs  4m39.0s/8m00.0s

running (4m40.0s), 100/100 VUs, 6954 complete and 0 interrupted iterations
default   [  58% ] 100/100 VUs  4m40.0s/8m00.0s

running (4m41.0s), 100/100 VUs, 6975 complete and 0 interrupted iterations
default   [  59% ] 100/100 VUs  4m41.0s/8m00.0s

running (4m42.0s), 100/100 VUs, 7009 complete and 0 interrupted iterations
default   [  59% ] 100/100 VUs  4m42.0s/8m00.0s

running (4m43.0s), 100/100 VUs, 7064 complete and 0 interrupted iterations
default   [  59% ] 100/100 VUs  4m43.0s/8m00.0s

running (4m44.0s), 100/100 VUs, 7097 complete and 0 interrupted iterations
default   [  59% ] 100/100 VUs  4m44.0s/8m00.0s

running (4m45.0s), 100/100 VUs, 7097 complete and 0 interrupted iterations
default   [  59% ] 100/100 VUs  4m45.0s/8m00.0s

running (4m46.0s), 100/100 VUs, 7127 complete and 0 interrupted iterations
default   [  60% ] 100/100 VUs  4m46.0s/8m00.0s

running (4m47.0s), 100/100 VUs, 7188 complete and 0 interrupted iterations
default   [  60% ] 100/100 VUs  4m47.0s/8m00.0s

running (4m48.0s), 100/100 VUs, 7250 complete and 0 interrupted iterations
default   [  60% ] 100/100 VUs  4m48.0s/8m00.0s

running (4m49.0s), 100/100 VUs, 7256 complete and 0 interrupted iterations
default   [  60% ] 100/100 VUs  4m49.0s/8m00.0s

running (4m50.0s), 100/100 VUs, 7267 complete and 0 interrupted iterations
default   [  60% ] 100/100 VUs  4m50.0s/8m00.0s

running (4m51.0s), 100/100 VUs, 7270 complete and 0 interrupted iterations
default   [  61% ] 100/100 VUs  4m51.0s/8m00.0s

running (4m52.0s), 100/100 VUs, 7270 complete and 0 interrupted iterations
default   [  61% ] 100/100 VUs  4m52.0s/8m00.0s

running (4m53.0s), 100/100 VUs, 7329 complete and 0 interrupted iterations
default   [  61% ] 100/100 VUs  4m53.0s/8m00.0s

running (4m54.0s), 100/100 VUs, 7413 complete and 0 interrupted iterations
default   [  61% ] 100/100 VUs  4m54.0s/8m00.0s

running (4m55.0s), 100/100 VUs, 7498 complete and 0 interrupted iterations
default   [  61% ] 100/100 VUs  4m55.0s/8m00.0s

running (4m56.0s), 100/100 VUs, 7593 complete and 0 interrupted iterations
default   [  62% ] 100/100 VUs  4m56.0s/8m00.0s

running (4m57.0s), 100/100 VUs, 7636 complete and 0 interrupted iterations
default   [  62% ] 100/100 VUs  4m57.0s/8m00.0s

running (4m58.0s), 100/100 VUs, 7672 complete and 0 interrupted iterations
default   [  62% ] 100/100 VUs  4m58.0s/8m00.0s

running (4m59.0s), 100/100 VUs, 7712 complete and 0 interrupted iterations
default   [  62% ] 100/100 VUs  4m59.0s/8m00.0s

running (5m00.0s), 100/100 VUs, 7781 complete and 0 interrupted iterations
default   [  62% ] 100/100 VUs  5m00.0s/8m00.0s

running (5m01.0s), 100/100 VUs, 7806 complete and 0 interrupted iterations
default   [  63% ] 100/100 VUs  5m01.0s/8m00.0s

running (5m02.0s), 100/100 VUs, 7833 complete and 0 interrupted iterations
default   [  63% ] 100/100 VUs  5m02.0s/8m00.0s

running (5m03.0s), 100/100 VUs, 7896 complete and 0 interrupted iterations
default   [  63% ] 100/100 VUs  5m03.0s/8m00.0s

running (5m04.0s), 100/100 VUs, 7974 complete and 0 interrupted iterations
default   [  63% ] 100/100 VUs  5m04.0s/8m00.0s

running (5m05.0s), 100/100 VUs, 8003 complete and 0 interrupted iterations
default   [  64% ] 100/100 VUs  5m05.0s/8m00.0s

running (5m06.0s), 100/100 VUs, 8037 complete and 0 interrupted iterations
default   [  64% ] 100/100 VUs  5m06.0s/8m00.0s

running (5m07.0s), 100/100 VUs, 8077 complete and 0 interrupted iterations
default   [  64% ] 100/100 VUs  5m07.0s/8m00.0s

running (5m08.0s), 100/100 VUs, 8077 complete and 0 interrupted iterations
default   [  64% ] 100/100 VUs  5m08.0s/8m00.0s

running (5m09.0s), 100/100 VUs, 8077 complete and 0 interrupted iterations
default   [  64% ] 100/100 VUs  5m09.0s/8m00.0s

running (5m10.0s), 100/100 VUs, 8127 complete and 0 interrupted iterations
default   [  65% ] 100/100 VUs  5m10.0s/8m00.0s

running (5m11.0s), 100/100 VUs, 8127 complete and 0 interrupted iterations
default   [  65% ] 100/100 VUs  5m11.0s/8m00.0s

running (5m12.0s), 100/100 VUs, 8127 complete and 0 interrupted iterations
default   [  65% ] 100/100 VUs  5m12.0s/8m00.0s

running (5m13.0s), 100/100 VUs, 8166 complete and 0 interrupted iterations
default   [  65% ] 100/100 VUs  5m13.0s/8m00.0s

running (5m14.0s), 100/100 VUs, 8191 complete and 0 interrupted iterations
default   [  65% ] 100/100 VUs  5m14.0s/8m00.0s

running (5m15.0s), 100/100 VUs, 8191 complete and 0 interrupted iterations
default   [  66% ] 100/100 VUs  5m15.0s/8m00.0s

running (5m16.0s), 100/100 VUs, 8207 complete and 0 interrupted iterations
default   [  66% ] 100/100 VUs  5m16.0s/8m00.0s

running (5m17.0s), 100/100 VUs, 8265 complete and 0 interrupted iterations
default   [  66% ] 100/100 VUs  5m17.0s/8m00.0s

running (5m18.0s), 100/100 VUs, 8298 complete and 0 interrupted iterations
default   [  66% ] 100/100 VUs  5m18.0s/8m00.0s

running (5m19.0s), 100/100 VUs, 8299 complete and 0 interrupted iterations
default   [  66% ] 100/100 VUs  5m19.0s/8m00.0s

running (5m20.0s), 100/100 VUs, 8341 complete and 0 interrupted iterations
default   [  67% ] 100/100 VUs  5m20.0s/8m00.0s

running (5m21.0s), 100/100 VUs, 8429 complete and 0 interrupted iterations
default   [  67% ] 100/100 VUs  5m21.0s/8m00.0s

running (5m22.0s), 100/100 VUs, 8463 complete and 0 interrupted iterations
default   [  67% ] 100/100 VUs  5m22.0s/8m00.0s

running (5m23.0s), 100/100 VUs, 8489 complete and 0 interrupted iterations
default   [  67% ] 100/100 VUs  5m23.0s/8m00.0s

running (5m24.0s), 100/100 VUs, 8516 complete and 0 interrupted iterations
default   [  67% ] 100/100 VUs  5m24.0s/8m00.0s

running (5m25.0s), 100/100 VUs, 8516 complete and 0 interrupted iterations
default   [  68% ] 100/100 VUs  5m25.0s/8m00.0s

running (5m26.0s), 100/100 VUs, 8528 complete and 0 interrupted iterations
default   [  68% ] 100/100 VUs  5m26.0s/8m00.0s

running (5m27.0s), 100/100 VUs, 8553 complete and 0 interrupted iterations
default   [  68% ] 100/100 VUs  5m27.0s/8m00.0s

running (5m28.0s), 100/100 VUs, 8567 complete and 0 interrupted iterations
default   [  68% ] 100/100 VUs  5m28.0s/8m00.0s

running (5m29.0s), 100/100 VUs, 8579 complete and 0 interrupted iterations
default   [  69% ] 100/100 VUs  5m29.0s/8m00.0s

running (5m30.0s), 100/100 VUs, 8612 complete and 0 interrupted iterations
default   [  69% ] 100/100 VUs  5m30.0s/8m00.0s

running (5m31.0s), 100/100 VUs, 8626 complete and 0 interrupted iterations
default   [  69% ] 100/100 VUs  5m31.0s/8m00.0s

running (5m32.0s), 100/100 VUs, 8626 complete and 0 interrupted iterations
default   [  69% ] 100/100 VUs  5m32.0s/8m00.0s

running (5m33.0s), 100/100 VUs, 8645 complete and 0 interrupted iterations
default   [  69% ] 100/100 VUs  5m33.0s/8m00.0s

running (5m34.0s), 100/100 VUs, 8695 complete and 0 interrupted iterations
default   [  70% ] 100/100 VUs  5m34.0s/8m00.0s

running (5m35.0s), 100/100 VUs, 8731 complete and 0 interrupted iterations
default   [  70% ] 100/100 VUs  5m35.0s/8m00.0s

running (5m36.0s), 100/100 VUs, 8778 complete and 0 interrupted iterations
default   [  70% ] 100/100 VUs  5m36.0s/8m00.0s

running (5m37.0s), 100/100 VUs, 8815 complete and 0 interrupted iterations
default   [  70% ] 100/100 VUs  5m37.0s/8m00.0s

running (5m38.0s), 100/100 VUs, 8835 complete and 0 interrupted iterations
default   [  70% ] 100/100 VUs  5m38.0s/8m00.0s

running (5m39.0s), 100/100 VUs, 8850 complete and 0 interrupted iterations
default   [  71% ] 100/100 VUs  5m39.0s/8m00.0s

running (5m40.0s), 100/100 VUs, 8858 complete and 0 interrupted iterations
default   [  71% ] 100/100 VUs  5m40.0s/8m00.0s

running (5m41.0s), 100/100 VUs, 8886 complete and 0 interrupted iterations
default   [  71% ] 100/100 VUs  5m41.0s/8m00.0s

running (5m42.0s), 100/100 VUs, 8899 complete and 0 interrupted iterations
default   [  71% ] 100/100 VUs  5m42.0s/8m00.0s

running (5m43.0s), 100/100 VUs, 8929 complete and 0 interrupted iterations
default   [  71% ] 100/100 VUs  5m43.0s/8m00.0s

running (5m44.0s), 100/100 VUs, 8980 complete and 0 interrupted iterations
default   [  72% ] 100/100 VUs  5m44.0s/8m00.0s

running (5m45.0s), 100/100 VUs, 9046 complete and 0 interrupted iterations
default   [  72% ] 100/100 VUs  5m45.0s/8m00.0s

running (5m46.0s), 100/100 VUs, 9113 complete and 0 interrupted iterations
default   [  72% ] 100/100 VUs  5m46.0s/8m00.0s

running (5m47.0s), 100/100 VUs, 9148 complete and 0 interrupted iterations
default   [  72% ] 100/100 VUs  5m47.0s/8m00.0s

running (5m48.0s), 100/100 VUs, 9179 complete and 0 interrupted iterations
default   [  72% ] 100/100 VUs  5m48.0s/8m00.0s

running (5m49.0s), 100/100 VUs, 9214 complete and 0 interrupted iterations
default   [  73% ] 100/100 VUs  5m49.0s/8m00.0s

running (5m50.0s), 100/100 VUs, 9224 complete and 0 interrupted iterations
default   [  73% ] 100/100 VUs  5m50.0s/8m00.0s

running (5m51.0s), 100/100 VUs, 9226 complete and 0 interrupted iterations
default   [  73% ] 100/100 VUs  5m51.0s/8m00.0s

running (5m52.0s), 100/100 VUs, 9238 complete and 0 interrupted iterations
default   [  73% ] 100/100 VUs  5m52.0s/8m00.0s

running (5m53.0s), 100/100 VUs, 9246 complete and 0 interrupted iterations
default   [  74% ] 100/100 VUs  5m53.0s/8m00.0s

running (5m54.0s), 100/100 VUs, 9256 complete and 0 interrupted iterations
default   [  74% ] 100/100 VUs  5m54.0s/8m00.0s

running (5m54.9s), 100/100 VUs, 9289 complete and 0 interrupted iterations
default   [  74% ] 100/100 VUs  5m55.0s/8m00.0s

running (5m55.9s), 100/100 VUs, 9335 complete and 0 interrupted iterations
default   [  74% ] 100/100 VUs  5m56.0s/8m00.0s

running (5m56.9s), 100/100 VUs, 9335 complete and 0 interrupted iterations
default   [  74% ] 100/100 VUs  5m57.0s/8m00.0s

running (5m57.9s), 100/100 VUs, 9352 complete and 0 interrupted iterations
default   [  75% ] 100/100 VUs  5m58.0s/8m00.0s

running (5m58.9s), 100/100 VUs, 9364 complete and 0 interrupted iterations
default   [  75% ] 100/100 VUs  5m59.0s/8m00.0s

running (5m59.9s), 100/100 VUs, 9364 complete and 0 interrupted iterations
default   [  75% ] 100/100 VUs  6m00.0s/8m00.0s

running (6m00.9s), 100/100 VUs, 9404 complete and 0 interrupted iterations
default   [  75% ] 100/100 VUs  6m01.0s/8m00.0s

running (6m01.9s), 100/100 VUs, 9429 complete and 0 interrupted iterations
default   [  75% ] 100/100 VUs  6m02.0s/8m00.0s

running (6m02.9s), 100/100 VUs, 9460 complete and 0 interrupted iterations
default   [  76% ] 100/100 VUs  6m03.0s/8m00.0s

running (6m03.9s), 100/100 VUs, 9494 complete and 0 interrupted iterations
default   [  76% ] 100/100 VUs  6m04.0s/8m00.0s

running (6m04.9s), 100/100 VUs, 9527 complete and 0 interrupted iterations
default   [  76% ] 100/100 VUs  6m05.0s/8m00.0s

running (6m05.9s), 100/100 VUs, 9560 complete and 0 interrupted iterations
default   [  76% ] 100/100 VUs  6m06.0s/8m00.0s

running (6m06.9s), 100/100 VUs, 9583 complete and 0 interrupted iterations
default   [  76% ] 100/100 VUs  6m07.0s/8m00.0s

running (6m07.9s), 100/100 VUs, 9626 complete and 0 interrupted iterations
default   [  77% ] 100/100 VUs  6m08.0s/8m00.0s

running (6m08.9s), 100/100 VUs, 9677 complete and 0 interrupted iterations
default   [  77% ] 100/100 VUs  6m09.0s/8m00.0s

running (6m09.9s), 100/100 VUs, 9698 complete and 0 interrupted iterations
default   [  77% ] 100/100 VUs  6m10.0s/8m00.0s

running (6m10.9s), 100/100 VUs, 9699 complete and 0 interrupted iterations
default   [  77% ] 100/100 VUs  6m11.0s/8m00.0s

running (6m11.9s), 100/100 VUs, 9736 complete and 0 interrupted iterations
default   [  77% ] 100/100 VUs  6m12.0s/8m00.0s

running (6m12.9s), 100/100 VUs, 9739 complete and 0 interrupted iterations
default   [  78% ] 100/100 VUs  6m13.0s/8m00.0s

running (6m13.9s), 100/100 VUs, 9739 complete and 0 interrupted iterations
default   [  78% ] 100/100 VUs  6m14.0s/8m00.0s

running (6m14.9s), 100/100 VUs, 9750 complete and 0 interrupted iterations
default   [  78% ] 100/100 VUs  6m15.0s/8m00.0s

running (6m15.9s), 100/100 VUs, 9788 complete and 0 interrupted iterations
default   [  78% ] 100/100 VUs  6m16.0s/8m00.0s

running (6m16.9s), 100/100 VUs, 9788 complete and 0 interrupted iterations
default   [  79% ] 100/100 VUs  6m17.0s/8m00.0s

running (6m17.9s), 100/100 VUs, 9790 complete and 0 interrupted iterations
default   [  79% ] 100/100 VUs  6m18.0s/8m00.0s

running (6m18.9s), 100/100 VUs, 9819 complete and 0 interrupted iterations
default   [  79% ] 100/100 VUs  6m19.0s/8m00.0s

running (6m19.9s), 100/100 VUs, 9819 complete and 0 interrupted iterations
default   [  79% ] 100/100 VUs  6m20.0s/8m00.0s

running (6m20.9s), 100/100 VUs, 9834 complete and 0 interrupted iterations
default   [  79% ] 100/100 VUs  6m21.0s/8m00.0s

running (6m21.9s), 100/100 VUs, 9868 complete and 0 interrupted iterations
default   [  80% ] 100/100 VUs  6m22.0s/8m00.0s

running (6m22.9s), 100/100 VUs, 9880 complete and 0 interrupted iterations
default   [  80% ] 100/100 VUs  6m23.0s/8m00.0s

running (6m23.9s), 100/100 VUs, 9889 complete and 0 interrupted iterations
default   [  80% ] 100/100 VUs  6m24.0s/8m00.0s

running (6m24.9s), 100/100 VUs, 9915 complete and 0 interrupted iterations
default   [  80% ] 100/100 VUs  6m25.0s/8m00.0s

running (6m25.9s), 100/100 VUs, 9936 complete and 0 interrupted iterations
default   [  80% ] 100/100 VUs  6m26.0s/8m00.0s

running (6m26.9s), 100/100 VUs, 9936 complete and 0 interrupted iterations
default   [  81% ] 100/100 VUs  6m27.0s/8m00.0s

running (6m27.9s), 100/100 VUs, 9946 complete and 0 interrupted iterations
default   [  81% ] 100/100 VUs  6m28.0s/8m00.0s

running (6m28.9s), 100/100 VUs, 9964 complete and 0 interrupted iterations
default   [  81% ] 100/100 VUs  6m29.0s/8m00.0s

running (6m29.9s), 100/100 VUs, 9993 complete and 0 interrupted iterations
default   [  81% ] 100/100 VUs  6m30.0s/8m00.0s

running (6m30.9s), 100/100 VUs, 10032 complete and 0 interrupted iterations
default   [  81% ] 100/100 VUs  6m31.0s/8m00.0s

running (6m31.9s), 100/100 VUs, 10041 complete and 0 interrupted iterations
default   [  82% ] 100/100 VUs  6m32.0s/8m00.0s

running (6m32.9s), 100/100 VUs, 10049 complete and 0 interrupted iterations
default   [  82% ] 100/100 VUs  6m33.0s/8m00.0s

running (6m33.9s), 100/100 VUs, 10066 complete and 0 interrupted iterations
default   [  82% ] 100/100 VUs  6m34.0s/8m00.0s

running (6m34.9s), 100/100 VUs, 10068 complete and 0 interrupted iterations
default   [  82% ] 100/100 VUs  6m35.0s/8m00.0s

running (6m35.9s), 100/100 VUs, 10074 complete and 0 interrupted iterations
default   [  82% ] 100/100 VUs  6m36.0s/8m00.0s

running (6m36.9s), 100/100 VUs, 10097 complete and 0 interrupted iterations
default   [  83% ] 100/100 VUs  6m37.0s/8m00.0s

running (6m37.9s), 100/100 VUs, 10126 complete and 0 interrupted iterations
default   [  83% ] 100/100 VUs  6m38.0s/8m00.0s

running (6m38.9s), 100/100 VUs, 10157 complete and 0 interrupted iterations
default   [  83% ] 100/100 VUs  6m39.0s/8m00.0s

running (6m39.9s), 100/100 VUs, 10187 complete and 0 interrupted iterations
default   [  83% ] 100/100 VUs  6m40.0s/8m00.0s

running (6m40.9s), 100/100 VUs, 10192 complete and 0 interrupted iterations
default   [  84% ] 100/100 VUs  6m41.0s/8m00.0s

running (6m41.9s), 100/100 VUs, 10212 complete and 0 interrupted iterations
default   [  84% ] 100/100 VUs  6m42.0s/8m00.0s

running (6m42.9s), 100/100 VUs, 10245 complete and 0 interrupted iterations
default   [  84% ] 100/100 VUs  6m43.0s/8m00.0s

running (6m43.9s), 100/100 VUs, 10245 complete and 0 interrupted iterations
default   [  84% ] 100/100 VUs  6m44.0s/8m00.0s

running (6m44.9s), 100/100 VUs, 10245 complete and 0 interrupted iterations
default   [  84% ] 100/100 VUs  6m45.0s/8m00.0s

running (6m45.9s), 100/100 VUs, 10278 complete and 0 interrupted iterations
default   [  85% ] 100/100 VUs  6m46.0s/8m00.0s

running (6m46.9s), 100/100 VUs, 10312 complete and 0 interrupted iterations
default   [  85% ] 100/100 VUs  6m47.0s/8m00.0s

running (6m47.9s), 100/100 VUs, 10338 complete and 0 interrupted iterations
default   [  85% ] 100/100 VUs  6m48.0s/8m00.0s

running (6m48.9s), 100/100 VUs, 10398 complete and 0 interrupted iterations
default   [  85% ] 100/100 VUs  6m49.0s/8m00.0s

running (6m49.9s), 100/100 VUs, 10423 complete and 0 interrupted iterations
default   [  85% ] 100/100 VUs  6m50.0s/8m00.0s

running (6m50.9s), 100/100 VUs, 10423 complete and 0 interrupted iterations
default   [  86% ] 100/100 VUs  6m51.0s/8m00.0s

running (6m51.9s), 100/100 VUs, 10436 complete and 0 interrupted iterations
default   [  86% ] 100/100 VUs  6m52.0s/8m00.0s

running (6m52.9s), 100/100 VUs, 10501 complete and 0 interrupted iterations
default   [  86% ] 100/100 VUs  6m53.0s/8m00.0s

running (6m53.9s), 100/100 VUs, 10501 complete and 0 interrupted iterations
default   [  86% ] 100/100 VUs  6m54.0s/8m00.0s

running (6m54.9s), 100/100 VUs, 10501 complete and 0 interrupted iterations
default   [  86% ] 100/100 VUs  6m55.0s/8m00.0s

running (6m55.9s), 100/100 VUs, 10550 complete and 0 interrupted iterations
default   [  87% ] 100/100 VUs  6m56.0s/8m00.0s

running (6m56.9s), 100/100 VUs, 10592 complete and 0 interrupted iterations
default   [  87% ] 100/100 VUs  6m57.0s/8m00.0s

running (6m57.9s), 100/100 VUs, 10592 complete and 0 interrupted iterations
default   [  87% ] 100/100 VUs  6m58.0s/8m00.0s

running (6m58.9s), 100/100 VUs, 10607 complete and 0 interrupted iterations
default   [  87% ] 100/100 VUs  6m59.0s/8m00.0s

running (6m59.9s), 100/100 VUs, 10684 complete and 0 interrupted iterations
default   [  87% ] 100/100 VUs  7m00.0s/8m00.0s

running (7m00.9s), 100/100 VUs, 10773 complete and 0 interrupted iterations
default   [  88% ] 100/100 VUs  7m01.0s/8m00.0s

running (7m01.9s), 099/100 VUs, 10796 complete and 0 interrupted iterations
default   [  88% ] 099/100 VUs  7m02.0s/8m00.0s

running (7m02.9s), 099/100 VUs, 10796 complete and 0 interrupted iterations
default   [  88% ] 099/100 VUs  7m03.0s/8m00.0s

running (7m03.9s), 096/100 VUs, 10833 complete and 0 interrupted iterations
default   [  88% ] 096/100 VUs  7m04.0s/8m00.0s

running (7m04.9s), 094/100 VUs, 10879 complete and 0 interrupted iterations
default   [  89% ] 094/100 VUs  7m05.0s/8m00.0s

running (7m05.9s), 094/100 VUs, 10903 complete and 0 interrupted iterations
default   [  89% ] 094/100 VUs  7m06.0s/8m00.0s

running (7m06.9s), 094/100 VUs, 10915 complete and 0 interrupted iterations
default   [  89% ] 094/100 VUs  7m07.0s/8m00.0s

running (7m07.9s), 092/100 VUs, 10943 complete and 0 interrupted iterations
default   [  89% ] 092/100 VUs  7m08.0s/8m00.0s

running (7m08.9s), 090/100 VUs, 10971 complete and 0 interrupted iterations
default   [  89% ] 090/100 VUs  7m09.0s/8m00.0s

running (7m09.9s), 088/100 VUs, 11004 complete and 0 interrupted iterations
default   [  90% ] 088/100 VUs  7m10.0s/8m00.0s

running (7m10.9s), 083/100 VUs, 11057 complete and 0 interrupted iterations
default   [  90% ] 083/100 VUs  7m11.0s/8m00.0s

running (7m11.9s), 083/100 VUs, 11081 complete and 0 interrupted iterations
default   [  90% ] 083/100 VUs  7m12.0s/8m00.0s

running (7m12.9s), 083/100 VUs, 11083 complete and 0 interrupted iterations
default   [  90% ] 083/100 VUs  7m13.0s/8m00.0s

running (7m13.9s), 079/100 VUs, 11126 complete and 0 interrupted iterations
default   [  90% ] 079/100 VUs  7m14.0s/8m00.0s

running (7m14.9s), 077/100 VUs, 11164 complete and 0 interrupted iterations
default   [  91% ] 077/100 VUs  7m15.0s/8m00.0s

running (7m15.9s), 077/100 VUs, 11168 complete and 0 interrupted iterations
default   [  91% ] 077/100 VUs  7m16.0s/8m00.0s

running (7m16.9s), 077/100 VUs, 11171 complete and 0 interrupted iterations
default   [  91% ] 077/100 VUs  7m17.0s/8m00.0s

running (7m17.9s), 077/100 VUs, 11174 complete and 0 interrupted iterations
default   [  91% ] 077/100 VUs  7m18.0s/8m00.0s

running (7m18.9s), 073/100 VUs, 11184 complete and 0 interrupted iterations
default   [  91% ] 073/100 VUs  7m19.0s/8m00.0s

running (7m19.9s), 073/100 VUs, 11188 complete and 0 interrupted iterations
default   [  92% ] 073/100 VUs  7m20.0s/8m00.0s

running (7m20.9s), 073/100 VUs, 11201 complete and 0 interrupted iterations
default   [  92% ] 073/100 VUs  7m21.0s/8m00.0s

running (7m21.9s), 070/100 VUs, 11210 complete and 0 interrupted iterations
default   [  92% ] 070/100 VUs  7m22.0s/8m00.0s

running (7m22.9s), 067/100 VUs, 11225 complete and 0 interrupted iterations
default   [  92% ] 067/100 VUs  7m23.0s/8m00.0s

running (7m23.9s), 061/100 VUs, 11264 complete and 0 interrupted iterations
default   [  92% ] 061/100 VUs  7m24.0s/8m00.0s

running (7m24.9s), 059/100 VUs, 11303 complete and 0 interrupted iterations
default   [  93% ] 059/100 VUs  7m25.0s/8m00.0s

running (7m25.9s), 057/100 VUs, 11336 complete and 0 interrupted iterations
default   [  93% ] 057/100 VUs  7m26.0s/8m00.0s

running (7m26.9s), 057/100 VUs, 11350 complete and 0 interrupted iterations
default   [  93% ] 057/100 VUs  7m27.0s/8m00.0s

running (7m27.9s), 057/100 VUs, 11360 complete and 0 interrupted iterations
default   [  93% ] 057/100 VUs  7m28.0s/8m00.0s

running (7m28.9s), 057/100 VUs, 11363 complete and 0 interrupted iterations
default   [  94% ] 057/100 VUs  7m29.0s/8m00.0s

running (7m29.9s), 054/100 VUs, 11393 complete and 0 interrupted iterations
default   [  94% ] 054/100 VUs  7m30.0s/8m00.0s

running (7m30.9s), 051/100 VUs, 11417 complete and 0 interrupted iterations
default   [  94% ] 051/100 VUs  7m31.0s/8m00.0s

running (7m31.9s), 051/100 VUs, 11418 complete and 0 interrupted iterations
default   [  94% ] 051/100 VUs  7m32.0s/8m00.0s

running (7m32.9s), 049/100 VUs, 11435 complete and 0 interrupted iterations
default   [  94% ] 049/100 VUs  7m33.0s/8m00.0s

running (7m33.9s), 046/100 VUs, 11473 complete and 0 interrupted iterations
default   [  95% ] 046/100 VUs  7m34.0s/8m00.0s

running (7m34.9s), 045/100 VUs, 11488 complete and 0 interrupted iterations
default   [  95% ] 045/100 VUs  7m35.0s/8m00.0s

running (7m35.9s), 045/100 VUs, 11488 complete and 0 interrupted iterations
default   [  95% ] 045/100 VUs  7m36.0s/8m00.0s

running (7m36.9s), 045/100 VUs, 11494 complete and 0 interrupted iterations
default   [  95% ] 045/100 VUs  7m37.0s/8m00.0s

running (7m37.9s), 042/100 VUs, 11519 complete and 0 interrupted iterations
default   [  95% ] 042/100 VUs  7m38.0s/8m00.0s

running (7m38.9s), 042/100 VUs, 11519 complete and 0 interrupted iterations
default   [  96% ] 042/100 VUs  7m39.0s/8m00.0s

running (7m39.9s), 041/100 VUs, 11526 complete and 0 interrupted iterations
default   [  96% ] 041/100 VUs  7m40.0s/8m00.0s

running (7m40.9s), 034/100 VUs, 11548 complete and 0 interrupted iterations
default   [  96% ] 034/100 VUs  7m41.0s/8m00.0s

running (7m41.9s), 032/100 VUs, 11565 complete and 0 interrupted iterations
default   [  96% ] 032/100 VUs  7m42.0s/8m00.0s

running (7m42.9s), 032/100 VUs, 11584 complete and 0 interrupted iterations
default   [  96% ] 032/100 VUs  7m43.0s/8m00.0s

running (7m43.9s), 032/100 VUs, 11584 complete and 0 interrupted iterations
default   [  97% ] 032/100 VUs  7m44.0s/8m00.0s

running (7m44.9s), 028/100 VUs, 11611 complete and 0 interrupted iterations
default   [  97% ] 028/100 VUs  7m45.0s/8m00.0s

running (7m45.9s), 026/100 VUs, 11617 complete and 0 interrupted iterations
default   [  97% ] 026/100 VUs  7m46.0s/8m00.0s

running (7m46.9s), 026/100 VUs, 11617 complete and 0 interrupted iterations
default   [  97% ] 026/100 VUs  7m47.0s/8m00.0s

running (7m47.9s), 024/100 VUs, 11629 complete and 0 interrupted iterations
default   [  97% ] 024/100 VUs  7m48.0s/8m00.0s

running (7m48.9s), 020/100 VUs, 11657 complete and 0 interrupted iterations
default   [  98% ] 020/100 VUs  7m49.0s/8m00.0s

running (7m49.9s), 017/100 VUs, 11696 complete and 0 interrupted iterations
default   [  98% ] 017/100 VUs  7m50.0s/8m00.0s

running (7m50.9s), 016/100 VUs, 11777 complete and 0 interrupted iterations
default   [  98% ] 016/100 VUs  7m51.0s/8m00.0s

running (7m51.9s), 015/100 VUs, 11848 complete and 0 interrupted iterations
default   [  98% ] 015/100 VUs  7m52.0s/8m00.0s

running (7m52.9s), 014/100 VUs, 11881 complete and 0 interrupted iterations
default   [  99% ] 014/100 VUs  7m53.0s/8m00.0s

running (7m53.9s), 012/100 VUs, 11903 complete and 0 interrupted iterations
default   [  99% ] 012/100 VUs  7m54.0s/8m00.0s

running (7m54.9s), 009/100 VUs, 11930 complete and 0 interrupted iterations
default   [  99% ] 009/100 VUs  7m55.0s/8m00.0s

running (7m55.9s), 007/100 VUs, 11957 complete and 0 interrupted iterations
default   [  99% ] 007/100 VUs  7m56.0s/8m00.0s

running (7m56.9s), 006/100 VUs, 11992 complete and 0 interrupted iterations
default   [  99% ] 006/100 VUs  7m57.0s/8m00.0s

running (7m57.9s), 005/100 VUs, 12006 complete and 0 interrupted iterations
default   [ 100% ] 005/100 VUs  7m58.0s/8m00.0s

running (7m58.9s), 002/100 VUs, 12009 complete and 0 interrupted iterations
default   [ 100% ] 002/100 VUs  7m59.0s/8m00.0s

running (7m59.9s), 001/100 VUs, 12032 complete and 0 interrupted iterations
default   [ 100% ] 001/100 VUs  8m00.0s/8m00.0s

     ✗ status not 5xx
      ↳  94% — ✓ 11429 / ✗ 604

     checks.........................: 94.98% ✓ 11429     ✗ 604  
     data_received..................: 3.4 MB 7.1 kB/s
     data_sent......................: 2.1 MB 4.5 kB/s
     http_req_blocked...............: avg=12.53µs min=1µs     med=2.77µs  max=62.84ms  p(90)=4.16µs  p(95)=5.48µs  
     http_req_connecting............: avg=8.05µs  min=0s      med=0s      max=62.75ms  p(90)=0s      p(95)=0s      
   ✓ http_req_duration..............: avg=3.25s   min=1.28ms  med=3.1s    max=12.84s   p(90)=6.66s   p(95)=7.73s   
       { expected_response:true }...: avg=3.25s   min=18.03ms med=3.1s    max=12.84s   p(90)=6.66s   p(95)=7.75s   
   ✓ http_req_failed................: 7.01%  ✓ 844       ✗ 11189
     http_req_receiving.............: avg=107.7µs min=22.85µs med=88.21µs max=7.72ms   p(90)=118.7µs p(95)=146.76µs
     http_req_sending...............: avg=31.4µs  min=6.67µs  med=31.17µs max=366.18µs p(90)=49µs    p(95)=54.14µs 
     http_req_tls_handshaking.......: avg=0s      min=0s      med=0s      max=0s       p(90)=0s      p(95)=0s      
     http_req_waiting...............: avg=3.25s   min=1.17ms  med=3.1s    max=12.84s   p(90)=6.66s   p(95)=7.73s   
     http_reqs......................: 12033  25.070509/s
     iteration_duration.............: avg=3.25s   min=1.41ms  med=3.1s    max=12.84s   p(90)=6.66s   p(95)=7.73s   
     iterations.....................: 12033  25.070509/s
     test_errors....................: 604    1.258422/s
     test_latency_ms................: avg=3.25s   min=1ms     med=3.1s    max=12.84s   p(90)=6.66s   p(95)=7.73s   
     vus............................: 1      min=1       max=100
     vus_max........................: 100    min=100     max=100


running (8m00.0s), 000/100 VUs, 12033 complete and 0 interrupted iterations
default ✓ [ 100% ] 000/100 VUs  8m0s
