
          /\      |‾‾| /‾‾/   /‾‾/   
     /\  /  \     |  |/  /   /  /    
    /  \/    \    |     (   /   ‾‾\  
   /          \   |  |\  \ |  (‾)  | 
  / __________ \  |__| \__\ \_____/ .io

     execution: local
        script: /scripts/medium.js
        output: Prometheus remote write (http://prometheus:9090/api/v1/write)

     scenarios: (100.00%) 1 scenario, 30 max VUs, 5m0s max duration (incl. graceful stop):
              * default: Up to 30 looping VUs for 4m30s over 3 stages (gracefulRampDown: 30s, gracefulStop: 30s)


running (0m01.0s), 01/30 VUs, 1 complete and 0 interrupted iterations
default   [   0% ] 01/30 VUs  0m01.0s/4m30.0s

running (0m02.0s), 01/30 VUs, 1 complete and 0 interrupted iterations
default   [   1% ] 01/30 VUs  0m02.0s/4m30.0s

running (0m03.0s), 02/30 VUs, 4 complete and 0 interrupted iterations
default   [   1% ] 02/30 VUs  0m03.0s/4m30.0s

running (0m04.0s), 02/30 VUs, 12 complete and 0 interrupted iterations
default   [   1% ] 02/30 VUs  0m04.0s/4m30.0s

running (0m05.0s), 03/30 VUs, 24 complete and 0 interrupted iterations
default   [   2% ] 03/30 VUs  0m05.0s/4m30.0s

running (0m06.0s), 03/30 VUs, 31 complete and 0 interrupted iterations
default   [   2% ] 03/30 VUs  0m06.0s/4m30.0s

running (0m07.0s), 04/30 VUs, 41 complete and 0 interrupted iterations
default   [   3% ] 04/30 VUs  0m07.0s/4m30.0s

running (0m08.0s), 04/30 VUs, 56 complete and 0 interrupted iterations
default   [   3% ] 04/30 VUs  0m08.0s/4m30.0s

running (0m09.0s), 05/30 VUs, 75 complete and 0 interrupted iterations
default   [   3% ] 05/30 VUs  0m09.0s/4m30.0s

running (0m10.0s), 05/30 VUs, 91 complete and 0 interrupted iterations
default   [   4% ] 05/30 VUs  0m10.0s/4m30.0s

running (0m11.0s), 06/30 VUs, 111 complete and 0 interrupted iterations
default   [   4% ] 06/30 VUs  0m11.0s/4m30.0s

running (0m12.0s), 06/30 VUs, 138 complete and 0 interrupted iterations
default   [   4% ] 06/30 VUs  0m12.0s/4m30.0s

running (0m13.0s), 07/30 VUs, 160 complete and 0 interrupted iterations
default   [   5% ] 07/30 VUs  0m13.0s/4m30.0s

running (0m14.0s), 07/30 VUs, 183 complete and 0 interrupted iterations
default   [   5% ] 07/30 VUs  0m14.0s/4m30.0s

running (0m15.0s), 08/30 VUs, 203 complete and 0 interrupted iterations
default   [   6% ] 08/30 VUs  0m15.0s/4m30.0s

running (0m16.0s), 08/30 VUs, 230 complete and 0 interrupted iterations
default   [   6% ] 08/30 VUs  0m16.0s/4m30.0s

running (0m17.0s), 09/30 VUs, 256 complete and 0 interrupted iterations
default   [   6% ] 09/30 VUs  0m17.0s/4m30.0s

running (0m18.0s), 09/30 VUs, 268 complete and 0 interrupted iterations
default   [   7% ] 09/30 VUs  0m18.0s/4m30.0s

running (0m19.0s), 10/30 VUs, 280 complete and 0 interrupted iterations
default   [   7% ] 10/30 VUs  0m19.0s/4m30.0s

running (0m20.0s), 10/30 VUs, 301 complete and 0 interrupted iterations
default   [   7% ] 10/30 VUs  0m20.0s/4m30.0s

running (0m21.0s), 11/30 VUs, 327 complete and 0 interrupted iterations
default   [   8% ] 11/30 VUs  0m21.0s/4m30.0s

running (0m22.0s), 11/30 VUs, 328 complete and 0 interrupted iterations
default   [   8% ] 11/30 VUs  0m22.0s/4m30.0s

running (0m23.0s), 12/30 VUs, 357 complete and 0 interrupted iterations
default   [   9% ] 12/30 VUs  0m23.0s/4m30.0s

running (0m24.0s), 12/30 VUs, 394 complete and 0 interrupted iterations
default   [   9% ] 12/30 VUs  0m24.0s/4m30.0s

running (0m25.0s), 13/30 VUs, 399 complete and 0 interrupted iterations
default   [   9% ] 13/30 VUs  0m25.0s/4m30.0s

running (0m26.0s), 13/30 VUs, 414 complete and 0 interrupted iterations
default   [  10% ] 13/30 VUs  0m26.0s/4m30.0s

running (0m27.0s), 14/30 VUs, 456 complete and 0 interrupted iterations
default   [  10% ] 14/30 VUs  0m27.0s/4m30.0s

running (0m28.0s), 14/30 VUs, 507 complete and 0 interrupted iterations
default   [  10% ] 14/30 VUs  0m28.0s/4m30.0s

running (0m29.0s), 15/30 VUs, 558 complete and 0 interrupted iterations
default   [  11% ] 15/30 VUs  0m29.0s/4m30.0s

running (0m30.0s), 15/30 VUs, 583 complete and 0 interrupted iterations
default   [  11% ] 15/30 VUs  0m30.0s/4m30.0s

running (0m31.0s), 15/30 VUs, 590 complete and 0 interrupted iterations
default   [  11% ] 15/30 VUs  0m31.0s/4m30.0s

running (0m32.0s), 16/30 VUs, 617 complete and 0 interrupted iterations
default   [  12% ] 16/30 VUs  0m32.0s/4m30.0s

running (0m33.0s), 16/30 VUs, 649 complete and 0 interrupted iterations
default   [  12% ] 16/30 VUs  0m33.0s/4m30.0s

running (0m34.0s), 17/30 VUs, 650 complete and 0 interrupted iterations
default   [  13% ] 17/30 VUs  0m34.0s/4m30.0s

running (0m35.0s), 17/30 VUs, 655 complete and 0 interrupted iterations
default   [  13% ] 17/30 VUs  0m35.0s/4m30.0s

running (0m36.0s), 18/30 VUs, 685 complete and 0 interrupted iterations
default   [  13% ] 18/30 VUs  0m36.0s/4m30.0s

running (0m37.0s), 18/30 VUs, 720 complete and 0 interrupted iterations
default   [  14% ] 18/30 VUs  0m37.0s/4m30.0s

running (0m38.0s), 19/30 VUs, 754 complete and 0 interrupted iterations
default   [  14% ] 19/30 VUs  0m38.0s/4m30.0s

running (0m39.0s), 19/30 VUs, 779 complete and 0 interrupted iterations
default   [  14% ] 19/30 VUs  0m39.0s/4m30.0s

running (0m40.0s), 20/30 VUs, 826 complete and 0 interrupted iterations
default   [  15% ] 20/30 VUs  0m40.0s/4m30.0s

running (0m41.0s), 20/30 VUs, 866 complete and 0 interrupted iterations
default   [  15% ] 20/30 VUs  0m41.0s/4m30.0s

running (0m42.0s), 21/30 VUs, 910 complete and 0 interrupted iterations
default   [  16% ] 21/30 VUs  0m42.0s/4m30.0s

running (0m43.0s), 21/30 VUs, 916 complete and 0 interrupted iterations
default   [  16% ] 21/30 VUs  0m43.0s/4m30.0s

running (0m44.0s), 22/30 VUs, 916 complete and 0 interrupted iterations
default   [  16% ] 22/30 VUs  0m44.0s/4m30.0s

running (0m45.0s), 22/30 VUs, 956 complete and 0 interrupted iterations
default   [  17% ] 22/30 VUs  0m45.0s/4m30.0s

running (0m46.0s), 23/30 VUs, 1025 complete and 0 interrupted iterations
default   [  17% ] 23/30 VUs  0m46.0s/4m30.0s

running (0m47.0s), 23/30 VUs, 1094 complete and 0 interrupted iterations
default   [  17% ] 23/30 VUs  0m47.0s/4m30.0s

running (0m48.0s), 24/30 VUs, 1132 complete and 0 interrupted iterations
default   [  18% ] 24/30 VUs  0m48.0s/4m30.0s

running (0m49.0s), 24/30 VUs, 1160 complete and 0 interrupted iterations
default   [  18% ] 24/30 VUs  0m49.0s/4m30.0s

running (0m50.0s), 25/30 VUs, 1202 complete and 0 interrupted iterations
default   [  19% ] 25/30 VUs  0m50.0s/4m30.0s

running (0m51.0s), 25/30 VUs, 1221 complete and 0 interrupted iterations
default   [  19% ] 25/30 VUs  0m51.0s/4m30.0s

running (0m52.0s), 26/30 VUs, 1225 complete and 0 interrupted iterations
default   [  19% ] 26/30 VUs  0m52.0s/4m30.0s

running (0m53.0s), 26/30 VUs, 1233 complete and 0 interrupted iterations
default   [  20% ] 26/30 VUs  0m53.0s/4m30.0s

running (0m54.0s), 27/30 VUs, 1235 complete and 0 interrupted iterations
default   [  20% ] 27/30 VUs  0m54.0s/4m30.0s

running (0m55.0s), 27/30 VUs, 1238 complete and 0 interrupted iterations
default   [  20% ] 27/30 VUs  0m55.0s/4m30.0s

running (0m56.0s), 28/30 VUs, 1298 complete and 0 interrupted iterations
default   [  21% ] 28/30 VUs  0m56.0s/4m30.0s

running (0m57.0s), 28/30 VUs, 1335 complete and 0 interrupted iterations
default   [  21% ] 28/30 VUs  0m57.0s/4m30.0s

running (0m58.0s), 29/30 VUs, 1374 complete and 0 interrupted iterations
default   [  21% ] 29/30 VUs  0m58.0s/4m30.0s

running (0m59.0s), 29/30 VUs, 1415 complete and 0 interrupted iterations
default   [  22% ] 29/30 VUs  0m59.0s/4m30.0s

running (1m00.0s), 29/30 VUs, 1439 complete and 0 interrupted iterations
default   [  22% ] 29/30 VUs  1m00.0s/4m30.0s

running (1m01.0s), 30/30 VUs, 1439 complete and 0 interrupted iterations
default   [  23% ] 30/30 VUs  1m01.0s/4m30.0s

running (1m02.0s), 30/30 VUs, 1452 complete and 0 interrupted iterations
default   [  23% ] 30/30 VUs  1m02.0s/4m30.0s

running (1m03.0s), 30/30 VUs, 1549 complete and 0 interrupted iterations
default   [  23% ] 30/30 VUs  1m03.0s/4m30.0s

running (1m04.0s), 30/30 VUs, 1580 complete and 0 interrupted iterations
default   [  24% ] 30/30 VUs  1m04.0s/4m30.0s

running (1m05.0s), 30/30 VUs, 1603 complete and 0 interrupted iterations
default   [  24% ] 30/30 VUs  1m05.0s/4m30.0s

running (1m06.0s), 30/30 VUs, 1611 complete and 0 interrupted iterations
default   [  24% ] 30/30 VUs  1m06.0s/4m30.0s

running (1m07.0s), 30/30 VUs, 1611 complete and 0 interrupted iterations
default   [  25% ] 30/30 VUs  1m07.0s/4m30.0s

running (1m08.0s), 30/30 VUs, 1630 complete and 0 interrupted iterations
default   [  25% ] 30/30 VUs  1m08.0s/4m30.0s

running (1m09.0s), 30/30 VUs, 1654 complete and 0 interrupted iterations
default   [  26% ] 30/30 VUs  1m09.0s/4m30.0s

running (1m10.0s), 30/30 VUs, 1695 complete and 0 interrupted iterations
default   [  26% ] 30/30 VUs  1m10.0s/4m30.0s

running (1m11.0s), 30/30 VUs, 1742 complete and 0 interrupted iterations
default   [  26% ] 30/30 VUs  1m11.0s/4m30.0s

running (1m12.0s), 30/30 VUs, 1748 complete and 0 interrupted iterations
default   [  27% ] 30/30 VUs  1m12.0s/4m30.0s

running (1m13.0s), 30/30 VUs, 1749 complete and 0 interrupted iterations
default   [  27% ] 30/30 VUs  1m13.0s/4m30.0s

running (1m14.0s), 30/30 VUs, 1782 complete and 0 interrupted iterations
default   [  27% ] 30/30 VUs  1m14.0s/4m30.0s

running (1m15.0s), 30/30 VUs, 1787 complete and 0 interrupted iterations
default   [  28% ] 30/30 VUs  1m15.0s/4m30.0s

running (1m16.0s), 30/30 VUs, 1788 complete and 0 interrupted iterations
default   [  28% ] 30/30 VUs  1m16.0s/4m30.0s

running (1m17.0s), 30/30 VUs, 1831 complete and 0 interrupted iterations
default   [  29% ] 30/30 VUs  1m17.0s/4m30.0s

running (1m18.0s), 30/30 VUs, 1840 complete and 0 interrupted iterations
default   [  29% ] 30/30 VUs  1m18.0s/4m30.0s

running (1m19.0s), 30/30 VUs, 1840 complete and 0 interrupted iterations
default   [  29% ] 30/30 VUs  1m19.0s/4m30.0s

running (1m20.0s), 30/30 VUs, 1879 complete and 0 interrupted iterations
default   [  30% ] 30/30 VUs  1m20.0s/4m30.0s

running (1m21.0s), 30/30 VUs, 1916 complete and 0 interrupted iterations
default   [  30% ] 30/30 VUs  1m21.0s/4m30.0s

running (1m22.0s), 30/30 VUs, 1921 complete and 0 interrupted iterations
default   [  30% ] 30/30 VUs  1m22.0s/4m30.0s

running (1m23.0s), 30/30 VUs, 1949 complete and 0 interrupted iterations
default   [  31% ] 30/30 VUs  1m23.0s/4m30.0s

running (1m24.0s), 30/30 VUs, 2004 complete and 0 interrupted iterations
default   [  31% ] 30/30 VUs  1m24.0s/4m30.0s

running (1m25.0s), 30/30 VUs, 2045 complete and 0 interrupted iterations
default   [  31% ] 30/30 VUs  1m25.0s/4m30.0s

running (1m26.0s), 30/30 VUs, 2087 complete and 0 interrupted iterations
default   [  32% ] 30/30 VUs  1m26.0s/4m30.0s

running (1m27.0s), 30/30 VUs, 2095 complete and 0 interrupted iterations
default   [  32% ] 30/30 VUs  1m27.0s/4m30.0s

running (1m28.0s), 30/30 VUs, 2110 complete and 0 interrupted iterations
default   [  33% ] 30/30 VUs  1m28.0s/4m30.0s

running (1m29.0s), 30/30 VUs, 2122 complete and 0 interrupted iterations
default   [  33% ] 30/30 VUs  1m29.0s/4m30.0s

running (1m30.0s), 30/30 VUs, 2132 complete and 0 interrupted iterations
default   [  33% ] 30/30 VUs  1m30.0s/4m30.0s

running (1m31.0s), 30/30 VUs, 2144 complete and 0 interrupted iterations
default   [  34% ] 30/30 VUs  1m31.0s/4m30.0s

running (1m32.0s), 30/30 VUs, 2150 complete and 0 interrupted iterations
default   [  34% ] 30/30 VUs  1m32.0s/4m30.0s

running (1m33.0s), 30/30 VUs, 2167 complete and 0 interrupted iterations
default   [  34% ] 30/30 VUs  1m33.0s/4m30.0s

running (1m34.0s), 30/30 VUs, 2173 complete and 0 interrupted iterations
default   [  35% ] 30/30 VUs  1m34.0s/4m30.0s

running (1m35.0s), 30/30 VUs, 2174 complete and 0 interrupted iterations
default   [  35% ] 30/30 VUs  1m35.0s/4m30.0s

running (1m36.0s), 30/30 VUs, 2182 complete and 0 interrupted iterations
default   [  36% ] 30/30 VUs  1m36.0s/4m30.0s

running (1m37.0s), 30/30 VUs, 2184 complete and 0 interrupted iterations
default   [  36% ] 30/30 VUs  1m37.0s/4m30.0s

running (1m38.0s), 30/30 VUs, 2189 complete and 0 interrupted iterations
default   [  36% ] 30/30 VUs  1m38.0s/4m30.0s

running (1m39.0s), 30/30 VUs, 2220 complete and 0 interrupted iterations
default   [  37% ] 30/30 VUs  1m39.0s/4m30.0s

running (1m40.0s), 30/30 VUs, 2229 complete and 0 interrupted iterations
default   [  37% ] 30/30 VUs  1m40.0s/4m30.0s

running (1m41.0s), 30/30 VUs, 2230 complete and 0 interrupted iterations
default   [  37% ] 30/30 VUs  1m41.0s/4m30.0s

running (1m42.0s), 30/30 VUs, 2240 complete and 0 interrupted iterations
default   [  38% ] 30/30 VUs  1m42.0s/4m30.0s

running (1m43.0s), 30/30 VUs, 2274 complete and 0 interrupted iterations
default   [  38% ] 30/30 VUs  1m43.0s/4m30.0s

running (1m44.0s), 30/30 VUs, 2314 complete and 0 interrupted iterations
default   [  39% ] 30/30 VUs  1m44.0s/4m30.0s

running (1m45.0s), 30/30 VUs, 2363 complete and 0 interrupted iterations
default   [  39% ] 30/30 VUs  1m45.0s/4m30.0s

running (1m46.0s), 30/30 VUs, 2389 complete and 0 interrupted iterations
default   [  39% ] 30/30 VUs  1m46.0s/4m30.0s

running (1m47.0s), 30/30 VUs, 2399 complete and 0 interrupted iterations
default   [  40% ] 30/30 VUs  1m47.0s/4m30.0s

running (1m48.0s), 30/30 VUs, 2422 complete and 0 interrupted iterations
default   [  40% ] 30/30 VUs  1m48.0s/4m30.0s

running (1m49.0s), 30/30 VUs, 2447 complete and 0 interrupted iterations
default   [  40% ] 30/30 VUs  1m49.0s/4m30.0s

running (1m50.0s), 30/30 VUs, 2447 complete and 0 interrupted iterations
default   [  41% ] 30/30 VUs  1m50.0s/4m30.0s

running (1m51.0s), 30/30 VUs, 2448 complete and 0 interrupted iterations
default   [  41% ] 30/30 VUs  1m51.0s/4m30.0s

running (1m52.0s), 30/30 VUs, 2478 complete and 0 interrupted iterations
default   [  41% ] 30/30 VUs  1m52.0s/4m30.0s

running (1m53.0s), 30/30 VUs, 2511 complete and 0 interrupted iterations
default   [  42% ] 30/30 VUs  1m53.0s/4m30.0s

running (1m54.0s), 30/30 VUs, 2557 complete and 0 interrupted iterations
default   [  42% ] 30/30 VUs  1m54.0s/4m30.0s

running (1m55.0s), 30/30 VUs, 2590 complete and 0 interrupted iterations
default   [  43% ] 30/30 VUs  1m55.0s/4m30.0s

running (1m56.0s), 30/30 VUs, 2590 complete and 0 interrupted iterations
default   [  43% ] 30/30 VUs  1m56.0s/4m30.0s

running (1m57.0s), 30/30 VUs, 2596 complete and 0 interrupted iterations
default   [  43% ] 30/30 VUs  1m57.0s/4m30.0s

running (1m58.0s), 30/30 VUs, 2616 complete and 0 interrupted iterations
default   [  44% ] 30/30 VUs  1m58.0s/4m30.0s

running (1m59.0s), 30/30 VUs, 2643 complete and 0 interrupted iterations
default   [  44% ] 30/30 VUs  1m59.0s/4m30.0s

running (2m00.0s), 30/30 VUs, 2697 complete and 0 interrupted iterations
default   [  44% ] 30/30 VUs  2m00.0s/4m30.0s

running (2m01.0s), 30/30 VUs, 2697 complete and 0 interrupted iterations
default   [  45% ] 30/30 VUs  2m01.0s/4m30.0s

running (2m02.0s), 30/30 VUs, 2698 complete and 0 interrupted iterations
default   [  45% ] 30/30 VUs  2m02.0s/4m30.0s

running (2m03.0s), 30/30 VUs, 2717 complete and 0 interrupted iterations
default   [  46% ] 30/30 VUs  2m03.0s/4m30.0s

running (2m04.0s), 30/30 VUs, 2735 complete and 0 interrupted iterations
default   [  46% ] 30/30 VUs  2m04.0s/4m30.0s

running (2m05.0s), 30/30 VUs, 2743 complete and 0 interrupted iterations
default   [  46% ] 30/30 VUs  2m05.0s/4m30.0s

running (2m06.0s), 30/30 VUs, 2775 complete and 0 interrupted iterations
default   [  47% ] 30/30 VUs  2m06.0s/4m30.0s

running (2m07.0s), 30/30 VUs, 2837 complete and 0 interrupted iterations
default   [  47% ] 30/30 VUs  2m07.0s/4m30.0s

running (2m08.0s), 30/30 VUs, 2876 complete and 0 interrupted iterations
default   [  47% ] 30/30 VUs  2m08.0s/4m30.0s

running (2m09.0s), 30/30 VUs, 2905 complete and 0 interrupted iterations
default   [  48% ] 30/30 VUs  2m09.0s/4m30.0s

running (2m10.0s), 30/30 VUs, 2960 complete and 0 interrupted iterations
default   [  48% ] 30/30 VUs  2m10.0s/4m30.0s

running (2m11.0s), 30/30 VUs, 3006 complete and 0 interrupted iterations
default   [  49% ] 30/30 VUs  2m11.0s/4m30.0s

running (2m12.0s), 30/30 VUs, 3013 complete and 0 interrupted iterations
default   [  49% ] 30/30 VUs  2m12.0s/4m30.0s

running (2m13.0s), 30/30 VUs, 3023 complete and 0 interrupted iterations
default   [  49% ] 30/30 VUs  2m13.0s/4m30.0s

running (2m14.0s), 30/30 VUs, 3036 complete and 0 interrupted iterations
default   [  50% ] 30/30 VUs  2m14.0s/4m30.0s

running (2m15.0s), 30/30 VUs, 3045 complete and 0 interrupted iterations
default   [  50% ] 30/30 VUs  2m15.0s/4m30.0s

running (2m16.0s), 30/30 VUs, 3051 complete and 0 interrupted iterations
default   [  50% ] 30/30 VUs  2m16.0s/4m30.0s

running (2m17.0s), 30/30 VUs, 3067 complete and 0 interrupted iterations
default   [  51% ] 30/30 VUs  2m17.0s/4m30.0s

running (2m18.0s), 30/30 VUs, 3110 complete and 0 interrupted iterations
default   [  51% ] 30/30 VUs  2m18.0s/4m30.0s

running (2m19.0s), 30/30 VUs, 3151 complete and 0 interrupted iterations
default   [  51% ] 30/30 VUs  2m19.0s/4m30.0s

running (2m20.0s), 30/30 VUs, 3217 complete and 0 interrupted iterations
default   [  52% ] 30/30 VUs  2m20.0s/4m30.0s

running (2m21.0s), 30/30 VUs, 3229 complete and 0 interrupted iterations
default   [  52% ] 30/30 VUs  2m21.0s/4m30.0s

running (2m22.0s), 30/30 VUs, 3229 complete and 0 interrupted iterations
default   [  53% ] 30/30 VUs  2m22.0s/4m30.0s

running (2m23.0s), 30/30 VUs, 3252 complete and 0 interrupted iterations
default   [  53% ] 30/30 VUs  2m23.0s/4m30.0s

running (2m24.0s), 30/30 VUs, 3343 complete and 0 interrupted iterations
default   [  53% ] 30/30 VUs  2m24.0s/4m30.0s

running (2m25.0s), 30/30 VUs, 3377 complete and 0 interrupted iterations
default   [  54% ] 30/30 VUs  2m25.0s/4m30.0s

running (2m26.0s), 30/30 VUs, 3377 complete and 0 interrupted iterations
default   [  54% ] 30/30 VUs  2m26.0s/4m30.0s

running (2m27.0s), 30/30 VUs, 3402 complete and 0 interrupted iterations
default   [  54% ] 30/30 VUs  2m27.0s/4m30.0s

running (2m28.0s), 30/30 VUs, 3438 complete and 0 interrupted iterations
default   [  55% ] 30/30 VUs  2m28.0s/4m30.0s

running (2m29.0s), 30/30 VUs, 3455 complete and 0 interrupted iterations
default   [  55% ] 30/30 VUs  2m29.0s/4m30.0s

running (2m30.0s), 30/30 VUs, 3480 complete and 0 interrupted iterations
default   [  56% ] 30/30 VUs  2m30.0s/4m30.0s

running (2m31.0s), 30/30 VUs, 3514 complete and 0 interrupted iterations
default   [  56% ] 30/30 VUs  2m31.0s/4m30.0s

running (2m32.0s), 30/30 VUs, 3556 complete and 0 interrupted iterations
default   [  56% ] 30/30 VUs  2m32.0s/4m30.0s

running (2m33.0s), 30/30 VUs, 3567 complete and 0 interrupted iterations
default   [  57% ] 30/30 VUs  2m33.0s/4m30.0s

running (2m34.0s), 30/30 VUs, 3575 complete and 0 interrupted iterations
default   [  57% ] 30/30 VUs  2m34.0s/4m30.0s

running (2m35.0s), 30/30 VUs, 3601 complete and 0 interrupted iterations
default   [  57% ] 30/30 VUs  2m35.0s/4m30.0s

running (2m36.0s), 30/30 VUs, 3601 complete and 0 interrupted iterations
default   [  58% ] 30/30 VUs  2m36.0s/4m30.0s

running (2m37.0s), 30/30 VUs, 3619 complete and 0 interrupted iterations
default   [  58% ] 30/30 VUs  2m37.0s/4m30.0s

running (2m38.0s), 30/30 VUs, 3665 complete and 0 interrupted iterations
default   [  59% ] 30/30 VUs  2m38.0s/4m30.0s

running (2m39.0s), 30/30 VUs, 3675 complete and 0 interrupted iterations
default   [  59% ] 30/30 VUs  2m39.0s/4m30.0s

running (2m40.0s), 30/30 VUs, 3678 complete and 0 interrupted iterations
default   [  59% ] 30/30 VUs  2m40.0s/4m30.0s

running (2m41.0s), 30/30 VUs, 3681 complete and 0 interrupted iterations
default   [  60% ] 30/30 VUs  2m41.0s/4m30.0s

running (2m42.0s), 30/30 VUs, 3714 complete and 0 interrupted iterations
default   [  60% ] 30/30 VUs  2m42.0s/4m30.0s

running (2m43.0s), 30/30 VUs, 3742 complete and 0 interrupted iterations
default   [  60% ] 30/30 VUs  2m43.0s/4m30.0s

running (2m44.0s), 30/30 VUs, 3761 complete and 0 interrupted iterations
default   [  61% ] 30/30 VUs  2m44.0s/4m30.0s

running (2m45.0s), 30/30 VUs, 3773 complete and 0 interrupted iterations
default   [  61% ] 30/30 VUs  2m45.0s/4m30.0s

running (2m46.0s), 30/30 VUs, 3783 complete and 0 interrupted iterations
default   [  61% ] 30/30 VUs  2m46.0s/4m30.0s

running (2m47.0s), 30/30 VUs, 3788 complete and 0 interrupted iterations
default   [  62% ] 30/30 VUs  2m47.0s/4m30.0s

running (2m48.0s), 30/30 VUs, 3792 complete and 0 interrupted iterations
default   [  62% ] 30/30 VUs  2m48.0s/4m30.0s

running (2m49.0s), 30/30 VUs, 3828 complete and 0 interrupted iterations
default   [  63% ] 30/30 VUs  2m49.0s/4m30.0s

running (2m50.0s), 30/30 VUs, 3842 complete and 0 interrupted iterations
default   [  63% ] 30/30 VUs  2m50.0s/4m30.0s

running (2m51.0s), 30/30 VUs, 3842 complete and 0 interrupted iterations
default   [  63% ] 30/30 VUs  2m51.0s/4m30.0s

running (2m52.0s), 30/30 VUs, 3863 complete and 0 interrupted iterations
default   [  64% ] 30/30 VUs  2m52.0s/4m30.0s

running (2m53.0s), 30/30 VUs, 3921 complete and 0 interrupted iterations
default   [  64% ] 30/30 VUs  2m53.0s/4m30.0s

running (2m54.0s), 30/30 VUs, 3937 complete and 0 interrupted iterations
default   [  64% ] 30/30 VUs  2m54.0s/4m30.0s

running (2m55.0s), 30/30 VUs, 3939 complete and 0 interrupted iterations
default   [  65% ] 30/30 VUs  2m55.0s/4m30.0s

running (2m56.0s), 30/30 VUs, 3968 complete and 0 interrupted iterations
default   [  65% ] 30/30 VUs  2m56.0s/4m30.0s

running (2m57.0s), 30/30 VUs, 4020 complete and 0 interrupted iterations
default   [  66% ] 30/30 VUs  2m57.0s/4m30.0s

running (2m58.0s), 30/30 VUs, 4045 complete and 0 interrupted iterations
default   [  66% ] 30/30 VUs  2m58.0s/4m30.0s

running (2m59.0s), 30/30 VUs, 4048 complete and 0 interrupted iterations
default   [  66% ] 30/30 VUs  2m59.0s/4m30.0s

running (3m00.0s), 30/30 VUs, 4069 complete and 0 interrupted iterations
default   [  67% ] 30/30 VUs  3m00.0s/4m30.0s

running (3m01.0s), 30/30 VUs, 4114 complete and 0 interrupted iterations
default   [  67% ] 30/30 VUs  3m01.0s/4m30.0s

running (3m02.0s), 30/30 VUs, 4114 complete and 0 interrupted iterations
default   [  67% ] 30/30 VUs  3m02.0s/4m30.0s

running (3m03.0s), 30/30 VUs, 4117 complete and 0 interrupted iterations
default   [  68% ] 30/30 VUs  3m03.0s/4m30.0s

running (3m04.0s), 30/30 VUs, 4179 complete and 0 interrupted iterations
default   [  68% ] 30/30 VUs  3m04.0s/4m30.0s

running (3m05.0s), 30/30 VUs, 4213 complete and 0 interrupted iterations
default   [  69% ] 30/30 VUs  3m05.0s/4m30.0s

running (3m06.0s), 30/30 VUs, 4247 complete and 0 interrupted iterations
default   [  69% ] 30/30 VUs  3m06.0s/4m30.0s

running (3m07.0s), 30/30 VUs, 4298 complete and 0 interrupted iterations
default   [  69% ] 30/30 VUs  3m07.0s/4m30.0s

running (3m08.0s), 30/30 VUs, 4305 complete and 0 interrupted iterations
default   [  70% ] 30/30 VUs  3m08.0s/4m30.0s

running (3m09.0s), 30/30 VUs, 4356 complete and 0 interrupted iterations
default   [  70% ] 30/30 VUs  3m09.0s/4m30.0s

running (3m10.0s), 30/30 VUs, 4402 complete and 0 interrupted iterations
default   [  70% ] 30/30 VUs  3m10.0s/4m30.0s

running (3m11.0s), 30/30 VUs, 4428 complete and 0 interrupted iterations
default   [  71% ] 30/30 VUs  3m11.0s/4m30.0s

running (3m12.0s), 30/30 VUs, 4464 complete and 0 interrupted iterations
default   [  71% ] 30/30 VUs  3m12.0s/4m30.0s

running (3m13.0s), 30/30 VUs, 4498 complete and 0 interrupted iterations
default   [  71% ] 30/30 VUs  3m13.0s/4m30.0s

running (3m14.0s), 30/30 VUs, 4498 complete and 0 interrupted iterations
default   [  72% ] 30/30 VUs  3m14.0s/4m30.0s

running (3m15.0s), 30/30 VUs, 4502 complete and 0 interrupted iterations
default   [  72% ] 30/30 VUs  3m15.0s/4m30.0s

running (3m16.0s), 30/30 VUs, 4526 complete and 0 interrupted iterations
default   [  73% ] 30/30 VUs  3m16.0s/4m30.0s

running (3m17.0s), 30/30 VUs, 4536 complete and 0 interrupted iterations
default   [  73% ] 30/30 VUs  3m17.0s/4m30.0s

running (3m18.0s), 30/30 VUs, 4540 complete and 0 interrupted iterations
default   [  73% ] 30/30 VUs  3m18.0s/4m30.0s

running (3m19.0s), 30/30 VUs, 4547 complete and 0 interrupted iterations
default   [  74% ] 30/30 VUs  3m19.0s/4m30.0s

running (3m20.0s), 30/30 VUs, 4556 complete and 0 interrupted iterations
default   [  74% ] 30/30 VUs  3m20.0s/4m30.0s

running (3m21.0s), 30/30 VUs, 4590 complete and 0 interrupted iterations
default   [  74% ] 30/30 VUs  3m21.0s/4m30.0s

running (3m22.0s), 30/30 VUs, 4634 complete and 0 interrupted iterations
default   [  75% ] 30/30 VUs  3m22.0s/4m30.0s

running (3m23.0s), 30/30 VUs, 4634 complete and 0 interrupted iterations
default   [  75% ] 30/30 VUs  3m23.0s/4m30.0s

running (3m24.0s), 30/30 VUs, 4634 complete and 0 interrupted iterations
default   [  76% ] 30/30 VUs  3m24.0s/4m30.0s

running (3m25.0s), 30/30 VUs, 4691 complete and 0 interrupted iterations
default   [  76% ] 30/30 VUs  3m25.0s/4m30.0s

running (3m26.0s), 30/30 VUs, 4749 complete and 0 interrupted iterations
default   [  76% ] 30/30 VUs  3m26.0s/4m30.0s

running (3m27.0s), 30/30 VUs, 4768 complete and 0 interrupted iterations
default   [  77% ] 30/30 VUs  3m27.0s/4m30.0s

running (3m28.0s), 30/30 VUs, 4768 complete and 0 interrupted iterations
default   [  77% ] 30/30 VUs  3m28.0s/4m30.0s

running (3m29.0s), 30/30 VUs, 4800 complete and 0 interrupted iterations
default   [  77% ] 30/30 VUs  3m29.0s/4m30.0s

running (3m30.0s), 30/30 VUs, 4851 complete and 0 interrupted iterations
default   [  78% ] 30/30 VUs  3m30.0s/4m30.0s

running (3m31.0s), 30/30 VUs, 4851 complete and 0 interrupted iterations
default   [  78% ] 30/30 VUs  3m31.0s/4m30.0s

running (3m32.0s), 30/30 VUs, 4853 complete and 0 interrupted iterations
default   [  79% ] 30/30 VUs  3m32.0s/4m30.0s

running (3m33.0s), 30/30 VUs, 4887 complete and 0 interrupted iterations
default   [  79% ] 30/30 VUs  3m33.0s/4m30.0s

running (3m34.0s), 30/30 VUs, 4892 complete and 0 interrupted iterations
default   [  79% ] 30/30 VUs  3m34.0s/4m30.0s

running (3m35.0s), 30/30 VUs, 4897 complete and 0 interrupted iterations
default   [  80% ] 30/30 VUs  3m35.0s/4m30.0s

running (3m36.0s), 30/30 VUs, 4924 complete and 0 interrupted iterations
default   [  80% ] 30/30 VUs  3m36.0s/4m30.0s

running (3m37.0s), 30/30 VUs, 4958 complete and 0 interrupted iterations
default   [  80% ] 30/30 VUs  3m37.0s/4m30.0s

running (3m38.0s), 30/30 VUs, 4977 complete and 0 interrupted iterations
default   [  81% ] 30/30 VUs  3m38.0s/4m30.0s

running (3m39.0s), 30/30 VUs, 4998 complete and 0 interrupted iterations
default   [  81% ] 30/30 VUs  3m39.0s/4m30.0s

running (3m40.0s), 30/30 VUs, 4998 complete and 0 interrupted iterations
default   [  81% ] 30/30 VUs  3m40.0s/4m30.0s

running (3m41.0s), 30/30 VUs, 5023 complete and 0 interrupted iterations
default   [  82% ] 30/30 VUs  3m41.0s/4m30.0s

running (3m42.0s), 30/30 VUs, 5069 complete and 0 interrupted iterations
default   [  82% ] 30/30 VUs  3m42.0s/4m30.0s

running (3m43.0s), 30/30 VUs, 5093 complete and 0 interrupted iterations
default   [  83% ] 30/30 VUs  3m43.0s/4m30.0s

running (3m44.0s), 30/30 VUs, 5098 complete and 0 interrupted iterations
default   [  83% ] 30/30 VUs  3m44.0s/4m30.0s

running (3m45.0s), 30/30 VUs, 5106 complete and 0 interrupted iterations
default   [  83% ] 30/30 VUs  3m45.0s/4m30.0s

running (3m46.0s), 30/30 VUs, 5116 complete and 0 interrupted iterations
default   [  84% ] 30/30 VUs  3m46.0s/4m30.0s

running (3m47.0s), 30/30 VUs, 5135 complete and 0 interrupted iterations
default   [  84% ] 30/30 VUs  3m47.0s/4m30.0s

running (3m48.0s), 30/30 VUs, 5165 complete and 0 interrupted iterations
default   [  84% ] 30/30 VUs  3m48.0s/4m30.0s

running (3m49.0s), 30/30 VUs, 5201 complete and 0 interrupted iterations
default   [  85% ] 30/30 VUs  3m49.0s/4m30.0s

running (3m50.0s), 30/30 VUs, 5220 complete and 0 interrupted iterations
default   [  85% ] 30/30 VUs  3m50.0s/4m30.0s

running (3m51.0s), 30/30 VUs, 5220 complete and 0 interrupted iterations
default   [  86% ] 30/30 VUs  3m51.0s/4m30.0s

running (3m52.0s), 30/30 VUs, 5222 complete and 0 interrupted iterations
default   [  86% ] 30/30 VUs  3m52.0s/4m30.0s

running (3m53.0s), 30/30 VUs, 5252 complete and 0 interrupted iterations
default   [  86% ] 30/30 VUs  3m53.0s/4m30.0s

running (3m54.0s), 30/30 VUs, 5286 complete and 0 interrupted iterations
default   [  87% ] 30/30 VUs  3m54.0s/4m30.0s

running (3m55.0s), 30/30 VUs, 5323 complete and 0 interrupted iterations
default   [  87% ] 30/30 VUs  3m55.0s/4m30.0s

running (3m56.0s), 30/30 VUs, 5324 complete and 0 interrupted iterations
default   [  87% ] 30/30 VUs  3m56.0s/4m30.0s

running (3m57.0s), 30/30 VUs, 5326 complete and 0 interrupted iterations
default   [  88% ] 30/30 VUs  3m57.0s/4m30.0s

running (3m58.0s), 30/30 VUs, 5354 complete and 0 interrupted iterations
default   [  88% ] 30/30 VUs  3m58.0s/4m30.0s

running (3m59.0s), 30/30 VUs, 5367 complete and 0 interrupted iterations
default   [  89% ] 30/30 VUs  3m59.0s/4m30.0s

running (4m00.0s), 30/30 VUs, 5372 complete and 0 interrupted iterations
default   [  89% ] 30/30 VUs  4m00.0s/4m30.0s

running (4m01.0s), 30/30 VUs, 5404 complete and 0 interrupted iterations
default   [  89% ] 30/30 VUs  4m01.0s/4m30.0s

running (4m02.0s), 29/30 VUs, 5488 complete and 0 interrupted iterations
default   [  90% ] 29/30 VUs  4m02.0s/4m30.0s

running (4m03.0s), 28/30 VUs, 5530 complete and 0 interrupted iterations
default   [  90% ] 28/30 VUs  4m03.0s/4m30.0s

running (4m04.0s), 27/30 VUs, 5561 complete and 0 interrupted iterations
default   [  90% ] 27/30 VUs  4m04.0s/4m30.0s

running (4m05.0s), 27/30 VUs, 5601 complete and 0 interrupted iterations
default   [  91% ] 27/30 VUs  4m05.0s/4m30.0s

running (4m06.0s), 26/30 VUs, 5640 complete and 0 interrupted iterations
default   [  91% ] 26/30 VUs  4m06.0s/4m30.0s

running (4m07.0s), 25/30 VUs, 5665 complete and 0 interrupted iterations
default   [  91% ] 25/30 VUs  4m07.0s/4m30.0s

running (4m08.0s), 23/30 VUs, 5678 complete and 0 interrupted iterations
default   [  92% ] 23/30 VUs  4m08.0s/4m30.0s

running (4m09.0s), 23/30 VUs, 5678 complete and 0 interrupted iterations
default   [  92% ] 23/30 VUs  4m09.0s/4m30.0s

running (4m10.0s), 23/30 VUs, 5699 complete and 0 interrupted iterations
default   [  93% ] 23/30 VUs  4m10.0s/4m30.0s

running (4m11.0s), 20/30 VUs, 5734 complete and 0 interrupted iterations
default   [  93% ] 20/30 VUs  4m11.0s/4m30.0s

running (4m12.0s), 19/30 VUs, 5738 complete and 0 interrupted iterations
default   [  93% ] 19/30 VUs  4m12.0s/4m30.0s

running (4m13.0s), 18/30 VUs, 5754 complete and 0 interrupted iterations
default   [  94% ] 18/30 VUs  4m13.0s/4m30.0s

running (4m14.0s), 17/30 VUs, 5802 complete and 0 interrupted iterations
default   [  94% ] 17/30 VUs  4m14.0s/4m30.0s

running (4m15.0s), 16/30 VUs, 5855 complete and 0 interrupted iterations
default   [  94% ] 16/30 VUs  4m15.0s/4m30.0s

running (4m16.0s), 16/30 VUs, 5876 complete and 0 interrupted iterations
default   [  95% ] 16/30 VUs  4m16.0s/4m30.0s

running (4m17.0s), 15/30 VUs, 5884 complete and 0 interrupted iterations
default   [  95% ] 15/30 VUs  4m17.0s/4m30.0s

running (4m18.0s), 13/30 VUs, 5904 complete and 0 interrupted iterations
default   [  96% ] 13/30 VUs  4m18.0s/4m30.0s

running (4m19.0s), 12/30 VUs, 5938 complete and 0 interrupted iterations
default   [  96% ] 12/30 VUs  4m19.0s/4m30.0s

running (4m20.0s), 11/30 VUs, 5965 complete and 0 interrupted iterations
default   [  96% ] 11/30 VUs  4m20.0s/4m30.0s

running (4m21.0s), 10/30 VUs, 5976 complete and 0 interrupted iterations
default   [  97% ] 10/30 VUs  4m21.0s/4m30.0s

running (4m22.0s), 10/30 VUs, 5977 complete and 0 interrupted iterations
default   [  97% ] 10/30 VUs  4m22.0s/4m30.0s

running (4m23.0s), 09/30 VUs, 5982 complete and 0 interrupted iterations
default   [  97% ] 09/30 VUs  4m23.0s/4m30.0s

running (4m24.0s), 07/30 VUs, 5987 complete and 0 interrupted iterations
default   [  98% ] 07/30 VUs  4m24.0s/4m30.0s

running (4m25.0s), 07/30 VUs, 5991 complete and 0 interrupted iterations
default   [  98% ] 07/30 VUs  4m25.0s/4m30.0s

running (4m26.0s), 05/30 VUs, 6012 complete and 0 interrupted iterations
default   [  99% ] 05/30 VUs  4m26.0s/4m30.0s

running (4m27.0s), 04/30 VUs, 6030 complete and 0 interrupted iterations
default   [  99% ] 04/30 VUs  4m27.0s/4m30.0s

running (4m28.0s), 03/30 VUs, 6044 complete and 0 interrupted iterations
default   [  99% ] 03/30 VUs  4m28.0s/4m30.0s

running (4m29.0s), 02/30 VUs, 6054 complete and 0 interrupted iterations
default   [ 100% ] 02/30 VUs  4m29.0s/4m30.0s

running (4m30.0s), 01/30 VUs, 6058 complete and 0 interrupted iterations
default   [ 100% ] 01/30 VUs  4m30.0s/4m30.0s

running (4m31.0s), 01/30 VUs, 6058 complete and 0 interrupted iterations
default ↓ [ 100% ] 01/30 VUs  4m30s

running (4m32.0s), 01/30 VUs, 6058 complete and 0 interrupted iterations
default ↓ [ 100% ] 01/30 VUs  4m30s

     ✗ status 200
      ↳  92% — ✓ 5593 / ✗ 466

     checks.........................: 92.30% ✓ 5593      ✗ 466 
     data_received..................: 1.7 MB 6.3 kB/s
     data_sent......................: 1.1 MB 4.0 kB/s
     http_req_blocked...............: avg=7.65µs   min=1.02µs  med=4.21µs   max=923.45µs p(90)=7.1µs    p(95)=9.05µs  
     http_req_connecting............: avg=1.6µs    min=0s      med=0s       max=628.64µs p(90)=0s       p(95)=0s      
   ✓ http_req_duration..............: avg=919.22ms min=1.3ms   med=425.3ms  max=6.88s    p(90)=2.72s    p(95)=3.14s   
       { expected_response:true }...: avg=919.88ms min=20.02ms med=429.17ms max=6.88s    p(90)=2.71s    p(95)=3.12s   
   ✓ http_req_failed................: 7.69%  ✓ 466       ✗ 5593
     http_req_receiving.............: avg=105.86µs min=14.8µs  med=86.74µs  max=8.63ms   p(90)=125.97µs p(95)=152.17µs
     http_req_sending...............: avg=36.85µs  min=7.39µs  med=34.11µs  max=758.79µs p(90)=61.87µs  p(95)=79.45µs 
     http_req_tls_handshaking.......: avg=0s       min=0s      med=0s       max=0s       p(90)=0s       p(95)=0s      
     http_req_waiting...............: avg=919.08ms min=1.2ms   med=425.18ms max=6.88s    p(90)=2.72s    p(95)=3.14s   
     http_reqs......................: 6059   22.244079/s
     iteration_duration.............: avg=1.11s    min=61.84ms med=622.33ms max=7.12s    p(90)=2.93s    p(95)=3.34s   
     iterations.....................: 6059   22.244079/s
     test_errors....................: 466    1.710801/s
     test_latency_ms................: avg=919.37ms min=1ms     med=425ms    max=6.88s    p(90)=2.72s    p(95)=3.14s   
     test_slow_requests.............: 1178   4.324728/s
     vus............................: 1      min=1       max=30
     vus_max........................: 30     min=30      max=30


running (4m32.4s), 00/30 VUs, 6059 complete and 0 interrupted iterations
default ✓ [ 100% ] 00/30 VUs  4m30s
