
          /\      |‾‾| /‾‾/   /‾‾/   
     /\  /  \     |  |/  /   /  /    
    /  \/    \    |     (   /   ‾‾\  
   /          \   |  |\  \ |  (‾)  | 
  / __________ \  |__| \__\ \_____/ .io

     execution: local
        script: /scripts/medium.js
        output: Prometheus remote write (http://prometheus:9090/api/v1/write)

     scenarios: (100.00%) 1 scenario, 30 max VUs, 5m0s max duration (incl. graceful stop):
              * default: Up to 30 looping VUs for 4m30s over 3 stages (gracefulRampDown: 30s, gracefulStop: 30s)


running (0m01.0s), 01/30 VUs, 5 complete and 0 interrupted iterations
default   [   0% ] 01/30 VUs  0m01.0s/4m30.0s

running (0m02.0s), 01/30 VUs, 9 complete and 0 interrupted iterations
default   [   1% ] 01/30 VUs  0m02.0s/4m30.0s

running (0m03.0s), 02/30 VUs, 17 complete and 0 interrupted iterations
default   [   1% ] 02/30 VUs  0m03.0s/4m30.0s

running (0m04.0s), 02/30 VUs, 25 complete and 0 interrupted iterations
default   [   1% ] 02/30 VUs  0m04.0s/4m30.0s

running (0m05.0s), 03/30 VUs, 33 complete and 0 interrupted iterations
default   [   2% ] 03/30 VUs  0m05.0s/4m30.0s

running (0m06.0s), 03/30 VUs, 41 complete and 0 interrupted iterations
default   [   2% ] 03/30 VUs  0m06.0s/4m30.0s

running (0m07.0s), 04/30 VUs, 51 complete and 0 interrupted iterations
default   [   3% ] 04/30 VUs  0m07.0s/4m30.0s

running (0m08.0s), 04/30 VUs, 70 complete and 0 interrupted iterations
default   [   3% ] 04/30 VUs  0m08.0s/4m30.0s

running (0m09.0s), 05/30 VUs, 87 complete and 0 interrupted iterations
default   [   3% ] 05/30 VUs  0m09.0s/4m30.0s

running (0m10.0s), 05/30 VUs, 103 complete and 0 interrupted iterations
default   [   4% ] 05/30 VUs  0m10.0s/4m30.0s

running (0m11.0s), 06/30 VUs, 115 complete and 0 interrupted iterations
default   [   4% ] 06/30 VUs  0m11.0s/4m30.0s

running (0m12.0s), 06/30 VUs, 127 complete and 0 interrupted iterations
default   [   4% ] 06/30 VUs  0m12.0s/4m30.0s

running (0m13.0s), 07/30 VUs, 127 complete and 0 interrupted iterations
default   [   5% ] 07/30 VUs  0m13.0s/4m30.0s

running (0m14.0s), 07/30 VUs, 148 complete and 0 interrupted iterations
default   [   5% ] 07/30 VUs  0m14.0s/4m30.0s

running (0m15.0s), 08/30 VUs, 180 complete and 0 interrupted iterations
default   [   6% ] 08/30 VUs  0m15.0s/4m30.0s

running (0m16.0s), 08/30 VUs, 197 complete and 0 interrupted iterations
default   [   6% ] 08/30 VUs  0m16.0s/4m30.0s

running (0m17.0s), 09/30 VUs, 200 complete and 0 interrupted iterations
default   [   6% ] 09/30 VUs  0m17.0s/4m30.0s

running (0m18.0s), 09/30 VUs, 215 complete and 0 interrupted iterations
default   [   7% ] 09/30 VUs  0m18.0s/4m30.0s

running (0m19.0s), 10/30 VUs, 250 complete and 0 interrupted iterations
default   [   7% ] 10/30 VUs  0m19.0s/4m30.0s

running (0m20.0s), 10/30 VUs, 288 complete and 0 interrupted iterations
default   [   7% ] 10/30 VUs  0m20.0s/4m30.0s

running (0m21.0s), 11/30 VUs, 323 complete and 0 interrupted iterations
default   [   8% ] 11/30 VUs  0m21.0s/4m30.0s

running (0m22.0s), 11/30 VUs, 356 complete and 0 interrupted iterations
default   [   8% ] 11/30 VUs  0m22.0s/4m30.0s

running (0m23.0s), 12/30 VUs, 374 complete and 0 interrupted iterations
default   [   9% ] 12/30 VUs  0m23.0s/4m30.0s

running (0m24.0s), 12/30 VUs, 376 complete and 0 interrupted iterations
default   [   9% ] 12/30 VUs  0m24.0s/4m30.0s

running (0m25.0s), 13/30 VUs, 380 complete and 0 interrupted iterations
default   [   9% ] 13/30 VUs  0m25.0s/4m30.0s

running (0m26.0s), 13/30 VUs, 426 complete and 0 interrupted iterations
default   [  10% ] 13/30 VUs  0m26.0s/4m30.0s

running (0m27.0s), 14/30 VUs, 477 complete and 0 interrupted iterations
default   [  10% ] 14/30 VUs  0m27.0s/4m30.0s

running (0m28.0s), 14/30 VUs, 504 complete and 0 interrupted iterations
default   [  10% ] 14/30 VUs  0m28.0s/4m30.0s

running (0m29.0s), 15/30 VUs, 504 complete and 0 interrupted iterations
default   [  11% ] 15/30 VUs  0m29.0s/4m30.0s

running (0m30.0s), 15/30 VUs, 508 complete and 0 interrupted iterations
default   [  11% ] 15/30 VUs  0m30.0s/4m30.0s

running (0m31.0s), 15/30 VUs, 555 complete and 0 interrupted iterations
default   [  11% ] 15/30 VUs  0m31.0s/4m30.0s

running (0m32.0s), 16/30 VUs, 580 complete and 0 interrupted iterations
default   [  12% ] 16/30 VUs  0m32.0s/4m30.0s

running (0m33.0s), 16/30 VUs, 588 complete and 0 interrupted iterations
default   [  12% ] 16/30 VUs  0m33.0s/4m30.0s

running (0m34.0s), 17/30 VUs, 591 complete and 0 interrupted iterations
default   [  13% ] 17/30 VUs  0m34.0s/4m30.0s

running (0m35.0s), 17/30 VUs, 605 complete and 0 interrupted iterations
default   [  13% ] 17/30 VUs  0m35.0s/4m30.0s

running (0m36.0s), 18/30 VUs, 611 complete and 0 interrupted iterations
default   [  13% ] 18/30 VUs  0m36.0s/4m30.0s

running (0m37.0s), 18/30 VUs, 611 complete and 0 interrupted iterations
default   [  14% ] 18/30 VUs  0m37.0s/4m30.0s

running (0m38.0s), 19/30 VUs, 639 complete and 0 interrupted iterations
default   [  14% ] 19/30 VUs  0m38.0s/4m30.0s

running (0m39.0s), 19/30 VUs, 643 complete and 0 interrupted iterations
default   [  14% ] 19/30 VUs  0m39.0s/4m30.0s

running (0m40.0s), 20/30 VUs, 643 complete and 0 interrupted iterations
default   [  15% ] 20/30 VUs  0m40.0s/4m30.0s

running (0m41.0s), 20/30 VUs, 665 complete and 0 interrupted iterations
default   [  15% ] 20/30 VUs  0m41.0s/4m30.0s

running (0m42.0s), 21/30 VUs, 720 complete and 0 interrupted iterations
default   [  16% ] 21/30 VUs  0m42.0s/4m30.0s

running (0m43.0s), 21/30 VUs, 725 complete and 0 interrupted iterations
default   [  16% ] 21/30 VUs  0m43.0s/4m30.0s

running (0m44.0s), 22/30 VUs, 725 complete and 0 interrupted iterations
default   [  16% ] 22/30 VUs  0m44.0s/4m30.0s

running (0m45.0s), 22/30 VUs, 766 complete and 0 interrupted iterations
default   [  17% ] 22/30 VUs  0m45.0s/4m30.0s

running (0m46.0s), 23/30 VUs, 839 complete and 0 interrupted iterations
default   [  17% ] 23/30 VUs  0m46.0s/4m30.0s

running (0m47.0s), 23/30 VUs, 867 complete and 0 interrupted iterations
default   [  17% ] 23/30 VUs  0m47.0s/4m30.0s

running (0m48.0s), 24/30 VUs, 880 complete and 0 interrupted iterations
default   [  18% ] 24/30 VUs  0m48.0s/4m30.0s

running (0m49.0s), 24/30 VUs, 886 complete and 0 interrupted iterations
default   [  18% ] 24/30 VUs  0m49.0s/4m30.0s

running (0m50.0s), 25/30 VUs, 893 complete and 0 interrupted iterations
default   [  19% ] 25/30 VUs  0m50.0s/4m30.0s

running (0m51.0s), 25/30 VUs, 907 complete and 0 interrupted iterations
default   [  19% ] 25/30 VUs  0m51.0s/4m30.0s

running (0m52.0s), 26/30 VUs, 910 complete and 0 interrupted iterations
default   [  19% ] 26/30 VUs  0m52.0s/4m30.0s

running (0m53.0s), 26/30 VUs, 911 complete and 0 interrupted iterations
default   [  20% ] 26/30 VUs  0m53.0s/4m30.0s

running (0m54.0s), 27/30 VUs, 947 complete and 0 interrupted iterations
default   [  20% ] 27/30 VUs  0m54.0s/4m30.0s

running (0m55.0s), 27/30 VUs, 979 complete and 0 interrupted iterations
default   [  20% ] 27/30 VUs  0m55.0s/4m30.0s

running (0m56.0s), 28/30 VUs, 985 complete and 0 interrupted iterations
default   [  21% ] 28/30 VUs  0m56.0s/4m30.0s

running (0m57.0s), 28/30 VUs, 986 complete and 0 interrupted iterations
default   [  21% ] 28/30 VUs  0m57.0s/4m30.0s

running (0m58.0s), 29/30 VUs, 994 complete and 0 interrupted iterations
default   [  21% ] 29/30 VUs  0m58.0s/4m30.0s

running (0m59.0s), 29/30 VUs, 1033 complete and 0 interrupted iterations
default   [  22% ] 29/30 VUs  0m59.0s/4m30.0s

running (1m00.0s), 29/30 VUs, 1110 complete and 0 interrupted iterations
default   [  22% ] 29/30 VUs  1m00.0s/4m30.0s

running (1m01.0s), 30/30 VUs, 1144 complete and 0 interrupted iterations
default   [  23% ] 30/30 VUs  1m01.0s/4m30.0s

running (1m02.0s), 30/30 VUs, 1146 complete and 0 interrupted iterations
default   [  23% ] 30/30 VUs  1m02.0s/4m30.0s

running (1m03.0s), 30/30 VUs, 1208 complete and 0 interrupted iterations
default   [  23% ] 30/30 VUs  1m03.0s/4m30.0s

running (1m04.0s), 30/30 VUs, 1251 complete and 0 interrupted iterations
default   [  24% ] 30/30 VUs  1m04.0s/4m30.0s

running (1m05.0s), 30/30 VUs, 1251 complete and 0 interrupted iterations
default   [  24% ] 30/30 VUs  1m05.0s/4m30.0s

running (1m06.0s), 30/30 VUs, 1272 complete and 0 interrupted iterations
default   [  24% ] 30/30 VUs  1m06.0s/4m30.0s

running (1m07.0s), 30/30 VUs, 1315 complete and 0 interrupted iterations
default   [  25% ] 30/30 VUs  1m07.0s/4m30.0s

running (1m08.0s), 30/30 VUs, 1354 complete and 0 interrupted iterations
default   [  25% ] 30/30 VUs  1m08.0s/4m30.0s

running (1m09.0s), 30/30 VUs, 1390 complete and 0 interrupted iterations
default   [  26% ] 30/30 VUs  1m09.0s/4m30.0s

running (1m10.0s), 30/30 VUs, 1427 complete and 0 interrupted iterations
default   [  26% ] 30/30 VUs  1m10.0s/4m30.0s

running (1m11.0s), 30/30 VUs, 1427 complete and 0 interrupted iterations
default   [  26% ] 30/30 VUs  1m11.0s/4m30.0s

running (1m12.0s), 30/30 VUs, 1444 complete and 0 interrupted iterations
default   [  27% ] 30/30 VUs  1m12.0s/4m30.0s

running (1m13.0s), 30/30 VUs, 1488 complete and 0 interrupted iterations
default   [  27% ] 30/30 VUs  1m13.0s/4m30.0s

running (1m14.0s), 30/30 VUs, 1494 complete and 0 interrupted iterations
default   [  27% ] 30/30 VUs  1m14.0s/4m30.0s

running (1m15.0s), 30/30 VUs, 1496 complete and 0 interrupted iterations
default   [  28% ] 30/30 VUs  1m15.0s/4m30.0s

running (1m16.0s), 30/30 VUs, 1533 complete and 0 interrupted iterations
default   [  28% ] 30/30 VUs  1m16.0s/4m30.0s

running (1m17.0s), 30/30 VUs, 1614 complete and 0 interrupted iterations
default   [  29% ] 30/30 VUs  1m17.0s/4m30.0s

running (1m18.0s), 30/30 VUs, 1654 complete and 0 interrupted iterations
default   [  29% ] 30/30 VUs  1m18.0s/4m30.0s

running (1m19.0s), 30/30 VUs, 1674 complete and 0 interrupted iterations
default   [  29% ] 30/30 VUs  1m19.0s/4m30.0s

running (1m20.0s), 30/30 VUs, 1710 complete and 0 interrupted iterations
default   [  30% ] 30/30 VUs  1m20.0s/4m30.0s

running (1m21.0s), 30/30 VUs, 1752 complete and 0 interrupted iterations
default   [  30% ] 30/30 VUs  1m21.0s/4m30.0s

running (1m22.0s), 30/30 VUs, 1752 complete and 0 interrupted iterations
default   [  30% ] 30/30 VUs  1m22.0s/4m30.0s

running (1m23.0s), 30/30 VUs, 1759 complete and 0 interrupted iterations
default   [  31% ] 30/30 VUs  1m23.0s/4m30.0s

running (1m24.0s), 30/30 VUs, 1807 complete and 0 interrupted iterations
default   [  31% ] 30/30 VUs  1m24.0s/4m30.0s

running (1m25.0s), 30/30 VUs, 1831 complete and 0 interrupted iterations
default   [  31% ] 30/30 VUs  1m25.0s/4m30.0s

running (1m26.0s), 30/30 VUs, 1832 complete and 0 interrupted iterations
default   [  32% ] 30/30 VUs  1m26.0s/4m30.0s

running (1m27.0s), 30/30 VUs, 1869 complete and 0 interrupted iterations
default   [  32% ] 30/30 VUs  1m27.0s/4m30.0s

running (1m28.0s), 30/30 VUs, 1941 complete and 0 interrupted iterations
default   [  33% ] 30/30 VUs  1m28.0s/4m30.0s

running (1m29.0s), 30/30 VUs, 1991 complete and 0 interrupted iterations
default   [  33% ] 30/30 VUs  1m29.0s/4m30.0s

running (1m30.0s), 30/30 VUs, 1992 complete and 0 interrupted iterations
default   [  33% ] 30/30 VUs  1m30.0s/4m30.0s

running (1m31.0s), 30/30 VUs, 2000 complete and 0 interrupted iterations
default   [  34% ] 30/30 VUs  1m31.0s/4m30.0s

running (1m32.0s), 30/30 VUs, 2016 complete and 0 interrupted iterations
default   [  34% ] 30/30 VUs  1m32.0s/4m30.0s

running (1m33.0s), 30/30 VUs, 2016 complete and 0 interrupted iterations
default   [  34% ] 30/30 VUs  1m33.0s/4m30.0s

running (1m34.0s), 30/30 VUs, 2037 complete and 0 interrupted iterations
default   [  35% ] 30/30 VUs  1m34.0s/4m30.0s

running (1m35.0s), 30/30 VUs, 2086 complete and 0 interrupted iterations
default   [  35% ] 30/30 VUs  1m35.0s/4m30.0s

running (1m36.0s), 30/30 VUs, 2111 complete and 0 interrupted iterations
default   [  36% ] 30/30 VUs  1m36.0s/4m30.0s

running (1m37.0s), 30/30 VUs, 2112 complete and 0 interrupted iterations
default   [  36% ] 30/30 VUs  1m37.0s/4m30.0s

running (1m38.0s), 30/30 VUs, 2133 complete and 0 interrupted iterations
default   [  36% ] 30/30 VUs  1m38.0s/4m30.0s

running (1m39.0s), 30/30 VUs, 2183 complete and 0 interrupted iterations
default   [  37% ] 30/30 VUs  1m39.0s/4m30.0s

running (1m40.0s), 30/30 VUs, 2224 complete and 0 interrupted iterations
default   [  37% ] 30/30 VUs  1m40.0s/4m30.0s

running (1m41.0s), 30/30 VUs, 2265 complete and 0 interrupted iterations
default   [  37% ] 30/30 VUs  1m41.0s/4m30.0s

running (1m42.0s), 30/30 VUs, 2283 complete and 0 interrupted iterations
default   [  38% ] 30/30 VUs  1m42.0s/4m30.0s

running (1m43.0s), 30/30 VUs, 2286 complete and 0 interrupted iterations
default   [  38% ] 30/30 VUs  1m43.0s/4m30.0s

running (1m44.0s), 30/30 VUs, 2290 complete and 0 interrupted iterations
default   [  39% ] 30/30 VUs  1m44.0s/4m30.0s

running (1m45.0s), 30/30 VUs, 2308 complete and 0 interrupted iterations
default   [  39% ] 30/30 VUs  1m45.0s/4m30.0s

running (1m46.0s), 30/30 VUs, 2338 complete and 0 interrupted iterations
default   [  39% ] 30/30 VUs  1m46.0s/4m30.0s

running (1m47.0s), 30/30 VUs, 2378 complete and 0 interrupted iterations
default   [  40% ] 30/30 VUs  1m47.0s/4m30.0s

running (1m48.0s), 30/30 VUs, 2411 complete and 0 interrupted iterations
default   [  40% ] 30/30 VUs  1m48.0s/4m30.0s

running (1m49.0s), 30/30 VUs, 2459 complete and 0 interrupted iterations
default   [  40% ] 30/30 VUs  1m49.0s/4m30.0s

running (1m50.0s), 30/30 VUs, 2495 complete and 0 interrupted iterations
default   [  41% ] 30/30 VUs  1m50.0s/4m30.0s

running (1m51.0s), 30/30 VUs, 2516 complete and 0 interrupted iterations
default   [  41% ] 30/30 VUs  1m51.0s/4m30.0s

running (1m52.0s), 30/30 VUs, 2538 complete and 0 interrupted iterations
default   [  41% ] 30/30 VUs  1m52.0s/4m30.0s

running (1m53.0s), 30/30 VUs, 2540 complete and 0 interrupted iterations
default   [  42% ] 30/30 VUs  1m53.0s/4m30.0s

running (1m54.0s), 30/30 VUs, 2563 complete and 0 interrupted iterations
default   [  42% ] 30/30 VUs  1m54.0s/4m30.0s

running (1m55.0s), 30/30 VUs, 2577 complete and 0 interrupted iterations
default   [  43% ] 30/30 VUs  1m55.0s/4m30.0s

running (1m56.0s), 30/30 VUs, 2577 complete and 0 interrupted iterations
default   [  43% ] 30/30 VUs  1m56.0s/4m30.0s

running (1m57.0s), 30/30 VUs, 2587 complete and 0 interrupted iterations
default   [  43% ] 30/30 VUs  1m57.0s/4m30.0s

running (1m58.0s), 30/30 VUs, 2589 complete and 0 interrupted iterations
default   [  44% ] 30/30 VUs  1m58.0s/4m30.0s

running (1m59.0s), 30/30 VUs, 2593 complete and 0 interrupted iterations
default   [  44% ] 30/30 VUs  1m59.0s/4m30.0s

running (2m00.0s), 30/30 VUs, 2644 complete and 0 interrupted iterations
default   [  44% ] 30/30 VUs  2m00.0s/4m30.0s

running (2m01.0s), 30/30 VUs, 2715 complete and 0 interrupted iterations
default   [  45% ] 30/30 VUs  2m01.0s/4m30.0s

running (2m02.0s), 30/30 VUs, 2764 complete and 0 interrupted iterations
default   [  45% ] 30/30 VUs  2m02.0s/4m30.0s

running (2m03.0s), 30/30 VUs, 2793 complete and 0 interrupted iterations
default   [  46% ] 30/30 VUs  2m03.0s/4m30.0s

running (2m04.0s), 30/30 VUs, 2807 complete and 0 interrupted iterations
default   [  46% ] 30/30 VUs  2m04.0s/4m30.0s

running (2m05.0s), 30/30 VUs, 2830 complete and 0 interrupted iterations
default   [  46% ] 30/30 VUs  2m05.0s/4m30.0s

running (2m06.0s), 30/30 VUs, 2831 complete and 0 interrupted iterations
default   [  47% ] 30/30 VUs  2m06.0s/4m30.0s

running (2m07.0s), 30/30 VUs, 2845 complete and 0 interrupted iterations
default   [  47% ] 30/30 VUs  2m07.0s/4m30.0s

running (2m08.0s), 30/30 VUs, 2852 complete and 0 interrupted iterations
default   [  47% ] 30/30 VUs  2m08.0s/4m30.0s

running (2m09.0s), 30/30 VUs, 2854 complete and 0 interrupted iterations
default   [  48% ] 30/30 VUs  2m09.0s/4m30.0s

running (2m10.0s), 30/30 VUs, 2881 complete and 0 interrupted iterations
default   [  48% ] 30/30 VUs  2m10.0s/4m30.0s

running (2m11.0s), 30/30 VUs, 2921 complete and 0 interrupted iterations
default   [  49% ] 30/30 VUs  2m11.0s/4m30.0s

running (2m12.0s), 30/30 VUs, 2934 complete and 0 interrupted iterations
default   [  49% ] 30/30 VUs  2m12.0s/4m30.0s

running (2m13.0s), 30/30 VUs, 2949 complete and 0 interrupted iterations
default   [  49% ] 30/30 VUs  2m13.0s/4m30.0s

running (2m14.0s), 30/30 VUs, 2954 complete and 0 interrupted iterations
default   [  50% ] 30/30 VUs  2m14.0s/4m30.0s

running (2m15.0s), 30/30 VUs, 2956 complete and 0 interrupted iterations
default   [  50% ] 30/30 VUs  2m15.0s/4m30.0s

running (2m16.0s), 30/30 VUs, 2965 complete and 0 interrupted iterations
default   [  50% ] 30/30 VUs  2m16.0s/4m30.0s

running (2m17.0s), 30/30 VUs, 2981 complete and 0 interrupted iterations
default   [  51% ] 30/30 VUs  2m17.0s/4m30.0s

running (2m18.0s), 30/30 VUs, 2981 complete and 0 interrupted iterations
default   [  51% ] 30/30 VUs  2m18.0s/4m30.0s

running (2m19.0s), 30/30 VUs, 2988 complete and 0 interrupted iterations
default   [  51% ] 30/30 VUs  2m19.0s/4m30.0s

running (2m20.0s), 30/30 VUs, 3046 complete and 0 interrupted iterations
default   [  52% ] 30/30 VUs  2m20.0s/4m30.0s

running (2m21.0s), 30/30 VUs, 3091 complete and 0 interrupted iterations
default   [  52% ] 30/30 VUs  2m21.0s/4m30.0s

running (2m22.0s), 30/30 VUs, 3094 complete and 0 interrupted iterations
default   [  53% ] 30/30 VUs  2m22.0s/4m30.0s

running (2m23.0s), 30/30 VUs, 3105 complete and 0 interrupted iterations
default   [  53% ] 30/30 VUs  2m23.0s/4m30.0s

running (2m24.0s), 30/30 VUs, 3146 complete and 0 interrupted iterations
default   [  53% ] 30/30 VUs  2m24.0s/4m30.0s

running (2m25.0s), 30/30 VUs, 3194 complete and 0 interrupted iterations
default   [  54% ] 30/30 VUs  2m25.0s/4m30.0s

running (2m26.0s), 30/30 VUs, 3220 complete and 0 interrupted iterations
default   [  54% ] 30/30 VUs  2m26.0s/4m30.0s

running (2m27.0s), 30/30 VUs, 3255 complete and 0 interrupted iterations
default   [  54% ] 30/30 VUs  2m27.0s/4m30.0s

running (2m28.0s), 30/30 VUs, 3315 complete and 0 interrupted iterations
default   [  55% ] 30/30 VUs  2m28.0s/4m30.0s

running (2m29.0s), 30/30 VUs, 3389 complete and 0 interrupted iterations
default   [  55% ] 30/30 VUs  2m29.0s/4m30.0s

running (2m30.0s), 30/30 VUs, 3408 complete and 0 interrupted iterations
default   [  56% ] 30/30 VUs  2m30.0s/4m30.0s

running (2m31.0s), 30/30 VUs, 3408 complete and 0 interrupted iterations
default   [  56% ] 30/30 VUs  2m31.0s/4m30.0s

running (2m32.0s), 30/30 VUs, 3422 complete and 0 interrupted iterations
default   [  56% ] 30/30 VUs  2m32.0s/4m30.0s

running (2m33.0s), 30/30 VUs, 3427 complete and 0 interrupted iterations
default   [  57% ] 30/30 VUs  2m33.0s/4m30.0s

running (2m34.0s), 30/30 VUs, 3427 complete and 0 interrupted iterations
default   [  57% ] 30/30 VUs  2m34.0s/4m30.0s

running (2m35.0s), 30/30 VUs, 3447 complete and 0 interrupted iterations
default   [  57% ] 30/30 VUs  2m35.0s/4m30.0s

running (2m36.0s), 30/30 VUs, 3475 complete and 0 interrupted iterations
default   [  58% ] 30/30 VUs  2m36.0s/4m30.0s

running (2m37.0s), 30/30 VUs, 3509 complete and 0 interrupted iterations
default   [  58% ] 30/30 VUs  2m37.0s/4m30.0s

running (2m38.0s), 30/30 VUs, 3564 complete and 0 interrupted iterations
default   [  59% ] 30/30 VUs  2m38.0s/4m30.0s

running (2m39.0s), 30/30 VUs, 3586 complete and 0 interrupted iterations
default   [  59% ] 30/30 VUs  2m39.0s/4m30.0s

running (2m40.0s), 30/30 VUs, 3586 complete and 0 interrupted iterations
default   [  59% ] 30/30 VUs  2m40.0s/4m30.0s

running (2m41.0s), 30/30 VUs, 3604 complete and 0 interrupted iterations
default   [  60% ] 30/30 VUs  2m41.0s/4m30.0s

running (2m42.0s), 30/30 VUs, 3619 complete and 0 interrupted iterations
default   [  60% ] 30/30 VUs  2m42.0s/4m30.0s

running (2m43.0s), 30/30 VUs, 3619 complete and 0 interrupted iterations
default   [  60% ] 30/30 VUs  2m43.0s/4m30.0s

running (2m44.0s), 30/30 VUs, 3636 complete and 0 interrupted iterations
default   [  61% ] 30/30 VUs  2m44.0s/4m30.0s

running (2m45.0s), 30/30 VUs, 3689 complete and 0 interrupted iterations
default   [  61% ] 30/30 VUs  2m45.0s/4m30.0s

running (2m46.0s), 30/30 VUs, 3717 complete and 0 interrupted iterations
default   [  61% ] 30/30 VUs  2m46.0s/4m30.0s

running (2m47.0s), 30/30 VUs, 3719 complete and 0 interrupted iterations
default   [  62% ] 30/30 VUs  2m47.0s/4m30.0s

running (2m48.0s), 30/30 VUs, 3737 complete and 0 interrupted iterations
default   [  62% ] 30/30 VUs  2m48.0s/4m30.0s

running (2m49.0s), 30/30 VUs, 3754 complete and 0 interrupted iterations
default   [  63% ] 30/30 VUs  2m49.0s/4m30.0s

running (2m50.0s), 30/30 VUs, 3754 complete and 0 interrupted iterations
default   [  63% ] 30/30 VUs  2m50.0s/4m30.0s

running (2m51.0s), 30/30 VUs, 3756 complete and 0 interrupted iterations
default   [  63% ] 30/30 VUs  2m51.0s/4m30.0s

running (2m52.0s), 30/30 VUs, 3811 complete and 0 interrupted iterations
default   [  64% ] 30/30 VUs  2m52.0s/4m30.0s

running (2m53.0s), 30/30 VUs, 3861 complete and 0 interrupted iterations
default   [  64% ] 30/30 VUs  2m53.0s/4m30.0s

running (2m54.0s), 30/30 VUs, 3892 complete and 0 interrupted iterations
default   [  64% ] 30/30 VUs  2m54.0s/4m30.0s

running (2m55.0s), 30/30 VUs, 3938 complete and 0 interrupted iterations
default   [  65% ] 30/30 VUs  2m55.0s/4m30.0s

running (2m56.0s), 30/30 VUs, 3975 complete and 0 interrupted iterations
default   [  65% ] 30/30 VUs  2m56.0s/4m30.0s

running (2m57.0s), 30/30 VUs, 4008 complete and 0 interrupted iterations
default   [  66% ] 30/30 VUs  2m57.0s/4m30.0s

running (2m58.0s), 30/30 VUs, 4021 complete and 0 interrupted iterations
default   [  66% ] 30/30 VUs  2m58.0s/4m30.0s

running (2m59.0s), 30/30 VUs, 4021 complete and 0 interrupted iterations
default   [  66% ] 30/30 VUs  2m59.0s/4m30.0s

running (3m00.0s), 30/30 VUs, 4024 complete and 0 interrupted iterations
default   [  67% ] 30/30 VUs  3m00.0s/4m30.0s

running (3m01.0s), 30/30 VUs, 4038 complete and 0 interrupted iterations
default   [  67% ] 30/30 VUs  3m01.0s/4m30.0s

running (3m02.0s), 30/30 VUs, 4067 complete and 0 interrupted iterations
default   [  67% ] 30/30 VUs  3m02.0s/4m30.0s

running (3m03.0s), 30/30 VUs, 4133 complete and 0 interrupted iterations
default   [  68% ] 30/30 VUs  3m03.0s/4m30.0s

running (3m04.0s), 30/30 VUs, 4133 complete and 0 interrupted iterations
default   [  68% ] 30/30 VUs  3m04.0s/4m30.0s

running (3m05.0s), 30/30 VUs, 4133 complete and 0 interrupted iterations
default   [  69% ] 30/30 VUs  3m05.0s/4m30.0s

running (3m06.0s), 30/30 VUs, 4173 complete and 0 interrupted iterations
default   [  69% ] 30/30 VUs  3m06.0s/4m30.0s

running (3m07.0s), 30/30 VUs, 4173 complete and 0 interrupted iterations
default   [  69% ] 30/30 VUs  3m07.0s/4m30.0s

running (3m08.0s), 30/30 VUs, 4175 complete and 0 interrupted iterations
default   [  70% ] 30/30 VUs  3m08.0s/4m30.0s

running (3m09.0s), 30/30 VUs, 4242 complete and 0 interrupted iterations
default   [  70% ] 30/30 VUs  3m09.0s/4m30.0s

running (3m10.0s), 30/30 VUs, 4308 complete and 0 interrupted iterations
default   [  70% ] 30/30 VUs  3m10.0s/4m30.0s

running (3m11.0s), 30/30 VUs, 4335 complete and 0 interrupted iterations
default   [  71% ] 30/30 VUs  3m11.0s/4m30.0s

running (3m12.0s), 30/30 VUs, 4336 complete and 0 interrupted iterations
default   [  71% ] 30/30 VUs  3m12.0s/4m30.0s

running (3m13.0s), 30/30 VUs, 4354 complete and 0 interrupted iterations
default   [  71% ] 30/30 VUs  3m13.0s/4m30.0s

running (3m14.0s), 30/30 VUs, 4360 complete and 0 interrupted iterations
default   [  72% ] 30/30 VUs  3m14.0s/4m30.0s

running (3m15.0s), 30/30 VUs, 4361 complete and 0 interrupted iterations
default   [  72% ] 30/30 VUs  3m15.0s/4m30.0s

running (3m16.0s), 30/30 VUs, 4388 complete and 0 interrupted iterations
default   [  73% ] 30/30 VUs  3m16.0s/4m30.0s

running (3m17.0s), 30/30 VUs, 4474 complete and 0 interrupted iterations
default   [  73% ] 30/30 VUs  3m17.0s/4m30.0s

running (3m18.0s), 30/30 VUs, 4549 complete and 0 interrupted iterations
default   [  73% ] 30/30 VUs  3m18.0s/4m30.0s

running (3m19.0s), 30/30 VUs, 4609 complete and 0 interrupted iterations
default   [  74% ] 30/30 VUs  3m19.0s/4m30.0s

running (3m20.0s), 30/30 VUs, 4623 complete and 0 interrupted iterations
default   [  74% ] 30/30 VUs  3m20.0s/4m30.0s

running (3m21.0s), 30/30 VUs, 4625 complete and 0 interrupted iterations
default   [  74% ] 30/30 VUs  3m21.0s/4m30.0s

running (3m22.0s), 30/30 VUs, 4641 complete and 0 interrupted iterations
default   [  75% ] 30/30 VUs  3m22.0s/4m30.0s

running (3m23.0s), 30/30 VUs, 4657 complete and 0 interrupted iterations
default   [  75% ] 30/30 VUs  3m23.0s/4m30.0s

running (3m24.0s), 30/30 VUs, 4657 complete and 0 interrupted iterations
default   [  76% ] 30/30 VUs  3m24.0s/4m30.0s

running (3m25.0s), 30/30 VUs, 4659 complete and 0 interrupted iterations
default   [  76% ] 30/30 VUs  3m25.0s/4m30.0s

running (3m26.0s), 30/30 VUs, 4684 complete and 0 interrupted iterations
default   [  76% ] 30/30 VUs  3m26.0s/4m30.0s

running (3m27.0s), 30/30 VUs, 4693 complete and 0 interrupted iterations
default   [  77% ] 30/30 VUs  3m27.0s/4m30.0s

running (3m28.0s), 30/30 VUs, 4726 complete and 0 interrupted iterations
default   [  77% ] 30/30 VUs  3m28.0s/4m30.0s

running (3m29.0s), 30/30 VUs, 4773 complete and 0 interrupted iterations
default   [  77% ] 30/30 VUs  3m29.0s/4m30.0s

running (3m30.0s), 30/30 VUs, 4794 complete and 0 interrupted iterations
default   [  78% ] 30/30 VUs  3m30.0s/4m30.0s

running (3m31.0s), 30/30 VUs, 4794 complete and 0 interrupted iterations
default   [  78% ] 30/30 VUs  3m31.0s/4m30.0s

running (3m32.0s), 30/30 VUs, 4819 complete and 0 interrupted iterations
default   [  79% ] 30/30 VUs  3m32.0s/4m30.0s

running (3m33.0s), 30/30 VUs, 4869 complete and 0 interrupted iterations
default   [  79% ] 30/30 VUs  3m33.0s/4m30.0s

running (3m34.0s), 30/30 VUs, 4879 complete and 0 interrupted iterations
default   [  79% ] 30/30 VUs  3m34.0s/4m30.0s

running (3m35.0s), 30/30 VUs, 4882 complete and 0 interrupted iterations
default   [  80% ] 30/30 VUs  3m35.0s/4m30.0s

running (3m36.0s), 30/30 VUs, 4904 complete and 0 interrupted iterations
default   [  80% ] 30/30 VUs  3m36.0s/4m30.0s

running (3m37.0s), 30/30 VUs, 4932 complete and 0 interrupted iterations
default   [  80% ] 30/30 VUs  3m37.0s/4m30.0s

running (3m38.0s), 30/30 VUs, 4968 complete and 0 interrupted iterations
default   [  81% ] 30/30 VUs  3m38.0s/4m30.0s

running (3m39.0s), 30/30 VUs, 5016 complete and 0 interrupted iterations
default   [  81% ] 30/30 VUs  3m39.0s/4m30.0s

running (3m40.0s), 30/30 VUs, 5047 complete and 0 interrupted iterations
default   [  81% ] 30/30 VUs  3m40.0s/4m30.0s

running (3m41.0s), 30/30 VUs, 5059 complete and 0 interrupted iterations
default   [  82% ] 30/30 VUs  3m41.0s/4m30.0s

running (3m42.0s), 30/30 VUs, 5076 complete and 0 interrupted iterations
default   [  82% ] 30/30 VUs  3m42.0s/4m30.0s

running (3m43.0s), 30/30 VUs, 5088 complete and 0 interrupted iterations
default   [  83% ] 30/30 VUs  3m43.0s/4m30.0s

running (3m44.0s), 30/30 VUs, 5114 complete and 0 interrupted iterations
default   [  83% ] 30/30 VUs  3m44.0s/4m30.0s

running (3m45.0s), 30/30 VUs, 5145 complete and 0 interrupted iterations
default   [  83% ] 30/30 VUs  3m45.0s/4m30.0s

running (3m46.0s), 30/30 VUs, 5158 complete and 0 interrupted iterations
default   [  84% ] 30/30 VUs  3m46.0s/4m30.0s

running (3m47.0s), 30/30 VUs, 5182 complete and 0 interrupted iterations
default   [  84% ] 30/30 VUs  3m47.0s/4m30.0s

running (3m48.0s), 30/30 VUs, 5193 complete and 0 interrupted iterations
default   [  84% ] 30/30 VUs  3m48.0s/4m30.0s

running (3m49.0s), 30/30 VUs, 5214 complete and 0 interrupted iterations
default   [  85% ] 30/30 VUs  3m49.0s/4m30.0s

running (3m50.0s), 30/30 VUs, 5215 complete and 0 interrupted iterations
default   [  85% ] 30/30 VUs  3m50.0s/4m30.0s

running (3m51.0s), 30/30 VUs, 5221 complete and 0 interrupted iterations
default   [  86% ] 30/30 VUs  3m51.0s/4m30.0s

running (3m52.0s), 30/30 VUs, 5238 complete and 0 interrupted iterations
default   [  86% ] 30/30 VUs  3m52.0s/4m30.0s

running (3m53.0s), 30/30 VUs, 5247 complete and 0 interrupted iterations
default   [  86% ] 30/30 VUs  3m53.0s/4m30.0s

running (3m54.0s), 30/30 VUs, 5267 complete and 0 interrupted iterations
default   [  87% ] 30/30 VUs  3m54.0s/4m30.0s

running (3m55.0s), 30/30 VUs, 5276 complete and 0 interrupted iterations
default   [  87% ] 30/30 VUs  3m55.0s/4m30.0s

running (3m56.0s), 30/30 VUs, 5276 complete and 0 interrupted iterations
default   [  87% ] 30/30 VUs  3m56.0s/4m30.0s

running (3m57.0s), 30/30 VUs, 5296 complete and 0 interrupted iterations
default   [  88% ] 30/30 VUs  3m57.0s/4m30.0s

running (3m58.0s), 30/30 VUs, 5333 complete and 0 interrupted iterations
default   [  88% ] 30/30 VUs  3m58.0s/4m30.0s

running (3m59.0s), 30/30 VUs, 5334 complete and 0 interrupted iterations
default   [  89% ] 30/30 VUs  3m59.0s/4m30.0s

running (4m00.0s), 30/30 VUs, 5347 complete and 0 interrupted iterations
default   [  89% ] 30/30 VUs  4m00.0s/4m30.0s

running (4m01.0s), 30/30 VUs, 5397 complete and 0 interrupted iterations
default   [  89% ] 30/30 VUs  4m01.0s/4m30.0s

running (4m02.0s), 30/30 VUs, 5401 complete and 0 interrupted iterations
default   [  90% ] 30/30 VUs  4m02.0s/4m30.0s

running (4m03.0s), 30/30 VUs, 5401 complete and 0 interrupted iterations
default   [  90% ] 30/30 VUs  4m03.0s/4m30.0s

running (4m04.0s), 27/30 VUs, 5467 complete and 0 interrupted iterations
default   [  90% ] 27/30 VUs  4m04.0s/4m30.0s

running (4m05.0s), 26/30 VUs, 5498 complete and 0 interrupted iterations
default   [  91% ] 26/30 VUs  4m05.0s/4m30.0s

running (4m06.0s), 26/30 VUs, 5498 complete and 0 interrupted iterations
default   [  91% ] 26/30 VUs  4m06.0s/4m30.0s

running (4m07.0s), 25/30 VUs, 5509 complete and 0 interrupted iterations
default   [  91% ] 25/30 VUs  4m07.0s/4m30.0s

running (4m08.0s), 23/30 VUs, 5541 complete and 0 interrupted iterations
default   [  92% ] 23/30 VUs  4m08.0s/4m30.0s

running (4m09.0s), 22/30 VUs, 5568 complete and 0 interrupted iterations
default   [  92% ] 22/30 VUs  4m09.0s/4m30.0s

running (4m10.0s), 21/30 VUs, 5602 complete and 0 interrupted iterations
default   [  93% ] 21/30 VUs  4m10.0s/4m30.0s

running (4m11.0s), 21/30 VUs, 5610 complete and 0 interrupted iterations
default   [  93% ] 21/30 VUs  4m11.0s/4m30.0s

running (4m12.0s), 21/30 VUs, 5610 complete and 0 interrupted iterations
default   [  93% ] 21/30 VUs  4m12.0s/4m30.0s

running (4m13.0s), 18/30 VUs, 5636 complete and 0 interrupted iterations
default   [  94% ] 18/30 VUs  4m13.0s/4m30.0s

running (4m14.0s), 17/30 VUs, 5696 complete and 0 interrupted iterations
default   [  94% ] 17/30 VUs  4m14.0s/4m30.0s

running (4m15.0s), 17/30 VUs, 5709 complete and 0 interrupted iterations
default   [  94% ] 17/30 VUs  4m15.0s/4m30.0s

running (4m16.0s), 17/30 VUs, 5709 complete and 0 interrupted iterations
default   [  95% ] 17/30 VUs  4m16.0s/4m30.0s

running (4m17.0s), 14/30 VUs, 5739 complete and 0 interrupted iterations
default   [  95% ] 14/30 VUs  4m17.0s/4m30.0s

running (4m18.0s), 13/30 VUs, 5775 complete and 0 interrupted iterations
default   [  96% ] 13/30 VUs  4m18.0s/4m30.0s

running (4m19.0s), 12/30 VUs, 5811 complete and 0 interrupted iterations
default   [  96% ] 12/30 VUs  4m19.0s/4m30.0s

running (4m20.0s), 11/30 VUs, 5837 complete and 0 interrupted iterations
default   [  96% ] 11/30 VUs  4m20.0s/4m30.0s

running (4m21.0s), 11/30 VUs, 5837 complete and 0 interrupted iterations
default   [  97% ] 11/30 VUs  4m21.0s/4m30.0s

running (4m22.0s), 10/30 VUs, 5838 complete and 0 interrupted iterations
default   [  97% ] 10/30 VUs  4m22.0s/4m30.0s

running (4m23.0s), 08/30 VUs, 5853 complete and 0 interrupted iterations
default   [  97% ] 08/30 VUs  4m23.0s/4m30.0s

running (4m24.0s), 08/30 VUs, 5853 complete and 0 interrupted iterations
default   [  98% ] 08/30 VUs  4m24.0s/4m30.0s

running (4m25.0s), 06/30 VUs, 5863 complete and 0 interrupted iterations
default   [  98% ] 06/30 VUs  4m25.0s/4m30.0s

running (4m26.0s), 05/30 VUs, 5885 complete and 0 interrupted iterations
default   [  99% ] 05/30 VUs  4m26.0s/4m30.0s

running (4m27.0s), 04/30 VUs, 5897 complete and 0 interrupted iterations
default   [  99% ] 04/30 VUs  4m27.0s/4m30.0s

running (4m28.0s), 04/30 VUs, 5903 complete and 0 interrupted iterations
default   [  99% ] 04/30 VUs  4m28.0s/4m30.0s

running (4m29.0s), 02/30 VUs, 5906 complete and 0 interrupted iterations
default   [ 100% ] 02/30 VUs  4m29.0s/4m30.0s

running (4m30.0s), 01/30 VUs, 5907 complete and 0 interrupted iterations
default   [ 100% ] 01/30 VUs  4m30.0s/4m30.0s

     ✗ status 200
      ↳  93% — ✓ 5524 / ✗ 384

     checks.........................: 93.50% ✓ 5524      ✗ 384 
     data_received..................: 1.7 MB 6.2 kB/s
     data_sent......................: 1.1 MB 3.9 kB/s
     http_req_blocked...............: avg=7.45µs   min=1.68µs  med=4.12µs   max=1.47ms   p(90)=6.94µs   p(95)=7.93µs  
     http_req_connecting............: avg=1.86µs   min=0s      med=0s       max=709.63µs p(90)=0s       p(95)=0s      
   ✓ http_req_duration..............: avg=947.97ms min=1.14ms  med=388.42ms max=7.52s    p(90)=2.68s    p(95)=3.17s   
       { expected_response:true }...: avg=953.75ms min=18.54ms med=396.78ms max=7.52s    p(90)=2.69s    p(95)=3.17s   
   ✓ http_req_failed................: 6.49%  ✓ 384       ✗ 5524
     http_req_receiving.............: avg=106.49µs min=28.15µs med=86.03µs  max=5.56ms   p(90)=119.25µs p(95)=147.69µs
     http_req_sending...............: avg=35.04µs  min=6.34µs  med=32.05µs  max=1.22ms   p(90)=57.53µs  p(95)=76.19µs 
     http_req_tls_handshaking.......: avg=0s       min=0s      med=0s       max=0s       p(90)=0s       p(95)=0s      
     http_req_waiting...............: avg=947.83ms min=1.05ms  med=388.28ms max=7.52s    p(90)=2.68s    p(95)=3.17s   
     http_reqs......................: 5908   21.873229/s
     iteration_duration.............: avg=1.14s    min=54.94ms med=602.92ms max=7.68s    p(90)=2.9s     p(95)=3.39s   
     iterations.....................: 5908   21.873229/s
     test_errors....................: 384    1.421686/s
     test_latency_ms................: avg=948.11ms min=1ms     med=389ms    max=7.52s    p(90)=2.68s    p(95)=3.17s   
     test_slow_requests.............: 1224   4.531624/s
     vus............................: 1      min=1       max=30
     vus_max........................: 30     min=30      max=30


running (4m30.1s), 00/30 VUs, 5908 complete and 0 interrupted iterations
default ✓ [ 100% ] 00/30 VUs  4m30s
