
          /\      |‾‾| /‾‾/   /‾‾/   
     /\  /  \     |  |/  /   /  /    
    /  \/    \    |     (   /   ‾‾\  
   /          \   |  |\  \ |  (‾)  | 
  / __________ \  |__| \__\ \_____/ .io

     execution: local
        script: /scripts/basic.js
        output: Prometheus remote write (http://prometheus:9090/api/v1/write)

     scenarios: (100.00%) 1 scenario, 10 max VUs, 1m30s max duration (incl. graceful stop):
              * default: 10 looping VUs for 1m0s (gracefulStop: 30s)


running (0m01.0s), 10/10 VUs, 19 complete and 0 interrupted iterations
default   [   2% ] 10 VUs  0m01.0s/1m0s

running (0m02.0s), 10/10 VUs, 40 complete and 0 interrupted iterations
default   [   3% ] 10 VUs  0m02.0s/1m0s

running (0m03.0s), 10/10 VUs, 61 complete and 0 interrupted iterations
default   [   5% ] 10 VUs  0m03.0s/1m0s

running (0m04.0s), 10/10 VUs, 88 complete and 0 interrupted iterations
default   [   7% ] 10 VUs  0m04.0s/1m0s

running (0m05.0s), 10/10 VUs, 114 complete and 0 interrupted iterations
default   [   8% ] 10 VUs  0m05.0s/1m0s

running (0m06.0s), 10/10 VUs, 134 complete and 0 interrupted iterations
default   [  10% ] 10 VUs  0m06.0s/1m0s

running (0m07.0s), 10/10 VUs, 149 complete and 0 interrupted iterations
default   [  12% ] 10 VUs  0m07.0s/1m0s

running (0m08.0s), 10/10 VUs, 150 complete and 0 interrupted iterations
default   [  13% ] 10 VUs  0m08.0s/1m0s

running (0m09.0s), 10/10 VUs, 156 complete and 0 interrupted iterations
default   [  15% ] 10 VUs  0m09.0s/1m0s

running (0m10.0s), 10/10 VUs, 177 complete and 0 interrupted iterations
default   [  17% ] 10 VUs  0m10.0s/1m0s

running (0m11.0s), 10/10 VUs, 201 complete and 0 interrupted iterations
default   [  18% ] 10 VUs  0m11.0s/1m0s

running (0m12.0s), 10/10 VUs, 225 complete and 0 interrupted iterations
default   [  20% ] 10 VUs  0m12.0s/1m0s

running (0m13.0s), 10/10 VUs, 235 complete and 0 interrupted iterations
default   [  22% ] 10 VUs  0m13.0s/1m0s

running (0m14.0s), 10/10 VUs, 235 complete and 0 interrupted iterations
default   [  23% ] 10 VUs  0m14.0s/1m0s

running (0m15.0s), 10/10 VUs, 252 complete and 0 interrupted iterations
default   [  25% ] 10 VUs  0m15.0s/1m0s

running (0m16.0s), 10/10 VUs, 279 complete and 0 interrupted iterations
default   [  27% ] 10 VUs  0m16.0s/1m0s

running (0m17.0s), 10/10 VUs, 308 complete and 0 interrupted iterations
default   [  28% ] 10 VUs  0m17.0s/1m0s

running (0m18.0s), 10/10 VUs, 332 complete and 0 interrupted iterations
default   [  30% ] 10 VUs  0m18.0s/1m0s

running (0m19.0s), 10/10 VUs, 347 complete and 0 interrupted iterations
default   [  32% ] 10 VUs  0m19.0s/1m0s

running (0m20.0s), 10/10 VUs, 347 complete and 0 interrupted iterations
default   [  33% ] 10 VUs  0m20.0s/1m0s

running (0m21.0s), 10/10 VUs, 362 complete and 0 interrupted iterations
default   [  35% ] 10 VUs  0m21.0s/1m0s

running (0m22.0s), 10/10 VUs, 383 complete and 0 interrupted iterations
default   [  37% ] 10 VUs  0m22.0s/1m0s

running (0m23.0s), 10/10 VUs, 406 complete and 0 interrupted iterations
default   [  38% ] 10 VUs  0m23.0s/1m0s

running (0m24.0s), 10/10 VUs, 426 complete and 0 interrupted iterations
default   [  40% ] 10 VUs  0m24.0s/1m0s

running (0m25.0s), 10/10 VUs, 446 complete and 0 interrupted iterations
default   [  42% ] 10 VUs  0m25.0s/1m0s

running (0m26.0s), 10/10 VUs, 471 complete and 0 interrupted iterations
default   [  43% ] 10 VUs  0m26.0s/1m0s

running (0m27.0s), 10/10 VUs, 492 complete and 0 interrupted iterations
default   [  45% ] 10 VUs  0m27.0s/1m0s

running (0m28.0s), 10/10 VUs, 520 complete and 0 interrupted iterations
default   [  47% ] 10 VUs  0m28.0s/1m0s

running (0m29.0s), 10/10 VUs, 549 complete and 0 interrupted iterations
default   [  48% ] 10 VUs  0m29.0s/1m0s

running (0m30.0s), 10/10 VUs, 573 complete and 0 interrupted iterations
default   [  50% ] 10 VUs  0m30.0s/1m0s

running (0m31.0s), 10/10 VUs, 596 complete and 0 interrupted iterations
default   [  52% ] 10 VUs  0m31.0s/1m0s

running (0m32.0s), 10/10 VUs, 619 complete and 0 interrupted iterations
default   [  53% ] 10 VUs  0m32.0s/1m0s

running (0m33.0s), 10/10 VUs, 643 complete and 0 interrupted iterations
default   [  55% ] 10 VUs  0m33.0s/1m0s

running (0m34.0s), 10/10 VUs, 665 complete and 0 interrupted iterations
default   [  57% ] 10 VUs  0m34.0s/1m0s

running (0m35.0s), 10/10 VUs, 688 complete and 0 interrupted iterations
default   [  58% ] 10 VUs  0m35.0s/1m0s

running (0m36.0s), 10/10 VUs, 710 complete and 0 interrupted iterations
default   [  60% ] 10 VUs  0m36.0s/1m0s

running (0m37.0s), 10/10 VUs, 734 complete and 0 interrupted iterations
default   [  62% ] 10 VUs  0m37.0s/1m0s

running (0m38.0s), 10/10 VUs, 743 complete and 0 interrupted iterations
default   [  63% ] 10 VUs  0m38.0s/1m0s

running (0m39.0s), 10/10 VUs, 744 complete and 0 interrupted iterations
default   [  65% ] 10 VUs  0m39.0s/1m0s

running (0m40.0s), 10/10 VUs, 757 complete and 0 interrupted iterations
default   [  67% ] 10 VUs  0m40.0s/1m0s

running (0m41.0s), 10/10 VUs, 781 complete and 0 interrupted iterations
default   [  68% ] 10 VUs  0m41.0s/1m0s

running (0m42.0s), 10/10 VUs, 808 complete and 0 interrupted iterations
default   [  70% ] 10 VUs  0m42.0s/1m0s

running (0m43.0s), 10/10 VUs, 834 complete and 0 interrupted iterations
default   [  72% ] 10 VUs  0m43.0s/1m0s

running (0m44.0s), 10/10 VUs, 855 complete and 0 interrupted iterations
default   [  73% ] 10 VUs  0m44.0s/1m0s

running (0m45.0s), 10/10 VUs, 866 complete and 0 interrupted iterations
default   [  75% ] 10 VUs  0m45.0s/1m0s

running (0m46.0s), 10/10 VUs, 868 complete and 0 interrupted iterations
default   [  77% ] 10 VUs  0m46.0s/1m0s

running (0m47.0s), 10/10 VUs, 886 complete and 0 interrupted iterations
default   [  78% ] 10 VUs  0m47.0s/1m0s

running (0m48.0s), 10/10 VUs, 909 complete and 0 interrupted iterations
default   [  80% ] 10 VUs  0m48.0s/1m0s

running (0m49.0s), 10/10 VUs, 932 complete and 0 interrupted iterations
default   [  82% ] 10 VUs  0m49.0s/1m0s

running (0m50.0s), 10/10 VUs, 953 complete and 0 interrupted iterations
default   [  83% ] 10 VUs  0m50.0s/1m0s

running (0m51.0s), 10/10 VUs, 974 complete and 0 interrupted iterations
default   [  85% ] 10 VUs  0m51.0s/1m0s

running (0m52.0s), 10/10 VUs, 999 complete and 0 interrupted iterations
default   [  87% ] 10 VUs  0m52.0s/1m0s

running (0m53.0s), 10/10 VUs, 1018 complete and 0 interrupted iterations
default   [  88% ] 10 VUs  0m53.0s/1m0s

running (0m54.0s), 10/10 VUs, 1046 complete and 0 interrupted iterations
default   [  90% ] 10 VUs  0m54.0s/1m0s

running (0m55.0s), 10/10 VUs, 1066 complete and 0 interrupted iterations
default   [  92% ] 10 VUs  0m55.0s/1m0s

running (0m56.0s), 10/10 VUs, 1093 complete and 0 interrupted iterations
default   [  93% ] 10 VUs  0m56.0s/1m0s

running (0m57.0s), 10/10 VUs, 1115 complete and 0 interrupted iterations
default   [  95% ] 10 VUs  0m57.0s/1m0s

running (0m58.0s), 10/10 VUs, 1133 complete and 0 interrupted iterations
default   [  97% ] 10 VUs  0m58.0s/1m0s

running (0m59.0s), 10/10 VUs, 1138 complete and 0 interrupted iterations
default   [  98% ] 10 VUs  0m59.0s/1m0s

running (1m00.0s), 10/10 VUs, 1160 complete and 0 interrupted iterations
default   [ 100% ] 10 VUs  1m00.0s/1m0s

     ✗ status 200
      ↳  93% — ✓ 1090 / ✗ 80
     ✓ has task_id

     checks.........................: 96.58% ✓ 2260      ✗ 80  
     data_received..................: 316 kB 5.2 kB/s
     data_sent......................: 199 kB 3.3 kB/s
     http_req_blocked...............: avg=19.49µs  min=2.24µs   med=4.94µs   max=1.69ms   p(90)=7.61µs   p(95)=9.09µs  
     http_req_connecting............: avg=2.09µs   min=0s       med=0s       max=296.18µs p(90)=0s       p(95)=0s      
   ✓ http_req_duration..............: avg=167.09ms min=1.39ms   med=47.7ms   max=4.13s    p(90)=93.79ms  p(95)=1.38s   
       { expected_response:true }...: avg=165.18ms min=16.17ms  med=48.37ms  max=4.13s    p(90)=92.48ms  p(95)=1.2s    
   ✓ http_req_failed................: 6.83%  ✓ 80        ✗ 1090
     http_req_receiving.............: avg=101.68µs min=22.92µs  med=86.42µs  max=1.9ms    p(90)=118.38µs p(95)=138.93µs
     http_req_sending...............: avg=43.52µs  min=9.5µs    med=38.2µs   max=213.14µs p(90)=80.52µs  p(95)=91.47µs 
     http_req_tls_handshaking.......: avg=0s       min=0s       med=0s       max=0s       p(90)=0s       p(95)=0s      
     http_req_waiting...............: avg=166.94ms min=1.29ms   med=47.55ms  max=4.13s    p(90)=93.69ms  p(95)=1.38s   
     http_reqs......................: 1170   19.374183/s
     iteration_duration.............: avg=514.69ms min=120.58ms med=411.56ms max=4.24s    p(90)=635.57ms p(95)=1.68s   
     iterations.....................: 1170   19.374183/s
     test_errors....................: 80     1.32473/s
     test_latency_ms................: avg=167.25ms min=1ms      med=48ms     max=4.13s    p(90)=94.1ms   p(95)=1.38s   
     vus............................: 10     min=10      max=10
     vus_max........................: 10     min=10      max=10


running (1m00.4s), 00/10 VUs, 1170 complete and 0 interrupted iterations
default ✓ [ 100% ] 10 VUs  1m0s
