
          /\      |‾‾| /‾‾/   /‾‾/   
     /\  /  \     |  |/  /   /  /    
    /  \/    \    |     (   /   ‾‾\  
   /          \   |  |\  \ |  (‾)  | 
  / __________ \  |__| \__\ \_____/ .io

     execution: local
        script: /scripts/medium.js
        output: Prometheus remote write (http://prometheus:9090/api/v1/write)

     scenarios: (100.00%) 1 scenario, 30 max VUs, 5m0s max duration (incl. graceful stop):
              * default: Up to 30 looping VUs for 4m30s over 3 stages (gracefulRampDown: 30s, gracefulStop: 30s)


running (0m01.0s), 01/30 VUs, 3 complete and 0 interrupted iterations
default   [   0% ] 01/30 VUs  0m01.0s/4m30.0s

running (0m02.0s), 01/30 VUs, 6 complete and 0 interrupted iterations
default   [   1% ] 01/30 VUs  0m02.0s/4m30.0s

running (0m03.0s), 02/30 VUs, 15 complete and 0 interrupted iterations
default   [   1% ] 02/30 VUs  0m03.0s/4m30.0s

running (0m04.0s), 02/30 VUs, 23 complete and 0 interrupted iterations
default   [   1% ] 02/30 VUs  0m04.0s/4m30.0s

running (0m05.0s), 03/30 VUs, 34 complete and 0 interrupted iterations
default   [   2% ] 03/30 VUs  0m05.0s/4m30.0s

running (0m06.0s), 03/30 VUs, 45 complete and 0 interrupted iterations
default   [   2% ] 03/30 VUs  0m06.0s/4m30.0s

running (0m07.0s), 04/30 VUs, 56 complete and 0 interrupted iterations
default   [   3% ] 04/30 VUs  0m07.0s/4m30.0s

running (0m08.0s), 04/30 VUs, 69 complete and 0 interrupted iterations
default   [   3% ] 04/30 VUs  0m08.0s/4m30.0s

running (0m09.0s), 05/30 VUs, 85 complete and 0 interrupted iterations
default   [   3% ] 05/30 VUs  0m09.0s/4m30.0s

running (0m10.0s), 05/30 VUs, 92 complete and 0 interrupted iterations
default   [   4% ] 05/30 VUs  0m10.0s/4m30.0s

running (0m11.0s), 06/30 VUs, 94 complete and 0 interrupted iterations
default   [   4% ] 06/30 VUs  0m11.0s/4m30.0s

running (0m12.0s), 06/30 VUs, 113 complete and 0 interrupted iterations
default   [   4% ] 06/30 VUs  0m12.0s/4m30.0s

running (0m13.0s), 07/30 VUs, 137 complete and 0 interrupted iterations
default   [   5% ] 07/30 VUs  0m13.0s/4m30.0s

running (0m14.0s), 07/30 VUs, 160 complete and 0 interrupted iterations
default   [   5% ] 07/30 VUs  0m14.0s/4m30.0s

running (0m15.0s), 08/30 VUs, 184 complete and 0 interrupted iterations
default   [   6% ] 08/30 VUs  0m15.0s/4m30.0s

running (0m16.0s), 08/30 VUs, 218 complete and 0 interrupted iterations
default   [   6% ] 08/30 VUs  0m16.0s/4m30.0s

running (0m17.0s), 09/30 VUs, 246 complete and 0 interrupted iterations
default   [   6% ] 09/30 VUs  0m17.0s/4m30.0s

running (0m18.0s), 09/30 VUs, 270 complete and 0 interrupted iterations
default   [   7% ] 09/30 VUs  0m18.0s/4m30.0s

running (0m19.0s), 10/30 VUs, 299 complete and 0 interrupted iterations
default   [   7% ] 10/30 VUs  0m19.0s/4m30.0s

running (0m20.0s), 10/30 VUs, 334 complete and 0 interrupted iterations
default   [   7% ] 10/30 VUs  0m20.0s/4m30.0s

running (0m21.0s), 11/30 VUs, 373 complete and 0 interrupted iterations
default   [   8% ] 11/30 VUs  0m21.0s/4m30.0s

running (0m22.0s), 11/30 VUs, 412 complete and 0 interrupted iterations
default   [   8% ] 11/30 VUs  0m22.0s/4m30.0s

running (0m23.0s), 12/30 VUs, 444 complete and 0 interrupted iterations
default   [   9% ] 12/30 VUs  0m23.0s/4m30.0s

running (0m24.0s), 12/30 VUs, 479 complete and 0 interrupted iterations
default   [   9% ] 12/30 VUs  0m24.0s/4m30.0s

running (0m25.0s), 13/30 VUs, 484 complete and 0 interrupted iterations
default   [   9% ] 13/30 VUs  0m25.0s/4m30.0s

running (0m26.0s), 13/30 VUs, 499 complete and 0 interrupted iterations
default   [  10% ] 13/30 VUs  0m26.0s/4m30.0s

running (0m27.0s), 14/30 VUs, 528 complete and 0 interrupted iterations
default   [  10% ] 14/30 VUs  0m27.0s/4m30.0s

running (0m28.0s), 14/30 VUs, 579 complete and 0 interrupted iterations
default   [  10% ] 14/30 VUs  0m28.0s/4m30.0s

running (0m29.0s), 15/30 VUs, 616 complete and 0 interrupted iterations
default   [  11% ] 15/30 VUs  0m29.0s/4m30.0s

running (0m30.0s), 15/30 VUs, 619 complete and 0 interrupted iterations
default   [  11% ] 15/30 VUs  0m30.0s/4m30.0s

running (0m31.0s), 15/30 VUs, 626 complete and 0 interrupted iterations
default   [  11% ] 15/30 VUs  0m31.0s/4m30.0s

running (0m32.0s), 16/30 VUs, 673 complete and 0 interrupted iterations
default   [  12% ] 16/30 VUs  0m32.0s/4m30.0s

running (0m33.0s), 16/30 VUs, 715 complete and 0 interrupted iterations
default   [  12% ] 16/30 VUs  0m33.0s/4m30.0s

running (0m34.0s), 17/30 VUs, 747 complete and 0 interrupted iterations
default   [  13% ] 17/30 VUs  0m34.0s/4m30.0s

running (0m35.0s), 17/30 VUs, 807 complete and 0 interrupted iterations
default   [  13% ] 17/30 VUs  0m35.0s/4m30.0s

running (0m36.0s), 18/30 VUs, 875 complete and 0 interrupted iterations
default   [  13% ] 18/30 VUs  0m36.0s/4m30.0s

running (0m37.0s), 18/30 VUs, 925 complete and 0 interrupted iterations
default   [  14% ] 18/30 VUs  0m37.0s/4m30.0s

running (0m38.0s), 19/30 VUs, 964 complete and 0 interrupted iterations
default   [  14% ] 19/30 VUs  0m38.0s/4m30.0s

running (0m39.0s), 19/30 VUs, 976 complete and 0 interrupted iterations
default   [  14% ] 19/30 VUs  0m39.0s/4m30.0s

running (0m40.0s), 20/30 VUs, 1023 complete and 0 interrupted iterations
default   [  15% ] 20/30 VUs  0m40.0s/4m30.0s

running (0m41.0s), 20/30 VUs, 1062 complete and 0 interrupted iterations
default   [  15% ] 20/30 VUs  0m41.0s/4m30.0s

running (0m42.0s), 21/30 VUs, 1063 complete and 0 interrupted iterations
default   [  16% ] 21/30 VUs  0m42.0s/4m30.0s

running (0m43.0s), 21/30 VUs, 1064 complete and 0 interrupted iterations
default   [  16% ] 21/30 VUs  0m43.0s/4m30.0s

running (0m44.0s), 22/30 VUs, 1090 complete and 0 interrupted iterations
default   [  16% ] 22/30 VUs  0m44.0s/4m30.0s

running (0m45.0s), 22/30 VUs, 1144 complete and 0 interrupted iterations
default   [  17% ] 22/30 VUs  0m45.0s/4m30.0s

running (0m46.0s), 23/30 VUs, 1156 complete and 0 interrupted iterations
default   [  17% ] 23/30 VUs  0m46.0s/4m30.0s

running (0m47.0s), 23/30 VUs, 1156 complete and 0 interrupted iterations
default   [  17% ] 23/30 VUs  0m47.0s/4m30.0s

running (0m48.0s), 24/30 VUs, 1187 complete and 0 interrupted iterations
default   [  18% ] 24/30 VUs  0m48.0s/4m30.0s

running (0m49.0s), 24/30 VUs, 1221 complete and 0 interrupted iterations
default   [  18% ] 24/30 VUs  0m49.0s/4m30.0s

running (0m50.0s), 25/30 VUs, 1250 complete and 0 interrupted iterations
default   [  19% ] 25/30 VUs  0m50.0s/4m30.0s

running (0m51.0s), 25/30 VUs, 1260 complete and 0 interrupted iterations
default   [  19% ] 25/30 VUs  0m51.0s/4m30.0s

running (0m52.0s), 26/30 VUs, 1289 complete and 0 interrupted iterations
default   [  19% ] 26/30 VUs  0m52.0s/4m30.0s

running (0m53.0s), 26/30 VUs, 1313 complete and 0 interrupted iterations
default   [  20% ] 26/30 VUs  0m53.0s/4m30.0s

running (0m54.0s), 27/30 VUs, 1326 complete and 0 interrupted iterations
default   [  20% ] 27/30 VUs  0m54.0s/4m30.0s

running (0m55.0s), 27/30 VUs, 1330 complete and 0 interrupted iterations
default   [  20% ] 27/30 VUs  0m55.0s/4m30.0s

running (0m56.0s), 28/30 VUs, 1342 complete and 0 interrupted iterations
default   [  21% ] 28/30 VUs  0m56.0s/4m30.0s

running (0m57.0s), 28/30 VUs, 1372 complete and 0 interrupted iterations
default   [  21% ] 28/30 VUs  0m57.0s/4m30.0s

running (0m58.0s), 29/30 VUs, 1388 complete and 0 interrupted iterations
default   [  21% ] 29/30 VUs  0m58.0s/4m30.0s

running (0m59.0s), 29/30 VUs, 1408 complete and 0 interrupted iterations
default   [  22% ] 29/30 VUs  0m59.0s/4m30.0s

running (1m00.0s), 29/30 VUs, 1410 complete and 0 interrupted iterations
default   [  22% ] 29/30 VUs  1m00.0s/4m30.0s

running (1m01.0s), 30/30 VUs, 1451 complete and 0 interrupted iterations
default   [  23% ] 30/30 VUs  1m01.0s/4m30.0s

running (1m02.0s), 30/30 VUs, 1462 complete and 0 interrupted iterations
default   [  23% ] 30/30 VUs  1m02.0s/4m30.0s

running (1m03.0s), 30/30 VUs, 1462 complete and 0 interrupted iterations
default   [  23% ] 30/30 VUs  1m03.0s/4m30.0s

running (1m04.0s), 30/30 VUs, 1489 complete and 0 interrupted iterations
default   [  24% ] 30/30 VUs  1m04.0s/4m30.0s

running (1m05.0s), 30/30 VUs, 1532 complete and 0 interrupted iterations
default   [  24% ] 30/30 VUs  1m05.0s/4m30.0s

running (1m06.0s), 30/30 VUs, 1559 complete and 0 interrupted iterations
default   [  24% ] 30/30 VUs  1m06.0s/4m30.0s

running (1m07.0s), 30/30 VUs, 1567 complete and 0 interrupted iterations
default   [  25% ] 30/30 VUs  1m07.0s/4m30.0s

running (1m08.0s), 30/30 VUs, 1570 complete and 0 interrupted iterations
default   [  25% ] 30/30 VUs  1m08.0s/4m30.0s

running (1m09.0s), 30/30 VUs, 1571 complete and 0 interrupted iterations
default   [  26% ] 30/30 VUs  1m09.0s/4m30.0s

running (1m10.0s), 30/30 VUs, 1573 complete and 0 interrupted iterations
default   [  26% ] 30/30 VUs  1m10.0s/4m30.0s

running (1m11.0s), 30/30 VUs, 1575 complete and 0 interrupted iterations
default   [  26% ] 30/30 VUs  1m11.0s/4m30.0s

running (1m12.0s), 30/30 VUs, 1595 complete and 0 interrupted iterations
default   [  27% ] 30/30 VUs  1m12.0s/4m30.0s

running (1m13.0s), 30/30 VUs, 1616 complete and 0 interrupted iterations
default   [  27% ] 30/30 VUs  1m13.0s/4m30.0s

running (1m14.0s), 30/30 VUs, 1621 complete and 0 interrupted iterations
default   [  27% ] 30/30 VUs  1m14.0s/4m30.0s

running (1m15.0s), 30/30 VUs, 1621 complete and 0 interrupted iterations
default   [  28% ] 30/30 VUs  1m15.0s/4m30.0s

running (1m16.0s), 30/30 VUs, 1653 complete and 0 interrupted iterations
default   [  28% ] 30/30 VUs  1m16.0s/4m30.0s

running (1m17.0s), 30/30 VUs, 1700 complete and 0 interrupted iterations
default   [  29% ] 30/30 VUs  1m17.0s/4m30.0s

running (1m18.0s), 30/30 VUs, 1713 complete and 0 interrupted iterations
default   [  29% ] 30/30 VUs  1m18.0s/4m30.0s

running (1m19.0s), 30/30 VUs, 1715 complete and 0 interrupted iterations
default   [  29% ] 30/30 VUs  1m19.0s/4m30.0s

running (1m20.0s), 30/30 VUs, 1722 complete and 0 interrupted iterations
default   [  30% ] 30/30 VUs  1m20.0s/4m30.0s

running (1m21.0s), 30/30 VUs, 1758 complete and 0 interrupted iterations
default   [  30% ] 30/30 VUs  1m21.0s/4m30.0s

running (1m22.0s), 30/30 VUs, 1812 complete and 0 interrupted iterations
default   [  30% ] 30/30 VUs  1m22.0s/4m30.0s

running (1m23.0s), 30/30 VUs, 1818 complete and 0 interrupted iterations
default   [  31% ] 30/30 VUs  1m23.0s/4m30.0s

running (1m24.0s), 30/30 VUs, 1823 complete and 0 interrupted iterations
default   [  31% ] 30/30 VUs  1m24.0s/4m30.0s

running (1m25.0s), 30/30 VUs, 1835 complete and 0 interrupted iterations
default   [  31% ] 30/30 VUs  1m25.0s/4m30.0s

running (1m26.0s), 30/30 VUs, 1835 complete and 0 interrupted iterations
default   [  32% ] 30/30 VUs  1m26.0s/4m30.0s

running (1m27.0s), 30/30 VUs, 1840 complete and 0 interrupted iterations
default   [  32% ] 30/30 VUs  1m27.0s/4m30.0s

running (1m28.0s), 30/30 VUs, 1875 complete and 0 interrupted iterations
default   [  33% ] 30/30 VUs  1m28.0s/4m30.0s

running (1m29.0s), 30/30 VUs, 1905 complete and 0 interrupted iterations
default   [  33% ] 30/30 VUs  1m29.0s/4m30.0s

running (1m30.0s), 30/30 VUs, 1939 complete and 0 interrupted iterations
default   [  33% ] 30/30 VUs  1m30.0s/4m30.0s

running (1m31.0s), 30/30 VUs, 1947 complete and 0 interrupted iterations
default   [  34% ] 30/30 VUs  1m31.0s/4m30.0s

running (1m32.0s), 30/30 VUs, 1998 complete and 0 interrupted iterations
default   [  34% ] 30/30 VUs  1m32.0s/4m30.0s

running (1m33.0s), 30/30 VUs, 2022 complete and 0 interrupted iterations
default   [  34% ] 30/30 VUs  1m33.0s/4m30.0s

running (1m34.0s), 30/30 VUs, 2047 complete and 0 interrupted iterations
default   [  35% ] 30/30 VUs  1m34.0s/4m30.0s

running (1m35.0s), 30/30 VUs, 2068 complete and 0 interrupted iterations
default   [  35% ] 30/30 VUs  1m35.0s/4m30.0s

running (1m36.0s), 30/30 VUs, 2101 complete and 0 interrupted iterations
default   [  36% ] 30/30 VUs  1m36.0s/4m30.0s

running (1m37.0s), 30/30 VUs, 2143 complete and 0 interrupted iterations
default   [  36% ] 30/30 VUs  1m37.0s/4m30.0s

running (1m38.0s), 30/30 VUs, 2169 complete and 0 interrupted iterations
default   [  36% ] 30/30 VUs  1m38.0s/4m30.0s

running (1m39.0s), 30/30 VUs, 2192 complete and 0 interrupted iterations
default   [  37% ] 30/30 VUs  1m39.0s/4m30.0s

running (1m40.0s), 30/30 VUs, 2227 complete and 0 interrupted iterations
default   [  37% ] 30/30 VUs  1m40.0s/4m30.0s

running (1m41.0s), 30/30 VUs, 2273 complete and 0 interrupted iterations
default   [  37% ] 30/30 VUs  1m41.0s/4m30.0s

running (1m42.0s), 30/30 VUs, 2279 complete and 0 interrupted iterations
default   [  38% ] 30/30 VUs  1m42.0s/4m30.0s

running (1m43.0s), 30/30 VUs, 2279 complete and 0 interrupted iterations
default   [  38% ] 30/30 VUs  1m43.0s/4m30.0s

running (1m44.0s), 30/30 VUs, 2312 complete and 0 interrupted iterations
default   [  39% ] 30/30 VUs  1m44.0s/4m30.0s

running (1m45.0s), 30/30 VUs, 2344 complete and 0 interrupted iterations
default   [  39% ] 30/30 VUs  1m45.0s/4m30.0s

running (1m46.0s), 30/30 VUs, 2389 complete and 0 interrupted iterations
default   [  39% ] 30/30 VUs  1m46.0s/4m30.0s

running (1m47.0s), 30/30 VUs, 2419 complete and 0 interrupted iterations
default   [  40% ] 30/30 VUs  1m47.0s/4m30.0s

running (1m48.0s), 30/30 VUs, 2442 complete and 0 interrupted iterations
default   [  40% ] 30/30 VUs  1m48.0s/4m30.0s

running (1m49.0s), 30/30 VUs, 2450 complete and 0 interrupted iterations
default   [  40% ] 30/30 VUs  1m49.0s/4m30.0s

running (1m50.0s), 30/30 VUs, 2473 complete and 0 interrupted iterations
default   [  41% ] 30/30 VUs  1m50.0s/4m30.0s

running (1m51.0s), 30/30 VUs, 2481 complete and 0 interrupted iterations
default   [  41% ] 30/30 VUs  1m51.0s/4m30.0s

running (1m52.0s), 30/30 VUs, 2483 complete and 0 interrupted iterations
default   [  41% ] 30/30 VUs  1m52.0s/4m30.0s

running (1m53.0s), 30/30 VUs, 2495 complete and 0 interrupted iterations
default   [  42% ] 30/30 VUs  1m53.0s/4m30.0s

running (1m54.0s), 30/30 VUs, 2531 complete and 0 interrupted iterations
default   [  42% ] 30/30 VUs  1m54.0s/4m30.0s

running (1m55.0s), 30/30 VUs, 2557 complete and 0 interrupted iterations
default   [  43% ] 30/30 VUs  1m55.0s/4m30.0s

running (1m56.0s), 30/30 VUs, 2557 complete and 0 interrupted iterations
default   [  43% ] 30/30 VUs  1m56.0s/4m30.0s

running (1m57.0s), 30/30 VUs, 2579 complete and 0 interrupted iterations
default   [  43% ] 30/30 VUs  1m57.0s/4m30.0s

running (1m58.0s), 30/30 VUs, 2602 complete and 0 interrupted iterations
default   [  44% ] 30/30 VUs  1m58.0s/4m30.0s

running (1m59.0s), 30/30 VUs, 2602 complete and 0 interrupted iterations
default   [  44% ] 30/30 VUs  1m59.0s/4m30.0s

running (2m00.0s), 30/30 VUs, 2620 complete and 0 interrupted iterations
default   [  44% ] 30/30 VUs  2m00.0s/4m30.0s

running (2m01.0s), 30/30 VUs, 2647 complete and 0 interrupted iterations
default   [  45% ] 30/30 VUs  2m01.0s/4m30.0s

running (2m02.0s), 30/30 VUs, 2690 complete and 0 interrupted iterations
default   [  45% ] 30/30 VUs  2m02.0s/4m30.0s

running (2m03.0s), 30/30 VUs, 2732 complete and 0 interrupted iterations
default   [  46% ] 30/30 VUs  2m03.0s/4m30.0s

running (2m04.0s), 30/30 VUs, 2733 complete and 0 interrupted iterations
default   [  46% ] 30/30 VUs  2m04.0s/4m30.0s

running (2m05.0s), 30/30 VUs, 2770 complete and 0 interrupted iterations
default   [  46% ] 30/30 VUs  2m05.0s/4m30.0s

running (2m06.0s), 30/30 VUs, 2793 complete and 0 interrupted iterations
default   [  47% ] 30/30 VUs  2m06.0s/4m30.0s

running (2m07.0s), 30/30 VUs, 2834 complete and 0 interrupted iterations
default   [  47% ] 30/30 VUs  2m07.0s/4m30.0s

running (2m08.0s), 30/30 VUs, 2852 complete and 0 interrupted iterations
default   [  47% ] 30/30 VUs  2m08.0s/4m30.0s

running (2m09.0s), 30/30 VUs, 2852 complete and 0 interrupted iterations
default   [  48% ] 30/30 VUs  2m09.0s/4m30.0s

running (2m10.0s), 30/30 VUs, 2862 complete and 0 interrupted iterations
default   [  48% ] 30/30 VUs  2m10.0s/4m30.0s

running (2m11.0s), 30/30 VUs, 2877 complete and 0 interrupted iterations
default   [  49% ] 30/30 VUs  2m11.0s/4m30.0s

running (2m12.0s), 30/30 VUs, 2877 complete and 0 interrupted iterations
default   [  49% ] 30/30 VUs  2m12.0s/4m30.0s

running (2m13.0s), 30/30 VUs, 2884 complete and 0 interrupted iterations
default   [  49% ] 30/30 VUs  2m13.0s/4m30.0s

running (2m14.0s), 30/30 VUs, 2937 complete and 0 interrupted iterations
default   [  50% ] 30/30 VUs  2m14.0s/4m30.0s

running (2m15.0s), 30/30 VUs, 2945 complete and 0 interrupted iterations
default   [  50% ] 30/30 VUs  2m15.0s/4m30.0s

running (2m16.0s), 30/30 VUs, 2945 complete and 0 interrupted iterations
default   [  50% ] 30/30 VUs  2m16.0s/4m30.0s

running (2m17.0s), 30/30 VUs, 2984 complete and 0 interrupted iterations
default   [  51% ] 30/30 VUs  2m17.0s/4m30.0s

running (2m18.0s), 30/30 VUs, 3013 complete and 0 interrupted iterations
default   [  51% ] 30/30 VUs  2m18.0s/4m30.0s

running (2m19.0s), 30/30 VUs, 3043 complete and 0 interrupted iterations
default   [  51% ] 30/30 VUs  2m19.0s/4m30.0s

running (2m20.0s), 30/30 VUs, 3043 complete and 0 interrupted iterations
default   [  52% ] 30/30 VUs  2m20.0s/4m30.0s

running (2m21.0s), 30/30 VUs, 3043 complete and 0 interrupted iterations
default   [  52% ] 30/30 VUs  2m21.0s/4m30.0s

running (2m22.0s), 30/30 VUs, 3088 complete and 0 interrupted iterations
default   [  53% ] 30/30 VUs  2m22.0s/4m30.0s

running (2m23.0s), 30/30 VUs, 3128 complete and 0 interrupted iterations
default   [  53% ] 30/30 VUs  2m23.0s/4m30.0s

running (2m24.0s), 30/30 VUs, 3146 complete and 0 interrupted iterations
default   [  53% ] 30/30 VUs  2m24.0s/4m30.0s

running (2m25.0s), 30/30 VUs, 3183 complete and 0 interrupted iterations
default   [  54% ] 30/30 VUs  2m25.0s/4m30.0s

running (2m26.0s), 30/30 VUs, 3241 complete and 0 interrupted iterations
default   [  54% ] 30/30 VUs  2m26.0s/4m30.0s

running (2m27.0s), 30/30 VUs, 3257 complete and 0 interrupted iterations
default   [  54% ] 30/30 VUs  2m27.0s/4m30.0s

running (2m28.0s), 30/30 VUs, 3257 complete and 0 interrupted iterations
default   [  55% ] 30/30 VUs  2m28.0s/4m30.0s

running (2m29.0s), 30/30 VUs, 3273 complete and 0 interrupted iterations
default   [  55% ] 30/30 VUs  2m29.0s/4m30.0s

running (2m30.0s), 30/30 VUs, 3340 complete and 0 interrupted iterations
default   [  56% ] 30/30 VUs  2m30.0s/4m30.0s

running (2m31.0s), 30/30 VUs, 3365 complete and 0 interrupted iterations
default   [  56% ] 30/30 VUs  2m31.0s/4m30.0s

running (2m32.0s), 30/30 VUs, 3366 complete and 0 interrupted iterations
default   [  56% ] 30/30 VUs  2m32.0s/4m30.0s

running (2m33.0s), 30/30 VUs, 3417 complete and 0 interrupted iterations
default   [  57% ] 30/30 VUs  2m33.0s/4m30.0s

running (2m34.0s), 30/30 VUs, 3491 complete and 0 interrupted iterations
default   [  57% ] 30/30 VUs  2m34.0s/4m30.0s

running (2m35.0s), 30/30 VUs, 3514 complete and 0 interrupted iterations
default   [  57% ] 30/30 VUs  2m35.0s/4m30.0s

running (2m36.0s), 30/30 VUs, 3515 complete and 0 interrupted iterations
default   [  58% ] 30/30 VUs  2m36.0s/4m30.0s

running (2m37.0s), 30/30 VUs, 3557 complete and 0 interrupted iterations
default   [  58% ] 30/30 VUs  2m37.0s/4m30.0s

running (2m38.0s), 30/30 VUs, 3580 complete and 0 interrupted iterations
default   [  59% ] 30/30 VUs  2m38.0s/4m30.0s

running (2m39.0s), 30/30 VUs, 3581 complete and 0 interrupted iterations
default   [  59% ] 30/30 VUs  2m39.0s/4m30.0s

running (2m40.0s), 30/30 VUs, 3587 complete and 0 interrupted iterations
default   [  59% ] 30/30 VUs  2m40.0s/4m30.0s

running (2m41.0s), 30/30 VUs, 3613 complete and 0 interrupted iterations
default   [  60% ] 30/30 VUs  2m41.0s/4m30.0s

running (2m42.0s), 30/30 VUs, 3619 complete and 0 interrupted iterations
default   [  60% ] 30/30 VUs  2m42.0s/4m30.0s

running (2m43.0s), 30/30 VUs, 3619 complete and 0 interrupted iterations
default   [  60% ] 30/30 VUs  2m43.0s/4m30.0s

running (2m44.0s), 30/30 VUs, 3640 complete and 0 interrupted iterations
default   [  61% ] 30/30 VUs  2m44.0s/4m30.0s

running (2m45.0s), 30/30 VUs, 3686 complete and 0 interrupted iterations
default   [  61% ] 30/30 VUs  2m45.0s/4m30.0s

running (2m46.0s), 30/30 VUs, 3740 complete and 0 interrupted iterations
default   [  61% ] 30/30 VUs  2m46.0s/4m30.0s

running (2m47.0s), 30/30 VUs, 3785 complete and 0 interrupted iterations
default   [  62% ] 30/30 VUs  2m47.0s/4m30.0s

running (2m48.0s), 30/30 VUs, 3830 complete and 0 interrupted iterations
default   [  62% ] 30/30 VUs  2m48.0s/4m30.0s

running (2m49.0s), 30/30 VUs, 3841 complete and 0 interrupted iterations
default   [  63% ] 30/30 VUs  2m49.0s/4m30.0s

running (2m50.0s), 30/30 VUs, 3860 complete and 0 interrupted iterations
default   [  63% ] 30/30 VUs  2m50.0s/4m30.0s

running (2m51.0s), 30/30 VUs, 3887 complete and 0 interrupted iterations
default   [  63% ] 30/30 VUs  2m51.0s/4m30.0s

running (2m52.0s), 30/30 VUs, 3888 complete and 0 interrupted iterations
default   [  64% ] 30/30 VUs  2m52.0s/4m30.0s

running (2m53.0s), 30/30 VUs, 3891 complete and 0 interrupted iterations
default   [  64% ] 30/30 VUs  2m53.0s/4m30.0s

running (2m54.0s), 30/30 VUs, 3950 complete and 0 interrupted iterations
default   [  64% ] 30/30 VUs  2m54.0s/4m30.0s

running (2m55.0s), 30/30 VUs, 3980 complete and 0 interrupted iterations
default   [  65% ] 30/30 VUs  2m55.0s/4m30.0s

running (2m56.0s), 30/30 VUs, 4012 complete and 0 interrupted iterations
default   [  65% ] 30/30 VUs  2m56.0s/4m30.0s

running (2m57.0s), 30/30 VUs, 4058 complete and 0 interrupted iterations
default   [  66% ] 30/30 VUs  2m57.0s/4m30.0s

running (2m58.0s), 30/30 VUs, 4066 complete and 0 interrupted iterations
default   [  66% ] 30/30 VUs  2m58.0s/4m30.0s

running (2m59.0s), 30/30 VUs, 4067 complete and 0 interrupted iterations
default   [  66% ] 30/30 VUs  2m59.0s/4m30.0s

running (3m00.0s), 30/30 VUs, 4092 complete and 0 interrupted iterations
default   [  67% ] 30/30 VUs  3m00.0s/4m30.0s

running (3m01.0s), 30/30 VUs, 4129 complete and 0 interrupted iterations
default   [  67% ] 30/30 VUs  3m01.0s/4m30.0s

running (3m02.0s), 30/30 VUs, 4141 complete and 0 interrupted iterations
default   [  67% ] 30/30 VUs  3m02.0s/4m30.0s

running (3m03.0s), 30/30 VUs, 4146 complete and 0 interrupted iterations
default   [  68% ] 30/30 VUs  3m03.0s/4m30.0s

running (3m04.0s), 30/30 VUs, 4180 complete and 0 interrupted iterations
default   [  68% ] 30/30 VUs  3m04.0s/4m30.0s

running (3m05.0s), 30/30 VUs, 4219 complete and 0 interrupted iterations
default   [  69% ] 30/30 VUs  3m05.0s/4m30.0s

running (3m06.0s), 30/30 VUs, 4227 complete and 0 interrupted iterations
default   [  69% ] 30/30 VUs  3m06.0s/4m30.0s

running (3m07.0s), 30/30 VUs, 4262 complete and 0 interrupted iterations
default   [  69% ] 30/30 VUs  3m07.0s/4m30.0s

running (3m08.0s), 30/30 VUs, 4270 complete and 0 interrupted iterations
default   [  70% ] 30/30 VUs  3m08.0s/4m30.0s

running (3m09.0s), 30/30 VUs, 4270 complete and 0 interrupted iterations
default   [  70% ] 30/30 VUs  3m09.0s/4m30.0s

running (3m10.0s), 30/30 VUs, 4275 complete and 0 interrupted iterations
default   [  70% ] 30/30 VUs  3m10.0s/4m30.0s

running (3m11.0s), 30/30 VUs, 4278 complete and 0 interrupted iterations
default   [  71% ] 30/30 VUs  3m11.0s/4m30.0s

running (3m12.0s), 30/30 VUs, 4278 complete and 0 interrupted iterations
default   [  71% ] 30/30 VUs  3m12.0s/4m30.0s

running (3m13.0s), 30/30 VUs, 4297 complete and 0 interrupted iterations
default   [  71% ] 30/30 VUs  3m13.0s/4m30.0s

running (3m14.0s), 30/30 VUs, 4298 complete and 0 interrupted iterations
default   [  72% ] 30/30 VUs  3m14.0s/4m30.0s

running (3m15.0s), 30/30 VUs, 4299 complete and 0 interrupted iterations
default   [  72% ] 30/30 VUs  3m15.0s/4m30.0s

running (3m16.0s), 30/30 VUs, 4320 complete and 0 interrupted iterations
default   [  73% ] 30/30 VUs  3m16.0s/4m30.0s

running (3m17.0s), 30/30 VUs, 4344 complete and 0 interrupted iterations
default   [  73% ] 30/30 VUs  3m17.0s/4m30.0s

running (3m18.0s), 30/30 VUs, 4361 complete and 0 interrupted iterations
default   [  73% ] 30/30 VUs  3m18.0s/4m30.0s

running (3m19.0s), 30/30 VUs, 4370 complete and 0 interrupted iterations
default   [  74% ] 30/30 VUs  3m19.0s/4m30.0s

running (3m20.0s), 30/30 VUs, 4386 complete and 0 interrupted iterations
default   [  74% ] 30/30 VUs  3m20.0s/4m30.0s

running (3m21.0s), 30/30 VUs, 4396 complete and 0 interrupted iterations
default   [  74% ] 30/30 VUs  3m21.0s/4m30.0s

running (3m22.0s), 30/30 VUs, 4443 complete and 0 interrupted iterations
default   [  75% ] 30/30 VUs  3m22.0s/4m30.0s

running (3m23.0s), 30/30 VUs, 4482 complete and 0 interrupted iterations
default   [  75% ] 30/30 VUs  3m23.0s/4m30.0s

running (3m24.0s), 30/30 VUs, 4531 complete and 0 interrupted iterations
default   [  76% ] 30/30 VUs  3m24.0s/4m30.0s

running (3m25.0s), 30/30 VUs, 4572 complete and 0 interrupted iterations
default   [  76% ] 30/30 VUs  3m25.0s/4m30.0s

running (3m26.0s), 30/30 VUs, 4593 complete and 0 interrupted iterations
default   [  76% ] 30/30 VUs  3m26.0s/4m30.0s

running (3m27.0s), 30/30 VUs, 4613 complete and 0 interrupted iterations
default   [  77% ] 30/30 VUs  3m27.0s/4m30.0s

running (3m28.0s), 30/30 VUs, 4637 complete and 0 interrupted iterations
default   [  77% ] 30/30 VUs  3m28.0s/4m30.0s

running (3m29.0s), 30/30 VUs, 4639 complete and 0 interrupted iterations
default   [  77% ] 30/30 VUs  3m29.0s/4m30.0s

running (3m30.0s), 30/30 VUs, 4640 complete and 0 interrupted iterations
default   [  78% ] 30/30 VUs  3m30.0s/4m30.0s

running (3m31.0s), 30/30 VUs, 4662 complete and 0 interrupted iterations
default   [  78% ] 30/30 VUs  3m31.0s/4m30.0s

running (3m32.0s), 30/30 VUs, 4708 complete and 0 interrupted iterations
default   [  79% ] 30/30 VUs  3m32.0s/4m30.0s

running (3m33.0s), 30/30 VUs, 4732 complete and 0 interrupted iterations
default   [  79% ] 30/30 VUs  3m33.0s/4m30.0s

running (3m34.0s), 30/30 VUs, 4734 complete and 0 interrupted iterations
default   [  79% ] 30/30 VUs  3m34.0s/4m30.0s

running (3m35.0s), 30/30 VUs, 4757 complete and 0 interrupted iterations
default   [  80% ] 30/30 VUs  3m35.0s/4m30.0s

running (3m36.0s), 30/30 VUs, 4808 complete and 0 interrupted iterations
default   [  80% ] 30/30 VUs  3m36.0s/4m30.0s

running (3m37.0s), 30/30 VUs, 4808 complete and 0 interrupted iterations
default   [  80% ] 30/30 VUs  3m37.0s/4m30.0s

running (3m38.0s), 30/30 VUs, 4837 complete and 0 interrupted iterations
default   [  81% ] 30/30 VUs  3m38.0s/4m30.0s

running (3m39.0s), 30/30 VUs, 4895 complete and 0 interrupted iterations
default   [  81% ] 30/30 VUs  3m39.0s/4m30.0s

running (3m40.0s), 30/30 VUs, 4946 complete and 0 interrupted iterations
default   [  81% ] 30/30 VUs  3m40.0s/4m30.0s

running (3m41.0s), 30/30 VUs, 4961 complete and 0 interrupted iterations
default   [  82% ] 30/30 VUs  3m41.0s/4m30.0s

running (3m42.0s), 30/30 VUs, 4992 complete and 0 interrupted iterations
default   [  82% ] 30/30 VUs  3m42.0s/4m30.0s

running (3m43.0s), 30/30 VUs, 5031 complete and 0 interrupted iterations
default   [  83% ] 30/30 VUs  3m43.0s/4m30.0s

running (3m44.0s), 30/30 VUs, 5046 complete and 0 interrupted iterations
default   [  83% ] 30/30 VUs  3m44.0s/4m30.0s

running (3m45.0s), 30/30 VUs, 5054 complete and 0 interrupted iterations
default   [  83% ] 30/30 VUs  3m45.0s/4m30.0s

running (3m46.0s), 30/30 VUs, 5090 complete and 0 interrupted iterations
default   [  84% ] 30/30 VUs  3m46.0s/4m30.0s

running (3m47.0s), 30/30 VUs, 5132 complete and 0 interrupted iterations
default   [  84% ] 30/30 VUs  3m47.0s/4m30.0s

running (3m48.0s), 30/30 VUs, 5172 complete and 0 interrupted iterations
default   [  84% ] 30/30 VUs  3m48.0s/4m30.0s

running (3m49.0s), 30/30 VUs, 5186 complete and 0 interrupted iterations
default   [  85% ] 30/30 VUs  3m49.0s/4m30.0s

running (3m50.0s), 30/30 VUs, 5186 complete and 0 interrupted iterations
default   [  85% ] 30/30 VUs  3m50.0s/4m30.0s

running (3m51.0s), 30/30 VUs, 5210 complete and 0 interrupted iterations
default   [  86% ] 30/30 VUs  3m51.0s/4m30.0s

running (3m52.0s), 30/30 VUs, 5240 complete and 0 interrupted iterations
default   [  86% ] 30/30 VUs  3m52.0s/4m30.0s

running (3m53.0s), 30/30 VUs, 5240 complete and 0 interrupted iterations
default   [  86% ] 30/30 VUs  3m53.0s/4m30.0s

running (3m54.0s), 30/30 VUs, 5247 complete and 0 interrupted iterations
default   [  87% ] 30/30 VUs  3m54.0s/4m30.0s

running (3m55.0s), 30/30 VUs, 5293 complete and 0 interrupted iterations
default   [  87% ] 30/30 VUs  3m55.0s/4m30.0s

running (3m56.0s), 30/30 VUs, 5325 complete and 0 interrupted iterations
default   [  87% ] 30/30 VUs  3m56.0s/4m30.0s

running (3m57.0s), 30/30 VUs, 5337 complete and 0 interrupted iterations
default   [  88% ] 30/30 VUs  3m57.0s/4m30.0s

running (3m58.0s), 30/30 VUs, 5351 complete and 0 interrupted iterations
default   [  88% ] 30/30 VUs  3m58.0s/4m30.0s

running (3m59.0s), 30/30 VUs, 5355 complete and 0 interrupted iterations
default   [  89% ] 30/30 VUs  3m59.0s/4m30.0s

running (4m00.0s), 30/30 VUs, 5388 complete and 0 interrupted iterations
default   [  89% ] 30/30 VUs  4m00.0s/4m30.0s

running (4m01.0s), 30/30 VUs, 5415 complete and 0 interrupted iterations
default   [  89% ] 30/30 VUs  4m01.0s/4m30.0s

running (4m02.0s), 30/30 VUs, 5415 complete and 0 interrupted iterations
default   [  90% ] 30/30 VUs  4m02.0s/4m30.0s

running (4m03.0s), 29/30 VUs, 5433 complete and 0 interrupted iterations
default   [  90% ] 29/30 VUs  4m03.0s/4m30.0s

running (4m04.0s), 27/30 VUs, 5488 complete and 0 interrupted iterations
default   [  90% ] 27/30 VUs  4m04.0s/4m30.0s

running (4m05.0s), 26/30 VUs, 5552 complete and 0 interrupted iterations
default   [  91% ] 26/30 VUs  4m05.0s/4m30.0s

running (4m06.0s), 25/30 VUs, 5571 complete and 0 interrupted iterations
default   [  91% ] 25/30 VUs  4m06.0s/4m30.0s

running (4m07.0s), 25/30 VUs, 5571 complete and 0 interrupted iterations
default   [  91% ] 25/30 VUs  4m07.0s/4m30.0s

running (4m08.0s), 23/30 VUs, 5595 complete and 0 interrupted iterations
default   [  92% ] 23/30 VUs  4m08.0s/4m30.0s

running (4m09.0s), 22/30 VUs, 5649 complete and 0 interrupted iterations
default   [  92% ] 22/30 VUs  4m09.0s/4m30.0s

running (4m10.0s), 21/30 VUs, 5710 complete and 0 interrupted iterations
default   [  93% ] 21/30 VUs  4m10.0s/4m30.0s

running (4m11.0s), 20/30 VUs, 5748 complete and 0 interrupted iterations
default   [  93% ] 20/30 VUs  4m11.0s/4m30.0s

running (4m12.0s), 19/30 VUs, 5767 complete and 0 interrupted iterations
default   [  93% ] 19/30 VUs  4m12.0s/4m30.0s

running (4m13.0s), 18/30 VUs, 5791 complete and 0 interrupted iterations
default   [  94% ] 18/30 VUs  4m13.0s/4m30.0s

running (4m14.0s), 18/30 VUs, 5792 complete and 0 interrupted iterations
default   [  94% ] 18/30 VUs  4m14.0s/4m30.0s

running (4m15.0s), 16/30 VUs, 5818 complete and 0 interrupted iterations
default   [  94% ] 16/30 VUs  4m15.0s/4m30.0s

running (4m16.0s), 16/30 VUs, 5847 complete and 0 interrupted iterations
default   [  95% ] 16/30 VUs  4m16.0s/4m30.0s

running (4m17.0s), 15/30 VUs, 5883 complete and 0 interrupted iterations
default   [  95% ] 15/30 VUs  4m17.0s/4m30.0s

running (4m18.0s), 13/30 VUs, 5923 complete and 0 interrupted iterations
default   [  96% ] 13/30 VUs  4m18.0s/4m30.0s

running (4m19.0s), 13/30 VUs, 5928 complete and 0 interrupted iterations
default   [  96% ] 13/30 VUs  4m19.0s/4m30.0s

running (4m20.0s), 12/30 VUs, 5936 complete and 0 interrupted iterations
default   [  96% ] 12/30 VUs  4m20.0s/4m30.0s

running (4m21.0s), 11/30 VUs, 5950 complete and 0 interrupted iterations
default   [  97% ] 11/30 VUs  4m21.0s/4m30.0s

running (4m22.0s), 10/30 VUs, 5981 complete and 0 interrupted iterations
default   [  97% ] 10/30 VUs  4m22.0s/4m30.0s

running (4m23.0s), 08/30 VUs, 5996 complete and 0 interrupted iterations
default   [  97% ] 08/30 VUs  4m23.0s/4m30.0s

running (4m24.0s), 08/30 VUs, 5996 complete and 0 interrupted iterations
default   [  98% ] 08/30 VUs  4m24.0s/4m30.0s

running (4m25.0s), 06/30 VUs, 6010 complete and 0 interrupted iterations
default   [  98% ] 06/30 VUs  4m25.0s/4m30.0s

running (4m26.0s), 05/30 VUs, 6032 complete and 0 interrupted iterations
default   [  99% ] 05/30 VUs  4m26.0s/4m30.0s

running (4m27.0s), 04/30 VUs, 6046 complete and 0 interrupted iterations
default   [  99% ] 04/30 VUs  4m27.0s/4m30.0s

running (4m28.0s), 03/30 VUs, 6060 complete and 0 interrupted iterations
default   [  99% ] 03/30 VUs  4m28.0s/4m30.0s

running (4m29.0s), 02/30 VUs, 6068 complete and 0 interrupted iterations
default   [ 100% ] 02/30 VUs  4m29.0s/4m30.0s

running (4m30.0s), 01/30 VUs, 6071 complete and 0 interrupted iterations
default   [ 100% ] 01/30 VUs  4m30.0s/4m30.0s

running (4m31.0s), 01/30 VUs, 6071 complete and 0 interrupted iterations
default ↓ [ 100% ] 01/30 VUs  4m30s

running (4m32.0s), 01/30 VUs, 6071 complete and 0 interrupted iterations
default ↓ [ 100% ] 01/30 VUs  4m30s

     ✗ status 200
      ↳  93% — ✓ 5656 / ✗ 416

     checks.........................: 93.14% ✓ 5656      ✗ 416 
     data_received..................: 1.7 MB 6.4 kB/s
     data_sent......................: 1.1 MB 4.0 kB/s
     http_req_blocked...............: avg=8.85µs   min=1.69µs  med=5.31µs   max=1ms      p(90)=8.4µs    p(95)=10.18µs 
     http_req_connecting............: avg=1.86µs   min=0s      med=0s       max=640.73µs p(90)=0s       p(95)=0s      
   ✓ http_req_duration..............: avg=914.92ms min=1.63ms  med=434.53ms max=8.05s    p(90)=2.66s    p(95)=3s      
       { expected_response:true }...: avg=924.65ms min=20.42ms med=444.92ms max=8.05s    p(90)=2.67s    p(95)=3.02s   
   ✓ http_req_failed................: 6.85%  ✓ 416       ✗ 5656
     http_req_receiving.............: avg=134.94µs min=23.04µs med=102.93µs max=10.23ms  p(90)=152.61µs p(95)=219.42µs
     http_req_sending...............: avg=49.04µs  min=8.63µs  med=44.24µs  max=1.22ms   p(90)=84µs     p(95)=98.25µs 
     http_req_tls_handshaking.......: avg=0s       min=0s      med=0s       max=0s       p(90)=0s       p(95)=0s      
     http_req_waiting...............: avg=914.73ms min=1.54ms  med=434.37ms max=8.05s    p(90)=2.66s    p(95)=3s      
     http_reqs......................: 6072   22.323948/s
     iteration_duration.............: avg=1.11s    min=56.19ms med=642.59ms max=8.27s    p(90)=2.87s    p(95)=3.23s   
     iterations.....................: 6072   22.323948/s
     test_errors....................: 416    1.52944/s
     test_latency_ms................: avg=915.08ms min=1ms     med=435ms    max=8.05s    p(90)=2.66s    p(95)=3s      
     test_slow_requests.............: 1052   3.86772/s
     vus............................: 1      min=1       max=30
     vus_max........................: 30     min=30      max=30


running (4m32.0s), 00/30 VUs, 6072 complete and 0 interrupted iterations
default ✓ [ 100% ] 00/30 VUs  4m30s
